CompilerOracle: dontinline org/apache/cassandra/db/Columns$Serializer.deserializeLargeSubset (Lorg/apache/cassandra/io/util/DataInputPlus;Lorg/apache/cassandra/db/Columns;I)Lorg/apache/cassandra/db/Columns;
CompilerOracle: dontinline org/apache/cassandra/db/Columns$Serializer.serializeLargeSubset (Ljava/util/Collection;ILorg/apache/cassandra/db/Columns;ILorg/apache/cassandra/io/util/DataOutputPlus;)V
CompilerOracle: dontinline org/apache/cassandra/db/Columns$Serializer.serializeLargeSubsetSize (Ljava/util/Collection;ILorg/apache/cassandra/db/Columns;I)I
CompilerOracle: dontinline org/apache/cassandra/db/commitlog/AbstractCommitLogSegmentManager.advanceAllocatingFrom (Lorg/apache/cassandra/db/commitlog/CommitLogSegment;)V
CompilerOracle: dontinline org/apache/cassandra/db/transform/BaseIterator.tryGetMoreContents ()Z
CompilerOracle: dontinline org/apache/cassandra/db/transform/StoppingTransformation.stop ()V
CompilerOracle: dontinline org/apache/cassandra/db/transform/StoppingTransformation.stopInPartition ()V
CompilerOracle: dontinline org/apache/cassandra/io/util/BufferedDataOutputStreamPlus.doFlush (I)V
CompilerOracle: dontinline org/apache/cassandra/io/util/BufferedDataOutputStreamPlus.writeSlow (JI)V
CompilerOracle: dontinline org/apache/cassandra/io/util/RebufferingInputStream.readPrimitiveSlowly (I)J
CompilerOracle: exclude org/apache/cassandra/utils/JVMStabilityInspector.forceHeapSpaceOomMaybe (Ljava/lang/OutOfMemoryError;)V
CompilerOracle: inline org/apache/cassandra/db/rows/UnfilteredSerializer.serializeRowBody (Lorg/apache/cassandra/db/rows/Row;ILorg/apache/cassandra/db/rows/SerializationHelper;Lorg/apache/cassandra/io/util/DataOutputPlus;)V
CompilerOracle: inline org/apache/cassandra/io/util/Memory.checkBounds (JJ)V
CompilerOracle: inline org/apache/cassandra/io/util/SafeMemory.checkBounds (JJ)V
CompilerOracle: inline org/apache/cassandra/net/FrameDecoderWith8bHeader.decode (Ljava/util/Collection;Lorg/apache/cassandra/net/ShareableBytes;I)V
CompilerOracle: inline org/apache/cassandra/service/reads/repair/RowIteratorMergeListener.applyToPartition (ILjava/util/function/Consumer;)V
CompilerOracle: inline org/apache/cassandra/utils/AsymmetricOrdering.selectBoundary (Lorg/apache/cassandra/utils/AsymmetricOrdering/Op;II)I
CompilerOracle: inline org/apache/cassandra/utils/AsymmetricOrdering.strictnessOfLessThan (Lorg/apache/cassandra/utils/AsymmetricOrdering/Op;)I
CompilerOracle: inline org/apache/cassandra/utils/BloomFilter.indexes (Lorg/apache/cassandra/utils/IFilter/FilterKey;)[J
CompilerOracle: inline org/apache/cassandra/utils/BloomFilter.setIndexes (JJIJ[J)V
CompilerOracle: inline org/apache/cassandra/utils/ByteBufferUtil.compare (Ljava/nio/ByteBuffer;[B)I
CompilerOracle: inline org/apache/cassandra/utils/ByteBufferUtil.compare ([BLjava/nio/ByteBuffer;)I
CompilerOracle: inline org/apache/cassandra/utils/ByteBufferUtil.compareUnsigned (Ljava/nio/ByteBuffer;Ljava/nio/ByteBuffer;)I
CompilerOracle: inline org/apache/cassandra/utils/FastByteOperations$UnsafeOperations.compareTo (Ljava/lang/Object;JILjava/lang/Object;JI)I
CompilerOracle: inline org/apache/cassandra/utils/FastByteOperations$UnsafeOperations.compareTo (Ljava/lang/Object;JILjava/nio/ByteBuffer;)I
CompilerOracle: inline org/apache/cassandra/utils/FastByteOperations$UnsafeOperations.compareTo (Ljava/nio/ByteBuffer;Ljava/nio/ByteBuffer;)I
CompilerOracle: inline org/apache/cassandra/utils/memory/BufferPool$LocalPool.tryGetInternal (IZ)Ljava/nio/ByteBuffer;
CompilerOracle: inline org/apache/cassandra/utils/vint/VIntCoding.encodeUnsignedVInt (JI)[B
CompilerOracle: inline org/apache/cassandra/utils/vint/VIntCoding.encodeUnsignedVInt (JI[B)V
CompilerOracle: inline org/apache/cassandra/utils/vint/VIntCoding.writeUnsignedVInt (JLjava/io/DataOutput;)V
CompilerOracle: inline org/apache/cassandra/utils/vint/VIntCoding.writeUnsignedVInt (JLjava/nio/ByteBuffer;)V
CompilerOracle: inline org/apache/cassandra/utils/vint/VIntCoding.writeVInt (JLjava/io/DataOutput;)V
Listening for transport dt_socket at address: 2200
WARN  [main] 2022-02-08 17:25:46,995 DatabaseDescriptor.java:209 - [msx] Printing stack trace:
WARN  [main] 2022-02-08 17:25:46,998 DatabaseDescriptor.java:213 - 	at org.apache.cassandra.config.DatabaseDescriptor.daemonInitialization(DatabaseDescriptor.java:210)
WARN  [main] 2022-02-08 17:25:46,998 DatabaseDescriptor.java:213 - 	at org.apache.cassandra.config.DatabaseDescriptor.daemonInitialization(DatabaseDescriptor.java:203)
WARN  [main] 2022-02-08 17:25:46,998 DatabaseDescriptor.java:213 - 	at org.apache.cassandra.service.CassandraDaemon.applyConfig(CassandraDaemon.java:821)
WARN  [main] 2022-02-08 17:25:46,998 DatabaseDescriptor.java:213 - 	at org.apache.cassandra.service.CassandraDaemon.activate(CassandraDaemon.java:757)
WARN  [main] 2022-02-08 17:25:46,998 DatabaseDescriptor.java:213 - 	at org.apache.cassandra.service.CassandraDaemon.main(CassandraDaemon.java:892)
INFO  [main] 2022-02-08 17:25:47,003 YamlConfigurationLoader.java:97 - Configuration location: file:/tmp/dtest-qai5g6wo/test/node2/conf/cassandra.yaml
INFO  [main] 2022-02-08 17:25:47,502 Config.java:839 - Node configuration:[allocate_tokens_for_keyspace=null; allocate_tokens_for_local_replication_factor=3; audit_logging_options=AuditLogOptions{enabled=false, logger='BinAuditLogger', included_keyspaces='', excluded_keyspaces='system,system_schema,system_virtual_schema', included_categories='', excluded_categories='', included_users='', excluded_users='', audit_logs_dir='/tmp/dtest-qai5g6wo/test/node2/logs/audit/', archive_command='', roll_cycle='HOURLY', block=true, max_queue_weight=268435456, max_log_size=17179869184}; authenticator=org.apache.cassandra.auth.PasswordAuthenticator; authorizer=org.apache.cassandra.auth.CassandraAuthorizer; auto_bootstrap=false; auto_optimise_full_repair_streams=false; auto_optimise_inc_repair_streams=false; auto_optimise_preview_repair_streams=false; auto_snapshot=true; autocompaction_on_startup_enabled=true; automatic_sstable_upgrade=false; back_pressure_enabled=false; back_pressure_strategy=null; batch_size_fail_threshold_in_kb=50; batch_size_warn_threshold_in_kb=5; batchlog_replay_throttle_in_kb=1024; block_for_peers_in_remote_dcs=false; block_for_peers_timeout_in_secs=10; broadcast_address=null; broadcast_rpc_address=null; buffer_pool_use_heap_if_exhausted=false; cache_load_timeout_seconds=30; cas_contention_timeout_in_ms=1000; cdc_enabled=false; cdc_free_space_check_interval_ms=250; cdc_raw_directory=/tmp/dtest-qai5g6wo/test/node2/cdc_raw; cdc_total_space_in_mb=0; check_for_duplicate_rows_during_compaction=true; check_for_duplicate_rows_during_reads=true; client_encryption_options=<REDACTED>; cluster_name=test; column_index_cache_size_in_kb=2; column_index_size_in_kb=64; commit_failure_policy=stop; commitlog_compression=null; commitlog_directory=/tmp/dtest-qai5g6wo/test/node2/commitlogs; commitlog_max_compression_buffers_in_pool=3; commitlog_periodic_queue_size=-1; commitlog_segment_size_in_mb=32; commitlog_sync=periodic; commitlog_sync_batch_window_in_ms=NaN; commitlog_sync_group_window_in_ms=NaN; commitlog_sync_period_in_ms=10000; commitlog_total_space_in_mb=null; compaction_large_partition_warning_threshold_mb=100; compaction_throughput_mb_per_sec=64; componentId=2; componentType=CassandraDaemon; concurrent_compactors=null; concurrent_counter_writes=32; concurrent_materialized_view_builders=1; concurrent_materialized_view_writes=32; concurrent_reads=32; concurrent_replicates=null; concurrent_validations=0; concurrent_writes=32; consecutive_message_errors_threshold=1; corrupted_tombstone_strategy=exception; counter_cache_keys_to_save=2147483647; counter_cache_save_period=7200; counter_cache_size_in_mb=null; counter_write_request_timeout_in_ms=5000; credentials_cache_max_entries=1000; credentials_update_interval_in_ms=-1; credentials_validity_in_ms=2000; cross_node_timeout=true; data_file_directories=[Ljava.lang.String;@19e4653c; diagnostic_events_enabled=false; disk_access_mode=auto; disk_failure_policy=stop; disk_optimization_estimate_percentile=0.95; disk_optimization_page_cross_chance=0.1; disk_optimization_strategy=ssd; dynamic_snitch=true; dynamic_snitch_badness_threshold=1.0; dynamic_snitch_reset_interval_in_ms=600000; dynamic_snitch_update_interval_in_ms=100; enable_drop_compact_storage=false; enable_materialized_views=false; enable_sasi_indexes=false; enable_scripted_user_defined_functions=false; enable_transient_replication=false; enable_user_defined_functions=false; enable_user_defined_functions_threads=true; endpoint_snitch=org.apache.cassandra.locator.PropertyFileSnitch; file_cache_enabled=false; file_cache_round_up=null; file_cache_size_in_mb=null; flush_compression=fast; full_query_logging_options=FullQueryLoggerOptions{log_dir='', archive_command='', roll_cycle='HOURLY', block=true, max_queue_weight=268435456, max_log_size=17179869184}; gc_log_threshold_in_ms=200; gc_warn_threshold_in_ms=1000; hinted_handoff_disabled_datacenters=[]; hinted_handoff_enabled=true; hinted_handoff_throttle_in_kb=1024; hints_compression=null; hints_directory=/tmp/dtest-qai5g6wo/test/node2/hints; hints_flush_period_in_ms=10000; ideal_consistency_level=null; incremental_backups=false; index_summary_capacity_in_mb=null; index_summary_resize_interval_in_minutes=60; initial_range_tombstone_list_allocation_size=1; initial_token=-9223372036854775708; inter_dc_stream_throughput_outbound_megabits_per_sec=200; inter_dc_tcp_nodelay=false; internode_application_receive_queue_capacity_in_bytes=4194304; internode_application_receive_queue_reserve_endpoint_capacity_in_bytes=134217728; internode_application_receive_queue_reserve_global_capacity_in_bytes=536870912; internode_application_send_queue_capacity_in_bytes=4194304; internode_application_send_queue_reserve_endpoint_capacity_in_bytes=134217728; internode_application_send_queue_reserve_global_capacity_in_bytes=536870912; internode_authenticator=null; internode_compression=dc; internode_max_message_size_in_bytes=null; internode_socket_receive_buffer_size_in_bytes=0; internode_socket_send_buffer_size_in_bytes=0; internode_streaming_tcp_user_timeout_in_ms=300000; internode_tcp_connect_timeout_in_ms=2000; internode_tcp_user_timeout_in_ms=30000; key_cache_keys_to_save=2147483647; key_cache_migrate_during_compaction=true; key_cache_save_period=14400; key_cache_size_in_mb=null; keyspace_count_warn_threshold=40; listen_address=127.0.0.2; listen_interface=null; listen_interface_prefer_ipv6=false; listen_on_broadcast_address=false; local_system_data_file_directory=null; max_concurrent_automatic_sstable_upgrades=1; max_hint_window_in_ms=10800000; max_hints_delivery_threads=2; max_hints_file_size_in_mb=128; max_mutation_size_in_kb=null; max_streaming_retries=3; max_value_size_in_mb=256; memtable_allocation_type=heap_buffers; memtable_cleanup_threshold=null; memtable_flush_writers=0; memtable_heap_space_in_mb=null; memtable_offheap_space_in_mb=null; min_free_space_per_drive_in_mb=50; native_transport_allow_older_protocols=true; native_transport_flush_in_batches_legacy=false; native_transport_idle_timeout_in_ms=0; native_transport_max_concurrent_connections=-1; native_transport_max_concurrent_connections_per_ip=-1; native_transport_max_concurrent_requests_in_bytes=-1; native_transport_max_concurrent_requests_in_bytes_per_ip=-1; native_transport_max_frame_size_in_mb=256; native_transport_max_negotiable_protocol_version=null; native_transport_max_threads=128; native_transport_port=9042; native_transport_port_ssl=null; native_transport_receive_queue_capacity_in_bytes=1048576; network_authorizer=org.apache.cassandra.auth.CassandraNetworkAuthorizer; networking_cache_size_in_mb=null; num_tokens=1; partitioner=org.apache.cassandra.dht.Murmur3Partitioner; periodic_commitlog_sync_lag_block_in_ms=null; permissions_cache_max_entries=1000; permissions_update_interval_in_ms=-1; permissions_validity_in_ms=2000; phi_convict_threshold=5.0; prepared_statements_cache_size_mb=null; range_request_timeout_in_ms=15000; range_tombstone_list_growth_factor=1.5; read_request_timeout_in_ms=15000; reject_repair_compaction_threshold=2147483647; repair_command_pool_full_strategy=queue; repair_command_pool_size=0; repair_session_max_tree_depth=null; repair_session_space_in_mb=null; repaired_data_tracking_for_partition_reads_enabled=true; repaired_data_tracking_for_range_reads_enabled=true; report_unconfirmed_repaired_data_mismatches=true; request_timeout_in_ms=15000; role_manager=org.apache.cassandra.auth.CassandraRoleManager; roles_cache_max_entries=1000; roles_update_interval_in_ms=-1; roles_validity_in_ms=2000; row_cache_class_name=org.apache.cassandra.cache.OHCProvider; row_cache_keys_to_save=2147483647; row_cache_save_period=0; row_cache_size_in_mb=0; rpc_address=127.0.0.2; rpc_interface=null; rpc_interface_prefer_ipv6=false; rpc_keepalive=true; saved_caches_directory=/tmp/dtest-qai5g6wo/test/node2/saved_caches; seed_provider=org.apache.cassandra.locator.SimpleSeedProvider{seeds=127.0.0.1:7000,127.0.0.2:7000}; server_encryption_options=<REDACTED>; slow_query_log_timeout_in_ms=500; snapshot_before_compaction=false; snapshot_links_per_second=0; snapshot_on_duplicate_row_detection=false; snapshot_on_repaired_data_mismatch=false; ssl_storage_port=7001; sstable_preemptive_open_interval_in_mb=50; start_native_transport=true; storage_port=7000; stream_entire_sstables=true; stream_throughput_outbound_megabits_per_sec=200; streaming_connections_per_host=1; streaming_keep_alive_period_in_secs=300; table_count_warn_threshold=150; tombstone_failure_threshold=100000; tombstone_warn_threshold=1000; tracetype_query_ttl=86400; tracetype_repair_ttl=604800; transparent_data_encryption_options=org.apache.cassandra.config.TransparentDataEncryptionOptions@795509d9; trickle_fsync=false; trickle_fsync_interval_in_kb=10240; truncate_request_timeout_in_ms=15000; unlogged_batch_across_partitions_warn_threshold=10; use_offheap_merkle_trees=true; user_defined_function_fail_timeout=1500; user_defined_function_warn_timeout=500; user_function_timeout_policy=die; validation_preview_purge_head_start_in_sec=3600; windows_timer_interval=1; write_request_timeout_in_ms=15000]
INFO  [main] 2022-02-08 17:25:47,509 DatabaseDescriptor.java:467 - DiskAccessMode 'auto' determined to be mmap, indexAccessMode is mmap
INFO  [main] 2022-02-08 17:25:47,511 DatabaseDescriptor.java:528 - Global memtable on-heap threshold is enabled at 123MB
INFO  [main] 2022-02-08 17:25:47,512 DatabaseDescriptor.java:532 - Global memtable off-heap threshold is enabled at 123MB
WARN  [main] 2022-02-08 17:25:47,533 DatabaseDescriptor.java:881 - [msx] maxMessageSize == null
WARN  [main] 2022-02-08 17:25:47,534 DatabaseDescriptor.java:885 - [msx] internode_application_receive_queue_reserve_endpoint_capacity_in_bytes = 134217728
WARN  [main] 2022-02-08 17:25:47,534 DatabaseDescriptor.java:886 - [msx] internode_application_send_queue_reserve_endpoint_capacity_in_bytes = 134217728
WARN  [main] 2022-02-08 17:25:47,534 DatabaseDescriptor.java:887 - [msx] conf.internode_max_message_size_in_bytes = 134217728
WARN  [main] 2022-02-08 17:25:47,681 CassandraDaemon.java:233 - [msx] setup(): componentType = CassandraDaemon, componentId = 2
INFO  [main] 2022-02-08 17:25:47,709 JMXServerUtils.java:271 - Configured JMX server at: service:jmx:rmi://127.0.0.1/jndi/rmi://127.0.0.1:7200/jmxrmi
INFO  [main] 2022-02-08 17:25:47,715 CassandraDaemon.java:628 - Hostname: fcf827a90b29:7000:7001
INFO  [main] 2022-02-08 17:25:47,715 CassandraDaemon.java:635 - JVM vendor/version: OpenJDK 64-Bit Server VM/1.8.0_312
INFO  [main] 2022-02-08 17:25:47,716 CassandraDaemon.java:636 - Heap size: 495.000MiB/495.000MiB
INFO  [main] 2022-02-08 17:25:47,717 CassandraDaemon.java:641 - Code Cache Non-heap memory: init = 2555904(2496K) used = 8390208(8193K) committed = 8454144(8256K) max = 251658240(245760K)
INFO  [main] 2022-02-08 17:25:47,717 CassandraDaemon.java:641 - Metaspace Non-heap memory: init = 0(0K) used = 24378088(23806K) committed = 24866816(24284K) max = -1(-1K)
INFO  [main] 2022-02-08 17:25:47,717 CassandraDaemon.java:641 - Compressed Class Space Non-heap memory: init = 0(0K) used = 2824816(2758K) committed = 2961408(2892K) max = 1073741824(1048576K)
INFO  [main] 2022-02-08 17:25:47,717 CassandraDaemon.java:641 - Par Eden Space Heap memory: init = 41943040(40960K) used = 41943040(40960K) committed = 41943040(40960K) max = 41943040(40960K)
INFO  [main] 2022-02-08 17:25:47,718 CassandraDaemon.java:641 - Par Survivor Space Heap memory: init = 5242880(5120K) used = 5242880(5120K) committed = 5242880(5120K) max = 5242880(5120K)
INFO  [main] 2022-02-08 17:25:47,718 CassandraDaemon.java:641 - CMS Old Gen Heap memory: init = 471859200(460800K) used = 4275512(4175K) committed = 471859200(460800K) max = 471859200(460800K)
INFO  [main] 2022-02-08 17:25:47,718 CassandraDaemon.java:643 - Classpath: /tmp/dtest-qai5g6wo/test/node2/conf:/root/cassandra/build/apache-cassandra-4.0.2-SNAPSHOT.jar:/root/cassandra/lib/HdrHistogram-2.1.9.jar:/root/cassandra/lib/ST4-4.0.8.jar:/root/cassandra/lib/airline-0.8.jar:/root/cassandra/lib/antlr-runtime-3.5.2.jar:/root/cassandra/lib/asm-7.1.jar:/root/cassandra/lib/caffeine-2.5.6.jar:/root/cassandra/lib/cassandra-driver-core-3.11.0-shaded.jar:/root/cassandra/lib/chronicle-bytes-2.20.111.jar:/root/cassandra/lib/chronicle-core-2.20.126.jar:/root/cassandra/lib/chronicle-queue-5.20.123.jar:/root/cassandra/lib/chronicle-threads-2.20.111.jar:/root/cassandra/lib/chronicle-wire-2.20.117.jar:/root/cassandra/lib/commons-cli-1.1.jar:/root/cassandra/lib/commons-codec-1.9.jar:/root/cassandra/lib/commons-lang3-3.11.jar:/root/cassandra/lib/commons-math3-3.2.jar:/root/cassandra/lib/concurrent-trees-2.4.0.jar:/root/cassandra/lib/ecj-4.6.1.jar:/root/cassandra/lib/guava-27.0-jre.jar:/root/cassandra/lib/high-scale-lib-1.0.6.jar:/root/cassandra/lib/hppc-0.8.1.jar:/root/cassandra/lib/j2objc-annotations-1.3.jar:/root/cassandra/lib/jackson-annotations-2.12.5.jar:/root/cassandra/lib/jackson-core-2.12.5.jar:/root/cassandra/lib/jackson-databind-2.12.5.jar:/root/cassandra/lib/jamm-0.3.2.jar:/root/cassandra/lib/java-cup-runtime-11b-20160615.jar:/root/cassandra/lib/javax.inject-1.jar:/root/cassandra/lib/jbcrypt-0.4.jar:/root/cassandra/lib/jcl-over-slf4j-1.7.25.jar:/root/cassandra/lib/jcommander-1.30.jar:/root/cassandra/lib/jctools-core-3.1.0.jar:/root/cassandra/lib/jflex-1.8.2.jar:/root/cassandra/lib/jna-5.6.0.jar:/root/cassandra/lib/json-simple-1.1.jar:/root/cassandra/lib/jvm-attach-api-1.5.jar:/root/cassandra/lib/log4j-over-slf4j-1.7.25.jar:/root/cassandra/lib/logback-classic-1.2.3.jar:/root/cassandra/lib/logback-core-1.2.3.jar:/root/cassandra/lib/lz4-java-1.8.0.jar:/root/cassandra/lib/metrics-core-3.1.5.jar:/root/cassandra/lib/metrics-jvm-3.1.5.jar:/root/cassandra/lib/metrics-logback-3.1.5.jar:/root/cassandra/lib/mxdump-0.14.jar:/root/cassandra/lib/netty-all-4.1.58.Final.jar:/root/cassandra/lib/netty-tcnative-boringssl-static-2.0.36.Final.jar:/root/cassandra/lib/ohc-core-0.5.1.jar:/root/cassandra/lib/ohc-core-j8-0.5.1.jar:/root/cassandra/lib/psjava-0.1.19.jar:/root/cassandra/lib/reporter-config-base-3.0.3.jar:/root/cassandra/lib/reporter-config3-3.0.3.jar:/root/cassandra/lib/sigar-1.6.4.jar:/root/cassandra/lib/sjk-cli-0.14.jar:/root/cassandra/lib/sjk-core-0.14.jar:/root/cassandra/lib/sjk-json-0.14.jar:/root/cassandra/lib/sjk-stacktrace-0.14.jar:/root/cassandra/lib/slf4j-api-1.7.25.jar:/root/cassandra/lib/snakeyaml-1.26.jar:/root/cassandra/lib/snappy-java-1.1.2.6.jar:/root/cassandra/lib/snowball-stemmer-1.3.0.581.1.jar:/root/cassandra/lib/stream-2.5.2.jar:/root/cassandra/lib/zstd-jni-1.5.0-4.jar:/root/cassandra/lib/jsr223/*/*.jar::/root/cassandra/lib/jamm-0.3.2.jar
INFO  [main] 2022-02-08 17:25:47,718 CassandraDaemon.java:645 - JVM Arguments: [-ea, -da:net.openhft..., -XX:+UseThreadPriorities, -XX:+HeapDumpOnOutOfMemoryError, -Xss256k, -XX:+AlwaysPreTouch, -XX:-UseBiasedLocking, -XX:+UseTLAB, -XX:+ResizeTLAB, -XX:+UseNUMA, -XX:+PerfDisableSharedMem, -Djava.net.preferIPv4Stack=true, -agentlib:jdwp=transport=dt_socket,server=y,suspend=n,address=2200, -XX:ThreadPriorityPolicy=42, -XX:+UseParNewGC, -XX:+UseConcMarkSweepGC, -XX:+CMSParallelRemarkEnabled, -XX:SurvivorRatio=8, -XX:MaxTenuringThreshold=1, -XX:CMSInitiatingOccupancyFraction=75, -XX:+UseCMSInitiatingOccupancyOnly, -XX:CMSWaitDuration=10000, -XX:+CMSParallelInitialMarkEnabled, -XX:+CMSEdenChunksRecordAlways, -XX:+CMSClassUnloadingEnabled, -XX:+PrintGCDetails, -XX:+PrintGCDateStamps, -XX:+PrintHeapAtGC, -XX:+PrintTenuringDistribution, -XX:+PrintGCApplicationStoppedTime, -XX:+PrintPromotionFailure, -XX:+UseGCLogFileRotation, -XX:NumberOfGCLogFiles=10, -XX:GCLogFileSize=10M, -Xloggc:/tmp/dtest-qai5g6wo/test/node2/logs/gc.log, -Xms500M, -Xmx500M, -Xmn50M, -XX:+UseCondCardMark, -XX:CompileCommandFile=/tmp/dtest-qai5g6wo/test/node2/conf/hotspot_compiler, -javaagent:/root/cassandra/lib/jamm-0.3.2.jar, -Dcassandra.jmx.local.port=7200, -Dcom.sun.management.jmxremote.authenticate=false, -Dcom.sun.management.jmxremote.password.file=/etc/cassandra/jmxremote.password, -Djava.library.path=/root/cassandra/lib/sigar-bin, -XX:-PerfDisableSharedMem, -Dcassandra.migration_task_wait_in_seconds=4, -Dcassandra.migration_task_wait_in_seconds=4, -Dcassandra.libjemalloc=-, -XX:OnOutOfMemoryError=kill -9 %p, -Dlogback.configurationFile=logback.xml, -Dcassandra.logdir=/root/cassandra/logs, -Dcassandra.storagedir=/root/cassandra/data, -Dcassandra-pidfile=/tmp/dtest-qai5g6wo/test/node2/cassandra.pid, -Dcassandra.join_ring=True, -Dcassandra.logdir=/tmp/dtest-qai5g6wo/test/node2/logs, -Dcassandra.boot_without_jna=true]
WARN  [main] 2022-02-08 17:25:47,774 NativeLibrary.java:201 - Unable to lock JVM memory (ENOMEM). This can result in part of the JVM being swapped out, especially with mmapped I/O enabled. Increase RLIMIT_MEMLOCK.
INFO  [main] 2022-02-08 17:25:47,830 MonotonicClock.java:202 - Scheduling approximate time conversion task with an interval of 10000 milliseconds
INFO  [main] 2022-02-08 17:25:47,832 MonotonicClock.java:338 - Scheduling approximate time-check task with a precision of 2 milliseconds
INFO  [main] 2022-02-08 17:25:47,833 StartupChecks.java:145 - jemalloc preload explicitly disabled
WARN  [main] 2022-02-08 17:25:47,833 StartupChecks.java:187 - JMX is not enabled to receive remote connections. Please see cassandra-env.sh for more info.
INFO  [main] 2022-02-08 17:25:47,835 SigarLibrary.java:44 - Initializing SIGAR library
WARN  [main] 2022-02-08 17:25:47,845 SigarLibrary.java:174 - Cassandra server running in degraded mode. Is swap disabled? : false,  Address space adequate? : true,  nofile limit adequate? : true, nproc limit adequate? : true 
WARN  [main] 2022-02-08 17:25:47,845 StartupChecks.java:329 - Maximum number of memory map areas per process (vm.max_map_count) 65530 is too low, recommended value: 1048575, you can change it with sysctl.
INFO  [main] 2022-02-08 17:25:48,461 Keyspace.java:386 - Creating replication strategy system params KeyspaceParams{durable_writes=true, replication=ReplicationParams{class=org.apache.cassandra.locator.LocalStrategy}}
INFO  [main] 2022-02-08 17:25:48,505 ColumnFamilyStore.java:385 - Initializing system.IndexInfo
INFO  [main] 2022-02-08 17:25:49,452 ColumnFamilyStore.java:385 - Initializing system.batches
INFO  [main] 2022-02-08 17:25:49,462 ColumnFamilyStore.java:385 - Initializing system.paxos
INFO  [main] 2022-02-08 17:25:49,473 ColumnFamilyStore.java:385 - Initializing system.local
INFO  [main] 2022-02-08 17:25:49,480 ColumnFamilyStore.java:385 - Initializing system.peers_v2
INFO  [main] 2022-02-08 17:25:49,487 ColumnFamilyStore.java:385 - Initializing system.peers
INFO  [main] 2022-02-08 17:25:49,493 ColumnFamilyStore.java:385 - Initializing system.peer_events_v2
INFO  [main] 2022-02-08 17:25:49,499 ColumnFamilyStore.java:385 - Initializing system.peer_events
INFO  [main] 2022-02-08 17:25:49,507 ColumnFamilyStore.java:385 - Initializing system.compaction_history
INFO  [main] 2022-02-08 17:25:49,514 ColumnFamilyStore.java:385 - Initializing system.sstable_activity
INFO  [main] 2022-02-08 17:25:49,522 ColumnFamilyStore.java:385 - Initializing system.size_estimates
INFO  [main] 2022-02-08 17:25:49,527 ColumnFamilyStore.java:385 - Initializing system.table_estimates
INFO  [main] 2022-02-08 17:25:49,534 ColumnFamilyStore.java:385 - Initializing system.available_ranges_v2
INFO  [main] 2022-02-08 17:25:49,540 ColumnFamilyStore.java:385 - Initializing system.available_ranges
INFO  [main] 2022-02-08 17:25:49,548 ColumnFamilyStore.java:385 - Initializing system.transferred_ranges_v2
INFO  [main] 2022-02-08 17:25:49,558 ColumnFamilyStore.java:385 - Initializing system.transferred_ranges
INFO  [main] 2022-02-08 17:25:49,565 ColumnFamilyStore.java:385 - Initializing system.view_builds_in_progress
INFO  [main] 2022-02-08 17:25:49,571 ColumnFamilyStore.java:385 - Initializing system.built_views
INFO  [main] 2022-02-08 17:25:49,578 ColumnFamilyStore.java:385 - Initializing system.prepared_statements
INFO  [main] 2022-02-08 17:25:49,585 ColumnFamilyStore.java:385 - Initializing system.repairs
INFO  [main] 2022-02-08 17:25:49,824 QueryProcessor.java:120 - Initialized prepared statement caches with 10 MB
INFO  [main] 2022-02-08 17:25:49,960 Keyspace.java:386 - Creating replication strategy system_schema params KeyspaceParams{durable_writes=true, replication=ReplicationParams{class=org.apache.cassandra.locator.LocalStrategy}}
INFO  [main] 2022-02-08 17:25:49,963 ColumnFamilyStore.java:385 - Initializing system_schema.keyspaces
INFO  [main] 2022-02-08 17:25:49,969 ColumnFamilyStore.java:385 - Initializing system_schema.tables
INFO  [main] 2022-02-08 17:25:49,975 ColumnFamilyStore.java:385 - Initializing system_schema.columns
INFO  [main] 2022-02-08 17:25:49,981 ColumnFamilyStore.java:385 - Initializing system_schema.triggers
INFO  [main] 2022-02-08 17:25:49,986 ColumnFamilyStore.java:385 - Initializing system_schema.dropped_columns
INFO  [main] 2022-02-08 17:25:50,021 ColumnFamilyStore.java:385 - Initializing system_schema.views
INFO  [main] 2022-02-08 17:25:50,028 ColumnFamilyStore.java:385 - Initializing system_schema.types
INFO  [main] 2022-02-08 17:25:50,036 ColumnFamilyStore.java:385 - Initializing system_schema.functions
INFO  [main] 2022-02-08 17:25:50,046 ColumnFamilyStore.java:385 - Initializing system_schema.aggregates
INFO  [main] 2022-02-08 17:25:50,053 ColumnFamilyStore.java:385 - Initializing system_schema.indexes
INFO  [main] 2022-02-08 17:25:50,140 SystemKeyspaceMigrator40.java:76 - system.peers_v2 table was empty, migrating legacy system.peers, if this fails you should fix the issue and then truncate system.peers_v2 to have it try again.
INFO  [main] 2022-02-08 17:25:50,149 SystemKeyspaceMigrator40.java:100 - Migrating rows from legacy system.peers to system.peers_v2
INFO  [main] 2022-02-08 17:25:50,154 SystemKeyspaceMigrator40.java:119 - Migrated 0 rows from legacy system.peers to system.peers_v2
INFO  [main] 2022-02-08 17:25:50,154 SystemKeyspaceMigrator40.java:129 - system.peer_events_v2 table was empty, migrating legacy system.peer_events to system.peer_events_v2
INFO  [main] 2022-02-08 17:25:50,156 SystemKeyspaceMigrator40.java:152 - Migrated 0 rows from legacy system.peer_events to system.peer_events_v2
INFO  [main] 2022-02-08 17:25:50,156 SystemKeyspaceMigrator40.java:162 - system.transferred_ranges_v2 table was empty, migrating legacy system.transferred_ranges to system.transferred_ranges_v2
INFO  [main] 2022-02-08 17:25:50,158 SystemKeyspaceMigrator40.java:190 - Migrated 0 rows from legacy system.transferred_ranges to system.transferred_ranges_v2
INFO  [main] 2022-02-08 17:25:50,158 SystemKeyspaceMigrator40.java:200 - system.available_ranges_v2 table was empty, migrating legacy system.available_ranges to system.available_ranges_v2
INFO  [main] 2022-02-08 17:25:50,159 SystemKeyspaceMigrator40.java:226 - Migrated 0 rows from legacy system.available_ranges to system.available_ranges_v2
INFO  [main] 2022-02-08 17:25:50,159 StorageService.java:844 - Populating token metadata from system tables
WARN  [main] 2022-02-08 17:25:50,160 StorageService.java:845 - [msx] Populating token metadata from system tables
INFO  [main] 2022-02-08 17:25:50,173 StorageService.java:838 - Token metadata: 
INFO  [main] 2022-02-08 17:25:50,219 CacheService.java:103 - Initializing key cache with capacity of 24 MBs.
INFO  [main] 2022-02-08 17:25:50,234 CacheService.java:125 - Initializing row cache with capacity of 0 MBs
INFO  [main] 2022-02-08 17:25:50,236 CacheService.java:154 - Initializing counter cache with capacity of 12 MBs
INFO  [main] 2022-02-08 17:25:50,238 CacheService.java:165 - Scheduling counter cache save to every 7200 seconds (going to save all keys).
INFO  [main] 2022-02-08 17:25:50,267 CommitLog.java:168 - No commitlog files found; skipping replay
INFO  [main] 2022-02-08 17:25:50,267 StorageService.java:844 - Populating token metadata from system tables
WARN  [main] 2022-02-08 17:25:50,268 StorageService.java:845 - [msx] Populating token metadata from system tables
INFO  [main] 2022-02-08 17:25:50,272 StorageService.java:838 - Token metadata: 
INFO  [main] 2022-02-08 17:25:50,389 ColumnFamilyStore.java:2252 - Truncating system.size_estimates
INFO  [main] 2022-02-08 17:25:50,459 ColumnFamilyStore.java:2289 - Truncating system.size_estimates with truncatedAt=1644341150402
INFO  [main] 2022-02-08 17:25:50,503 ColumnFamilyStore.java:878 - Enqueuing flush of local: 2.169KiB (0%) on-heap, 0.000KiB (0%) off-heap
INFO  [PerDiskMemtableFlushWriter_0:1] 2022-02-08 17:25:50,726 Memtable.java:469 - Writing Memtable-local@544244736(0.419KiB serialized bytes, 3 ops, 0%/0% of on/off-heap limit), flushed range = (null, null]
INFO  [PerDiskMemtableFlushWriter_0:1] 2022-02-08 17:25:50,729 Memtable.java:498 - Completed flushing /tmp/dtest-qai5g6wo/test/node2/data0/system/local-7ad54392bcdd35a684174e047860b377/nb-1-big-Data.db (0.214KiB) for commitlog position CommitLogPosition(segmentId=1644341147818, position=31189)
INFO  [MemtableFlushWriter:1] 2022-02-08 17:25:51,013 LogTransaction.java:240 - Unfinished transaction log, deleting /tmp/dtest-qai5g6wo/test/node2/data0/system/local-7ad54392bcdd35a684174e047860b377/nb_txn_flush_2928d8a0-8904-11ec-886e-d7bd4fa2aee4.log 
INFO  [main] 2022-02-08 17:25:51,041 ColumnFamilyStore.java:2316 - Truncate of system.size_estimates is complete
INFO  [main] 2022-02-08 17:25:51,041 ColumnFamilyStore.java:2252 - Truncating system.table_estimates
INFO  [main] 2022-02-08 17:25:51,042 ColumnFamilyStore.java:2289 - Truncating system.table_estimates with truncatedAt=1644341151042
INFO  [main] 2022-02-08 17:25:51,044 ColumnFamilyStore.java:878 - Enqueuing flush of local: 0.575KiB (0%) on-heap, 0.000KiB (0%) off-heap
INFO  [PerDiskMemtableFlushWriter_0:1] 2022-02-08 17:25:51,104 Memtable.java:469 - Writing Memtable-local@343140971(0.091KiB serialized bytes, 1 ops, 0%/0% of on/off-heap limit), flushed range = (null, null]
INFO  [PerDiskMemtableFlushWriter_0:1] 2022-02-08 17:25:51,105 Memtable.java:498 - Completed flushing /tmp/dtest-qai5g6wo/test/node2/data0/system/local-7ad54392bcdd35a684174e047860b377/nb-2-big-Data.db (0.063KiB) for commitlog position CommitLogPosition(segmentId=1644341147818, position=31300)
INFO  [MemtableFlushWriter:1] 2022-02-08 17:25:51,273 LogTransaction.java:240 - Unfinished transaction log, deleting /tmp/dtest-qai5g6wo/test/node2/data0/system/local-7ad54392bcdd35a684174e047860b377/nb_txn_flush_297b1750-8904-11ec-886e-d7bd4fa2aee4.log 
INFO  [main] 2022-02-08 17:25:51,286 ColumnFamilyStore.java:2316 - Truncate of system.table_estimates is complete
INFO  [main] 2022-02-08 17:25:51,295 QueryProcessor.java:164 - Preloaded 0 prepared statements
WARN  [main] 2022-02-08 17:25:51,296 StorageService.java:730 - [msx] initServer(): componentType = CassandraDaemon, componentId = 2
INFO  [main] 2022-02-08 17:25:51,297 StorageService.java:736 - Cassandra version: 4.0.2-SNAPSHOT
INFO  [main] 2022-02-08 17:25:51,297 StorageService.java:737 - CQL version: 3.4.5
INFO  [main] 2022-02-08 17:25:51,297 StorageService.java:738 - Native protocol supported versions: 3/v3, 4/v4, 5/v5, 6/v6-beta (default: 5/v5)
INFO  [main] 2022-02-08 17:25:51,331 IndexSummaryManager.java:84 - Initializing index summary manager with a memory pool size of 24 MB and a resize interval of 60 minutes
WARN  [main] 2022-02-08 17:25:51,332 StorageService.java:755 - [msx] Loading persisted ring state
INFO  [main] 2022-02-08 17:25:51,332 StorageService.java:756 - Loading persisted ring state
INFO  [main] 2022-02-08 17:25:51,332 StorageService.java:844 - Populating token metadata from system tables
WARN  [main] 2022-02-08 17:25:51,332 StorageService.java:845 - [msx] Populating token metadata from system tables
INFO  [main] 2022-02-08 17:25:51,356 BufferPools.java:49 - Global buffer pool limit is 123.000MiB for chunk-cache and 30.000MiB for networking
INFO  [main] 2022-02-08 17:25:51,589 InboundConnectionInitiator.java:127 - Listening on address: (/127.0.0.2:7000), nic: null, encryption: unencrypted
WARN  [main] 2022-02-08 17:25:51,717 SystemKeyspace.java:1130 - No host ID found, created c00a89d9-a33d-422a-8d6d-5af44eeae28d (Note: This should happen exactly once per node).
INFO  [Messaging-EventLoop-3-3] 2022-02-08 17:25:51,907 OutboundConnection.java:1156 - /127.0.0.2:7000(/127.0.0.1:41826)->/127.0.0.1:7000-URGENT_MESSAGES-16f47f8f successfully connected, version = 12, framing = LZ4, encryption = unencrypted
INFO  [Messaging-EventLoop-3-4] 2022-02-08 17:25:52,014 InboundConnectionInitiator.java:464 - /127.0.0.1:7000(/127.0.0.1:55782)->/127.0.0.2:7000-URGENT_MESSAGES-db852472 messaging connection established, version = 12, framing = LZ4, encryption = unencrypted
WARN  [Messaging-EventLoop-3-4] 2022-02-08 17:25:52,016 Message.java:656 - [msx] size = 252
WARN  [Messaging-EventLoop-3-4] 2022-02-08 17:25:52,016 Message.java:657 - [msx] DatabaseDescriptor.getInternodeMaxMessageSizeInBytes() = 134217728
INFO  [ScheduledTasks:1] 2022-02-08 17:25:52,639 TokenMetadata.java:525 - Updating topology for all endpoints that have changed
INFO  [main] 2022-02-08 17:25:52,796 StorageService.java:968 - Starting up server gossip
INFO  [main] 2022-02-08 17:25:52,802 ColumnFamilyStore.java:878 - Enqueuing flush of local: 0.583KiB (0%) on-heap, 0.000KiB (0%) off-heap
INFO  [PerDiskMemtableFlushWriter_0:1] 2022-02-08 17:25:52,925 Memtable.java:469 - Writing Memtable-local@674612177(0.079KiB serialized bytes, 2 ops, 0%/0% of on/off-heap limit), flushed range = (null, null]
INFO  [PerDiskMemtableFlushWriter_0:1] 2022-02-08 17:25:52,926 Memtable.java:498 - Completed flushing /tmp/dtest-qai5g6wo/test/node2/data0/system/local-7ad54392bcdd35a684174e047860b377/nb-3-big-Data.db (0.048KiB) for commitlog position CommitLogPosition(segmentId=1644341147818, position=31464)
INFO  [MemtableFlushWriter:1] 2022-02-08 17:25:53,221 LogTransaction.java:240 - Unfinished transaction log, deleting /tmp/dtest-qai5g6wo/test/node2/data0/system/local-7ad54392bcdd35a684174e047860b377/nb_txn_flush_2a877e40-8904-11ec-886e-d7bd4fa2aee4.log 
WARN  [main] 2022-02-08 17:25:53,280 StorageService.java:802 - [msx] componentType = CassandraDaemon, componentId = 2
WARN  [main] 2022-02-08 17:25:53,281 StorageService.java:803 - [msx] joinRing = true
WARN  [main] 2022-02-08 17:25:53,297 StorageService.java:1072 - [msx] shouldBootstrap is false
WARN  [main] 2022-02-08 17:25:53,302 StorageService.java:1076 - [msx] bootstrapTokens isEmpty
INFO  [main] 2022-02-08 17:25:53,303 BootStrapper.java:194 - tokens manually specified as [-9223372036854775708]
INFO  [MigrationStage:1] 2022-02-08 17:25:53,340 ColumnFamilyStore.java:878 - Enqueuing flush of columns: 200.082KiB (0%) on-heap, 0.000KiB (0%) off-heap
INFO  [PerDiskMemtableFlushWriter_0:1] 2022-02-08 17:25:53,451 Memtable.java:469 - Writing Memtable-columns@200011782(41.994KiB serialized bytes, 277 ops, 0%/0% of on/off-heap limit), flushed range = (null, null]
INFO  [PerDiskMemtableFlushWriter_0:1] 2022-02-08 17:25:53,470 Memtable.java:498 - Completed flushing /tmp/dtest-qai5g6wo/test/node2/data0/system_schema/columns-24101c25a2ae3af787c1b40ee1aca33f/nb-1-big-Data.db (20.847KiB) for commitlog position CommitLogPosition(segmentId=1644341147818, position=42082)
INFO  [MemtableFlushWriter:1] 2022-02-08 17:25:53,795 LogTransaction.java:240 - Unfinished transaction log, deleting /tmp/dtest-qai5g6wo/test/node2/data0/system_schema/columns-24101c25a2ae3af787c1b40ee1aca33f/nb_txn_flush_2ad995e0-8904-11ec-886e-d7bd4fa2aee4.log 
INFO  [MigrationStage:1] 2022-02-08 17:25:53,822 ColumnFamilyStore.java:878 - Enqueuing flush of dropped_columns: 1.079KiB (0%) on-heap, 0.000KiB (0%) off-heap
INFO  [PerDiskMemtableFlushWriter_0:1] 2022-02-08 17:25:53,918 Memtable.java:469 - Writing Memtable-dropped_columns@1538314800(0.120KiB serialized bytes, 3 ops, 0%/0% of on/off-heap limit), flushed range = (null, null]
INFO  [PerDiskMemtableFlushWriter_0:1] 2022-02-08 17:25:53,919 Memtable.java:498 - Completed flushing /tmp/dtest-qai5g6wo/test/node2/data0/system_schema/dropped_columns-5e7583b5f3f43af19a39b7e1d6f5f11f/nb-1-big-Data.db (0.097KiB) for commitlog position CommitLogPosition(segmentId=1644341147818, position=42090)
WARN  [Messaging-EventLoop-3-4] 2022-02-08 17:25:54,275 Message.java:656 - [msx] size = 35
WARN  [Messaging-EventLoop-3-4] 2022-02-08 17:25:54,275 Message.java:657 - [msx] DatabaseDescriptor.getInternodeMaxMessageSizeInBytes() = 134217728
WARN  [Messaging-EventLoop-3-4] 2022-02-08 17:25:54,289 Message.java:656 - [msx] size = 11
WARN  [Messaging-EventLoop-3-4] 2022-02-08 17:25:54,289 Message.java:657 - [msx] DatabaseDescriptor.getInternodeMaxMessageSizeInBytes() = 134217728
INFO  [MemtableFlushWriter:1] 2022-02-08 17:25:54,352 LogTransaction.java:240 - Unfinished transaction log, deleting /tmp/dtest-qai5g6wo/test/node2/data0/system_schema/dropped_columns-5e7583b5f3f43af19a39b7e1d6f5f11f/nb_txn_flush_2b232200-8904-11ec-886e-d7bd4fa2aee4.log 
INFO  [MigrationStage:1] 2022-02-08 17:25:54,366 ColumnFamilyStore.java:878 - Enqueuing flush of triggers: 0.511KiB (0%) on-heap, 0.000KiB (0%) off-heap
INFO  [PerDiskMemtableFlushWriter_0:1] 2022-02-08 17:25:54,462 Memtable.java:469 - Writing Memtable-triggers@1352354719(0.016KiB serialized bytes, 2 ops, 0%/0% of on/off-heap limit), flushed range = (null, null]
INFO  [PerDiskMemtableFlushWriter_0:1] 2022-02-08 17:25:54,463 Memtable.java:498 - Completed flushing /tmp/dtest-qai5g6wo/test/node2/data0/system_schema/triggers-4df70b666b05325195a132b54005fd48/nb-1-big-Data.db (0.048KiB) for commitlog position CommitLogPosition(segmentId=1644341147818, position=42090)
WARN  [Messaging-EventLoop-3-4] 2022-02-08 17:25:54,632 Message.java:656 - [msx] size = 97
WARN  [Messaging-EventLoop-3-4] 2022-02-08 17:25:54,633 Message.java:657 - [msx] DatabaseDescriptor.getInternodeMaxMessageSizeInBytes() = 134217728
WARN  [Messaging-EventLoop-3-4] 2022-02-08 17:25:54,638 Message.java:656 - [msx] size = 265
WARN  [Messaging-EventLoop-3-4] 2022-02-08 17:25:54,638 Message.java:657 - [msx] DatabaseDescriptor.getInternodeMaxMessageSizeInBytes() = 134217728
INFO  [GossipStage:1] 2022-02-08 17:25:54,641 Gossiper.java:1364 - Node /127.0.0.1:7000 is now part of the cluster
WARN  [Messaging-EventLoop-3-4] 2022-02-08 17:25:54,647 Message.java:656 - [msx] size = 11
WARN  [Messaging-EventLoop-3-4] 2022-02-08 17:25:54,647 Message.java:657 - [msx] DatabaseDescriptor.getInternodeMaxMessageSizeInBytes() = 134217728
INFO  [GossipStage:1] 2022-02-08 17:25:54,648 Gossiper.java:1312 - InetAddress /127.0.0.1:7000 is now UP
INFO  [MemtableFlushWriter:1] 2022-02-08 17:25:54,788 LogTransaction.java:240 - Unfinished transaction log, deleting /tmp/dtest-qai5g6wo/test/node2/data0/system_schema/triggers-4df70b666b05325195a132b54005fd48/nb_txn_flush_2b762400-8904-11ec-886e-d7bd4fa2aee4.log 
INFO  [MigrationStage:1] 2022-02-08 17:25:54,802 ColumnFamilyStore.java:878 - Enqueuing flush of types: 0.511KiB (0%) on-heap, 0.000KiB (0%) off-heap
INFO  [PerDiskMemtableFlushWriter_0:1] 2022-02-08 17:25:54,922 Memtable.java:469 - Writing Memtable-types@1454776598(0.016KiB serialized bytes, 2 ops, 0%/0% of on/off-heap limit), flushed range = (null, null]
INFO  [PerDiskMemtableFlushWriter_0:1] 2022-02-08 17:25:54,922 Memtable.java:498 - Completed flushing /tmp/dtest-qai5g6wo/test/node2/data0/system_schema/types-5a8b1ca866023f77a0459273d308917a/nb-1-big-Data.db (0.048KiB) for commitlog position CommitLogPosition(segmentId=1644341147818, position=42090)
INFO  [MemtableFlushWriter:1] 2022-02-08 17:25:55,248 LogTransaction.java:240 - Unfinished transaction log, deleting /tmp/dtest-qai5g6wo/test/node2/data0/system_schema/types-5a8b1ca866023f77a0459273d308917a/nb_txn_flush_2bb8ab40-8904-11ec-886e-d7bd4fa2aee4.log 
INFO  [MigrationStage:1] 2022-02-08 17:25:55,262 ColumnFamilyStore.java:878 - Enqueuing flush of functions: 0.511KiB (0%) on-heap, 0.000KiB (0%) off-heap
WARN  [GossipTasks:1] 2022-02-08 17:25:55,275 FailureDetector.java:319 - Not marking nodes down due to local pause of 5395354647ns > 5000000000ns
WARN  [Messaging-EventLoop-3-4] 2022-02-08 17:25:55,278 Message.java:656 - [msx] size = 35
WARN  [Messaging-EventLoop-3-4] 2022-02-08 17:25:55,278 Message.java:657 - [msx] DatabaseDescriptor.getInternodeMaxMessageSizeInBytes() = 134217728
INFO  [PerDiskMemtableFlushWriter_0:1] 2022-02-08 17:25:55,388 Memtable.java:469 - Writing Memtable-functions@34177030(0.016KiB serialized bytes, 2 ops, 0%/0% of on/off-heap limit), flushed range = (null, null]
INFO  [PerDiskMemtableFlushWriter_0:1] 2022-02-08 17:25:55,389 Memtable.java:498 - Completed flushing /tmp/dtest-qai5g6wo/test/node2/data0/system_schema/functions-96489b7980be3e14a70166a0b9159450/nb-1-big-Data.db (0.048KiB) for commitlog position CommitLogPosition(segmentId=1644341147818, position=42090)
INFO  [MemtableFlushWriter:1] 2022-02-08 17:25:55,595 LogTransaction.java:240 - Unfinished transaction log, deleting /tmp/dtest-qai5g6wo/test/node2/data0/system_schema/functions-96489b7980be3e14a70166a0b9159450/nb_txn_flush_2bfedc00-8904-11ec-886e-d7bd4fa2aee4.log 
INFO  [MigrationStage:1] 2022-02-08 17:25:55,609 ColumnFamilyStore.java:878 - Enqueuing flush of aggregates: 0.511KiB (0%) on-heap, 0.000KiB (0%) off-heap
WARN  [Messaging-EventLoop-3-4] 2022-02-08 17:25:55,635 Message.java:656 - [msx] size = 97
WARN  [Messaging-EventLoop-3-4] 2022-02-08 17:25:55,635 Message.java:657 - [msx] DatabaseDescriptor.getInternodeMaxMessageSizeInBytes() = 134217728
WARN  [Messaging-EventLoop-3-4] 2022-02-08 17:25:55,640 Message.java:656 - [msx] size = 35
WARN  [Messaging-EventLoop-3-4] 2022-02-08 17:25:55,640 Message.java:657 - [msx] DatabaseDescriptor.getInternodeMaxMessageSizeInBytes() = 134217728
INFO  [PerDiskMemtableFlushWriter_0:1] 2022-02-08 17:25:55,664 Memtable.java:469 - Writing Memtable-aggregates@1609949989(0.016KiB serialized bytes, 2 ops, 0%/0% of on/off-heap limit), flushed range = (null, null]
INFO  [PerDiskMemtableFlushWriter_0:1] 2022-02-08 17:25:55,665 Memtable.java:498 - Completed flushing /tmp/dtest-qai5g6wo/test/node2/data0/system_schema/aggregates-924c55872e3a345bb10c12f37c1ba895/nb-1-big-Data.db (0.048KiB) for commitlog position CommitLogPosition(segmentId=1644341147818, position=42090)
INFO  [MemtableFlushWriter:1] 2022-02-08 17:25:55,983 LogTransaction.java:240 - Unfinished transaction log, deleting /tmp/dtest-qai5g6wo/test/node2/data0/system_schema/aggregates-924c55872e3a345bb10c12f37c1ba895/nb_txn_flush_2c33ceb0-8904-11ec-886e-d7bd4fa2aee4.log 
INFO  [MigrationStage:1] 2022-02-08 17:25:55,997 ColumnFamilyStore.java:878 - Enqueuing flush of indexes: 0.511KiB (0%) on-heap, 0.000KiB (0%) off-heap
INFO  [PerDiskMemtableFlushWriter_0:1] 2022-02-08 17:25:56,117 Memtable.java:469 - Writing Memtable-indexes@1438162167(0.016KiB serialized bytes, 2 ops, 0%/0% of on/off-heap limit), flushed range = (null, null]
INFO  [PerDiskMemtableFlushWriter_0:1] 2022-02-08 17:25:56,118 Memtable.java:498 - Completed flushing /tmp/dtest-qai5g6wo/test/node2/data0/system_schema/indexes-0feb57ac311f382fba6d9024d305702f/nb-1-big-Data.db (0.048KiB) for commitlog position CommitLogPosition(segmentId=1644341147818, position=42090)
WARN  [Messaging-EventLoop-3-4] 2022-02-08 17:25:56,283 Message.java:656 - [msx] size = 100
WARN  [Messaging-EventLoop-3-4] 2022-02-08 17:25:56,284 Message.java:657 - [msx] DatabaseDescriptor.getInternodeMaxMessageSizeInBytes() = 134217728
INFO  [MemtableFlushWriter:1] 2022-02-08 17:25:56,413 LogTransaction.java:240 - Unfinished transaction log, deleting /tmp/dtest-qai5g6wo/test/node2/data0/system_schema/indexes-0feb57ac311f382fba6d9024d305702f/nb_txn_flush_2c6f02f0-8904-11ec-886e-d7bd4fa2aee4.log 
INFO  [MigrationStage:1] 2022-02-08 17:25:56,440 ColumnFamilyStore.java:878 - Enqueuing flush of tables: 92.656KiB (0%) on-heap, 0.000KiB (0%) off-heap
INFO  [PerDiskMemtableFlushWriter_0:1] 2022-02-08 17:25:56,559 Memtable.java:469 - Writing Memtable-tables@853649863(28.858KiB serialized bytes, 42 ops, 0%/0% of on/off-heap limit), flushed range = (null, null]
INFO  [PerDiskMemtableFlushWriter_0:1] 2022-02-08 17:25:56,564 Memtable.java:498 - Completed flushing /tmp/dtest-qai5g6wo/test/node2/data0/system_schema/tables-afddfb9dbc1e30688056eed6c302ba09/nb-1-big-Data.db (17.879KiB) for commitlog position CommitLogPosition(segmentId=1644341147818, position=42090)
WARN  [Messaging-EventLoop-3-4] 2022-02-08 17:25:56,641 Message.java:656 - [msx] size = 97
WARN  [Messaging-EventLoop-3-4] 2022-02-08 17:25:56,641 Message.java:657 - [msx] DatabaseDescriptor.getInternodeMaxMessageSizeInBytes() = 134217728
WARN  [Messaging-EventLoop-3-4] 2022-02-08 17:25:56,645 Message.java:656 - [msx] size = 151
WARN  [Messaging-EventLoop-3-4] 2022-02-08 17:25:56,645 Message.java:657 - [msx] DatabaseDescriptor.getInternodeMaxMessageSizeInBytes() = 134217728
INFO  [Messaging-EventLoop-3-6] 2022-02-08 17:25:56,675 InboundConnectionInitiator.java:464 - /127.0.0.1:7000(/127.0.0.1:55786)->/127.0.0.2:7000-SMALL_MESSAGES-8844e1ca messaging connection established, version = 12, framing = LZ4, encryption = unencrypted
INFO  [Messaging-EventLoop-3-5] 2022-02-08 17:25:56,676 InboundConnectionInitiator.java:464 - /127.0.0.1:7000(/127.0.0.1:55784)->/127.0.0.2:7000-LARGE_MESSAGES-c7f111cb messaging connection established, version = 12, framing = LZ4, encryption = unencrypted
WARN  [Messaging-EventLoop-3-6] 2022-02-08 17:25:56,678 Message.java:656 - [msx] size = 12
WARN  [Messaging-EventLoop-3-6] 2022-02-08 17:25:56,678 Message.java:657 - [msx] DatabaseDescriptor.getInternodeMaxMessageSizeInBytes() = 134217728
WARN  [GossipStage:1] 2022-02-08 17:25:56,682 StorageService.java:2751 - [msx] SystemKeyspace.updateTokens 4
WARN  [Messaging-EventLoop-3-5] 2022-02-08 17:25:56,684 Message.java:656 - [msx] size = 12
WARN  [Messaging-EventLoop-3-5] 2022-02-08 17:25:56,684 Message.java:657 - [msx] DatabaseDescriptor.getInternodeMaxMessageSizeInBytes() = 134217728
INFO  [Messaging-EventLoop-3-1] 2022-02-08 17:25:56,690 OutboundConnection.java:1156 - /127.0.0.2:7000(/127.0.0.1:41834)->/127.0.0.1:7000-SMALL_MESSAGES-2a365e5c successfully connected, version = 12, framing = LZ4, encryption = unencrypted
INFO  [Messaging-EventLoop-3-2] 2022-02-08 17:25:56,691 OutboundConnection.java:1156 - /127.0.0.2:7000(/127.0.0.1:41836)->/127.0.0.1:7000-LARGE_MESSAGES-3b8649db successfully connected, version = 12, framing = LZ4, encryption = unencrypted
INFO  [MemtableFlushWriter:1] 2022-02-08 17:25:56,758 LogTransaction.java:240 - Unfinished transaction log, deleting /tmp/dtest-qai5g6wo/test/node2/data0/system_schema/tables-afddfb9dbc1e30688056eed6c302ba09/nb_txn_flush_2cb2c2b0-8904-11ec-886e-d7bd4fa2aee4.log 
INFO  [MigrationStage:1] 2022-02-08 17:25:56,793 ColumnFamilyStore.java:878 - Enqueuing flush of views: 0.511KiB (0%) on-heap, 0.000KiB (0%) off-heap
INFO  [PerDiskMemtableFlushWriter_0:1] 2022-02-08 17:25:56,928 Memtable.java:469 - Writing Memtable-views@2082870829(0.016KiB serialized bytes, 2 ops, 0%/0% of on/off-heap limit), flushed range = (min(-9223372036854775808), max(9223372036854775807)]
INFO  [PerDiskMemtableFlushWriter_0:1] 2022-02-08 17:25:56,929 Memtable.java:498 - Completed flushing /tmp/dtest-qai5g6wo/test/node2/data0/system_schema/views-9786ac1cdd583201a7cdad556410c985/nb-1-big-Data.db (0.048KiB) for commitlog position CommitLogPosition(segmentId=1644341147818, position=43183)
WARN  [Messaging-EventLoop-3-4] 2022-02-08 17:25:57,283 Message.java:656 - [msx] size = 68
WARN  [Messaging-EventLoop-3-4] 2022-02-08 17:25:57,284 Message.java:657 - [msx] DatabaseDescriptor.getInternodeMaxMessageSizeInBytes() = 134217728
INFO  [MemtableFlushWriter:1] 2022-02-08 17:25:57,284 LogTransaction.java:240 - Unfinished transaction log, deleting /tmp/dtest-qai5g6wo/test/node2/data0/system_schema/views-9786ac1cdd583201a7cdad556410c985/nb_txn_flush_2ce878b0-8904-11ec-886e-d7bd4fa2aee4.log 
INFO  [MigrationStage:1] 2022-02-08 17:25:57,310 ColumnFamilyStore.java:878 - Enqueuing flush of keyspaces: 3.243KiB (0%) on-heap, 0.000KiB (0%) off-heap
INFO  [PerDiskMemtableFlushWriter_0:1] 2022-02-08 17:25:57,388 Memtable.java:469 - Writing Memtable-keyspaces@205139527(0.673KiB serialized bytes, 7 ops, 0%/0% of on/off-heap limit), flushed range = (min(-9223372036854775808), max(9223372036854775807)]
INFO  [PerDiskMemtableFlushWriter_0:1] 2022-02-08 17:25:57,390 Memtable.java:498 - Completed flushing /tmp/dtest-qai5g6wo/test/node2/data0/system_schema/keyspaces-abac5682dea631c5b535b3d6cffd0fb6/nb-1-big-Data.db (0.556KiB) for commitlog position CommitLogPosition(segmentId=1644341147818, position=43183)
INFO  [MemtableFlushWriter:1] 2022-02-08 17:25:57,575 LogTransaction.java:240 - Unfinished transaction log, deleting /tmp/dtest-qai5g6wo/test/node2/data0/system_schema/keyspaces-abac5682dea631c5b535b3d6cffd0fb6/nb_txn_flush_2d375c00-8904-11ec-886e-d7bd4fa2aee4.log 
WARN  [Messaging-EventLoop-3-4] 2022-02-08 17:25:57,642 Message.java:656 - [msx] size = 97
WARN  [Messaging-EventLoop-3-4] 2022-02-08 17:25:57,642 Message.java:657 - [msx] DatabaseDescriptor.getInternodeMaxMessageSizeInBytes() = 134217728
WARN  [Messaging-EventLoop-3-4] 2022-02-08 17:25:57,645 Message.java:656 - [msx] size = 35
WARN  [Messaging-EventLoop-3-4] 2022-02-08 17:25:57,645 Message.java:657 - [msx] DatabaseDescriptor.getInternodeMaxMessageSizeInBytes() = 134217728
INFO  [MigrationStage:1] 2022-02-08 17:25:57,689 Keyspace.java:386 - Creating replication strategy system_auth params KeyspaceParams{durable_writes=true, replication=ReplicationParams{class=org.apache.cassandra.locator.SimpleStrategy, replication_factor=1}}
INFO  [MigrationStage:1] 2022-02-08 17:25:57,693 ColumnFamilyStore.java:385 - Initializing system_auth.network_permissions
INFO  [MigrationStage:1] 2022-02-08 17:25:57,703 ColumnFamilyStore.java:385 - Initializing system_auth.resource_role_permissons_index
INFO  [MigrationStage:1] 2022-02-08 17:25:57,710 ColumnFamilyStore.java:385 - Initializing system_auth.role_members
INFO  [MigrationStage:1] 2022-02-08 17:25:57,718 ColumnFamilyStore.java:385 - Initializing system_auth.role_permissions
INFO  [MigrationStage:1] 2022-02-08 17:25:57,725 ColumnFamilyStore.java:385 - Initializing system_auth.roles
INFO  [MigrationStage:1] 2022-02-08 17:25:57,735 Keyspace.java:386 - Creating replication strategy system_distributed params KeyspaceParams{durable_writes=true, replication=ReplicationParams{class=org.apache.cassandra.locator.SimpleStrategy, replication_factor=3}}
INFO  [MigrationStage:1] 2022-02-08 17:25:57,738 ColumnFamilyStore.java:385 - Initializing system_distributed.parent_repair_history
INFO  [MigrationStage:1] 2022-02-08 17:25:57,747 ColumnFamilyStore.java:385 - Initializing system_distributed.repair_history
INFO  [MigrationStage:1] 2022-02-08 17:25:57,754 ColumnFamilyStore.java:385 - Initializing system_distributed.view_build_status
INFO  [MigrationStage:1] 2022-02-08 17:25:57,759 Keyspace.java:386 - Creating replication strategy system_traces params KeyspaceParams{durable_writes=true, replication=ReplicationParams{class=org.apache.cassandra.locator.SimpleStrategy, replication_factor=2}}
INFO  [MigrationStage:1] 2022-02-08 17:25:57,762 ColumnFamilyStore.java:385 - Initializing system_traces.events
INFO  [MigrationStage:1] 2022-02-08 17:25:57,780 ColumnFamilyStore.java:385 - Initializing system_traces.sessions
INFO  [main] 2022-02-08 17:25:57,814 StorageService.java:1648 - JOINING: Finish joining ring
INFO  [main] 2022-02-08 17:25:57,818 ColumnFamilyStore.java:878 - Enqueuing flush of local: 0.604KiB (0%) on-heap, 0.000KiB (0%) off-heap
INFO  [PerDiskMemtableFlushWriter_0:1] 2022-02-08 17:25:57,872 Memtable.java:469 - Writing Memtable-local@494162963(0.084KiB serialized bytes, 3 ops, 0%/0% of on/off-heap limit), flushed range = (min(-9223372036854775808), max(9223372036854775807)]
INFO  [PerDiskMemtableFlushWriter_0:1] 2022-02-08 17:25:57,872 Memtable.java:498 - Completed flushing /tmp/dtest-qai5g6wo/test/node2/data0/system/local-7ad54392bcdd35a684174e047860b377/nb-4-big-Data.db (0.058KiB) for commitlog position CommitLogPosition(segmentId=1644341147818, position=43339)
INFO  [MemtableFlushWriter:1] 2022-02-08 17:25:58,053 LogTransaction.java:240 - Unfinished transaction log, deleting /tmp/dtest-qai5g6wo/test/node2/data0/system/local-7ad54392bcdd35a684174e047860b377/nb_txn_flush_2d84dfc0-8904-11ec-886e-d7bd4fa2aee4.log 
WARN  [main] 2022-02-08 17:25:58,070 StorageService.java:306 - [msx] SystemKeyspace.updateTokens 1
INFO  [main] 2022-02-08 17:25:58,074 ColumnFamilyStore.java:878 - Enqueuing flush of local: 0.563KiB (0%) on-heap, 0.000KiB (0%) off-heap
INFO  [PerDiskMemtableFlushWriter_0:1] 2022-02-08 17:25:58,120 Memtable.java:469 - Writing Memtable-local@585394667(0.075KiB serialized bytes, 1 ops, 0%/0% of on/off-heap limit), flushed range = (min(-9223372036854775808), max(9223372036854775807)]
INFO  [PerDiskMemtableFlushWriter_0:1] 2022-02-08 17:25:58,121 Memtable.java:498 - Completed flushing /tmp/dtest-qai5g6wo/test/node2/data0/system/local-7ad54392bcdd35a684174e047860b377/nb-5-big-Data.db (0.048KiB) for commitlog position CommitLogPosition(segmentId=1644341147818, position=43432)
WARN  [Messaging-EventLoop-3-4] 2022-02-08 17:25:58,284 Message.java:656 - [msx] size = 35
WARN  [Messaging-EventLoop-3-4] 2022-02-08 17:25:58,285 Message.java:657 - [msx] DatabaseDescriptor.getInternodeMaxMessageSizeInBytes() = 134217728
INFO  [MemtableFlushWriter:1] 2022-02-08 17:25:58,301 LogTransaction.java:240 - Unfinished transaction log, deleting /tmp/dtest-qai5g6wo/test/node2/data0/system/local-7ad54392bcdd35a684174e047860b377/nb_txn_flush_2daba1a0-8904-11ec-886e-d7bd4fa2aee4.log 
WARN  [main] 2022-02-08 17:25:58,322 StorageService.java:2751 - [msx] SystemKeyspace.updateTokens 4
INFO  [main] 2022-02-08 17:25:58,323 StorageService.java:2802 - Node /127.0.0.2:7000 state jump to NORMAL
WARN  [main] 2022-02-08 17:25:58,324 StorageService.java:2751 - [msx] SystemKeyspace.updateTokens 4
INFO  [main] 2022-02-08 17:25:58,325 Gossiper.java:2214 - Waiting for gossip to settle...
WARN  [Messaging-EventLoop-3-4] 2022-02-08 17:25:58,643 Message.java:656 - [msx] size = 97
WARN  [Messaging-EventLoop-3-4] 2022-02-08 17:25:58,644 Message.java:657 - [msx] DatabaseDescriptor.getInternodeMaxMessageSizeInBytes() = 134217728
WARN  [Messaging-EventLoop-3-4] 2022-02-08 17:25:58,666 Message.java:656 - [msx] size = 35
WARN  [Messaging-EventLoop-3-4] 2022-02-08 17:25:58,666 Message.java:657 - [msx] DatabaseDescriptor.getInternodeMaxMessageSizeInBytes() = 134217728
WARN  [Messaging-EventLoop-3-4] 2022-02-08 17:25:59,286 Message.java:656 - [msx] size = 35
WARN  [Messaging-EventLoop-3-4] 2022-02-08 17:25:59,287 Message.java:657 - [msx] DatabaseDescriptor.getInternodeMaxMessageSizeInBytes() = 134217728
WARN  [Messaging-EventLoop-3-4] 2022-02-08 17:25:59,645 Message.java:656 - [msx] size = 97
WARN  [Messaging-EventLoop-3-4] 2022-02-08 17:25:59,646 Message.java:657 - [msx] DatabaseDescriptor.getInternodeMaxMessageSizeInBytes() = 134217728
WARN  [Messaging-EventLoop-3-4] 2022-02-08 17:25:59,649 Message.java:656 - [msx] size = 35
WARN  [Messaging-EventLoop-3-4] 2022-02-08 17:25:59,649 Message.java:657 - [msx] DatabaseDescriptor.getInternodeMaxMessageSizeInBytes() = 134217728
WARN  [Messaging-EventLoop-3-4] 2022-02-08 17:26:00,290 Message.java:656 - [msx] size = 35
WARN  [Messaging-EventLoop-3-4] 2022-02-08 17:26:00,291 Message.java:657 - [msx] DatabaseDescriptor.getInternodeMaxMessageSizeInBytes() = 134217728
WARN  [Messaging-EventLoop-3-4] 2022-02-08 17:26:00,647 Message.java:656 - [msx] size = 97
WARN  [Messaging-EventLoop-3-4] 2022-02-08 17:26:00,647 Message.java:657 - [msx] DatabaseDescriptor.getInternodeMaxMessageSizeInBytes() = 134217728
WARN  [Messaging-EventLoop-3-4] 2022-02-08 17:26:00,651 Message.java:656 - [msx] size = 35
WARN  [Messaging-EventLoop-3-4] 2022-02-08 17:26:00,651 Message.java:657 - [msx] DatabaseDescriptor.getInternodeMaxMessageSizeInBytes() = 134217728
WARN  [Messaging-EventLoop-3-4] 2022-02-08 17:26:01,291 Message.java:656 - [msx] size = 35
WARN  [Messaging-EventLoop-3-4] 2022-02-08 17:26:01,291 Message.java:657 - [msx] DatabaseDescriptor.getInternodeMaxMessageSizeInBytes() = 134217728
WARN  [Messaging-EventLoop-3-4] 2022-02-08 17:26:01,648 Message.java:656 - [msx] size = 97
WARN  [Messaging-EventLoop-3-4] 2022-02-08 17:26:01,649 Message.java:657 - [msx] DatabaseDescriptor.getInternodeMaxMessageSizeInBytes() = 134217728
WARN  [Messaging-EventLoop-3-4] 2022-02-08 17:26:01,652 Message.java:656 - [msx] size = 35
WARN  [Messaging-EventLoop-3-4] 2022-02-08 17:26:01,652 Message.java:657 - [msx] DatabaseDescriptor.getInternodeMaxMessageSizeInBytes() = 134217728
WARN  [Messaging-EventLoop-3-4] 2022-02-08 17:26:02,291 Message.java:656 - [msx] size = 35
WARN  [Messaging-EventLoop-3-4] 2022-02-08 17:26:02,292 Message.java:657 - [msx] DatabaseDescriptor.getInternodeMaxMessageSizeInBytes() = 134217728
WARN  [Messaging-EventLoop-3-4] 2022-02-08 17:26:02,650 Message.java:656 - [msx] size = 97
WARN  [Messaging-EventLoop-3-4] 2022-02-08 17:26:02,650 Message.java:657 - [msx] DatabaseDescriptor.getInternodeMaxMessageSizeInBytes() = 134217728
WARN  [Messaging-EventLoop-3-4] 2022-02-08 17:26:02,653 Message.java:656 - [msx] size = 35
WARN  [Messaging-EventLoop-3-4] 2022-02-08 17:26:02,654 Message.java:657 - [msx] DatabaseDescriptor.getInternodeMaxMessageSizeInBytes() = 134217728
WARN  [Messaging-EventLoop-3-4] 2022-02-08 17:26:03,293 Message.java:656 - [msx] size = 35
WARN  [Messaging-EventLoop-3-4] 2022-02-08 17:26:03,293 Message.java:657 - [msx] DatabaseDescriptor.getInternodeMaxMessageSizeInBytes() = 134217728
WARN  [Messaging-EventLoop-3-4] 2022-02-08 17:26:03,651 Message.java:656 - [msx] size = 97
WARN  [Messaging-EventLoop-3-4] 2022-02-08 17:26:03,651 Message.java:657 - [msx] DatabaseDescriptor.getInternodeMaxMessageSizeInBytes() = 134217728
WARN  [Messaging-EventLoop-3-4] 2022-02-08 17:26:03,655 Message.java:656 - [msx] size = 35
WARN  [Messaging-EventLoop-3-4] 2022-02-08 17:26:03,655 Message.java:657 - [msx] DatabaseDescriptor.getInternodeMaxMessageSizeInBytes() = 134217728
WARN  [Messaging-EventLoop-3-4] 2022-02-08 17:26:04,295 Message.java:656 - [msx] size = 35
WARN  [Messaging-EventLoop-3-4] 2022-02-08 17:26:04,295 Message.java:657 - [msx] DatabaseDescriptor.getInternodeMaxMessageSizeInBytes() = 134217728
WARN  [Messaging-EventLoop-3-4] 2022-02-08 17:26:04,652 Message.java:656 - [msx] size = 97
WARN  [Messaging-EventLoop-3-4] 2022-02-08 17:26:04,653 Message.java:657 - [msx] DatabaseDescriptor.getInternodeMaxMessageSizeInBytes() = 134217728
WARN  [Messaging-EventLoop-3-4] 2022-02-08 17:26:04,656 Message.java:656 - [msx] size = 35
WARN  [Messaging-EventLoop-3-4] 2022-02-08 17:26:04,656 Message.java:657 - [msx] DatabaseDescriptor.getInternodeMaxMessageSizeInBytes() = 134217728
WARN  [Messaging-EventLoop-3-4] 2022-02-08 17:26:05,296 Message.java:656 - [msx] size = 35
WARN  [Messaging-EventLoop-3-4] 2022-02-08 17:26:05,296 Message.java:657 - [msx] DatabaseDescriptor.getInternodeMaxMessageSizeInBytes() = 134217728
WARN  [Messaging-EventLoop-3-4] 2022-02-08 17:26:05,653 Message.java:656 - [msx] size = 97
WARN  [Messaging-EventLoop-3-4] 2022-02-08 17:26:05,654 Message.java:657 - [msx] DatabaseDescriptor.getInternodeMaxMessageSizeInBytes() = 134217728
WARN  [Messaging-EventLoop-3-4] 2022-02-08 17:26:05,657 Message.java:656 - [msx] size = 35
WARN  [Messaging-EventLoop-3-4] 2022-02-08 17:26:05,657 Message.java:657 - [msx] DatabaseDescriptor.getInternodeMaxMessageSizeInBytes() = 134217728
WARN  [Messaging-EventLoop-3-4] 2022-02-08 17:26:06,297 Message.java:656 - [msx] size = 35
WARN  [Messaging-EventLoop-3-4] 2022-02-08 17:26:06,297 Message.java:657 - [msx] DatabaseDescriptor.getInternodeMaxMessageSizeInBytes() = 134217728
INFO  [main] 2022-02-08 17:26:06,327 Gossiper.java:2245 - No gossip backlog; proceeding
INFO  [main] 2022-02-08 17:26:06,340 AuthCache.java:215 - (Re)initializing CredentialsCache (validity period/update interval/max entries) (2000/2000/1000)
