WARN  [main] 2022-02-08 17:25:46,493 DatabaseDescriptor.java:209 - [msx] Printing stack trace:
WARN  [main] 2022-02-08 17:25:46,496 DatabaseDescriptor.java:213 - 	at org.apache.cassandra.config.DatabaseDescriptor.daemonInitialization(DatabaseDescriptor.java:210)
WARN  [main] 2022-02-08 17:25:46,496 DatabaseDescriptor.java:213 - 	at org.apache.cassandra.config.DatabaseDescriptor.daemonInitialization(DatabaseDescriptor.java:203)
WARN  [main] 2022-02-08 17:25:46,496 DatabaseDescriptor.java:213 - 	at org.apache.cassandra.service.CassandraDaemon.applyConfig(CassandraDaemon.java:821)
WARN  [main] 2022-02-08 17:25:46,497 DatabaseDescriptor.java:213 - 	at org.apache.cassandra.service.CassandraDaemon.activate(CassandraDaemon.java:757)
WARN  [main] 2022-02-08 17:25:46,497 DatabaseDescriptor.java:213 - 	at org.apache.cassandra.service.CassandraDaemon.main(CassandraDaemon.java:892)
INFO  [main] 2022-02-08 17:25:46,501 YamlConfigurationLoader.java:97 - Configuration location: file:/tmp/dtest-qai5g6wo/test/node1/conf/cassandra.yaml
INFO  [main] 2022-02-08 17:25:47,007 Config.java:839 - Node configuration:[allocate_tokens_for_keyspace=null; allocate_tokens_for_local_replication_factor=3; audit_logging_options=AuditLogOptions{enabled=false, logger='BinAuditLogger', included_keyspaces='', excluded_keyspaces='system,system_schema,system_virtual_schema', included_categories='', excluded_categories='', included_users='', excluded_users='', audit_logs_dir='/tmp/dtest-qai5g6wo/test/node1/logs/audit/', archive_command='', roll_cycle='HOURLY', block=true, max_queue_weight=268435456, max_log_size=17179869184}; authenticator=org.apache.cassandra.auth.PasswordAuthenticator; authorizer=org.apache.cassandra.auth.CassandraAuthorizer; auto_bootstrap=false; auto_optimise_full_repair_streams=false; auto_optimise_inc_repair_streams=false; auto_optimise_preview_repair_streams=false; auto_snapshot=true; autocompaction_on_startup_enabled=true; automatic_sstable_upgrade=false; back_pressure_enabled=false; back_pressure_strategy=null; batch_size_fail_threshold_in_kb=50; batch_size_warn_threshold_in_kb=5; batchlog_replay_throttle_in_kb=1024; block_for_peers_in_remote_dcs=false; block_for_peers_timeout_in_secs=10; broadcast_address=null; broadcast_rpc_address=null; buffer_pool_use_heap_if_exhausted=false; cache_load_timeout_seconds=30; cas_contention_timeout_in_ms=1000; cdc_enabled=false; cdc_free_space_check_interval_ms=250; cdc_raw_directory=/tmp/dtest-qai5g6wo/test/node1/cdc_raw; cdc_total_space_in_mb=0; check_for_duplicate_rows_during_compaction=true; check_for_duplicate_rows_during_reads=true; client_encryption_options=<REDACTED>; cluster_name=test; column_index_cache_size_in_kb=2; column_index_size_in_kb=64; commit_failure_policy=stop; commitlog_compression=null; commitlog_directory=/tmp/dtest-qai5g6wo/test/node1/commitlogs; commitlog_max_compression_buffers_in_pool=3; commitlog_periodic_queue_size=-1; commitlog_segment_size_in_mb=32; commitlog_sync=periodic; commitlog_sync_batch_window_in_ms=NaN; commitlog_sync_group_window_in_ms=NaN; commitlog_sync_period_in_ms=10000; commitlog_total_space_in_mb=null; compaction_large_partition_warning_threshold_mb=100; compaction_throughput_mb_per_sec=64; componentId=1; componentType=CassandraDaemon; concurrent_compactors=null; concurrent_counter_writes=32; concurrent_materialized_view_builders=1; concurrent_materialized_view_writes=32; concurrent_reads=32; concurrent_replicates=null; concurrent_validations=0; concurrent_writes=32; consecutive_message_errors_threshold=1; corrupted_tombstone_strategy=exception; counter_cache_keys_to_save=2147483647; counter_cache_save_period=7200; counter_cache_size_in_mb=null; counter_write_request_timeout_in_ms=5000; credentials_cache_max_entries=1000; credentials_update_interval_in_ms=-1; credentials_validity_in_ms=2000; cross_node_timeout=true; data_file_directories=[Ljava.lang.String;@1ca3b418; diagnostic_events_enabled=false; disk_access_mode=auto; disk_failure_policy=stop; disk_optimization_estimate_percentile=0.95; disk_optimization_page_cross_chance=0.1; disk_optimization_strategy=ssd; dynamic_snitch=true; dynamic_snitch_badness_threshold=1.0; dynamic_snitch_reset_interval_in_ms=600000; dynamic_snitch_update_interval_in_ms=100; enable_drop_compact_storage=false; enable_materialized_views=false; enable_sasi_indexes=false; enable_scripted_user_defined_functions=false; enable_transient_replication=false; enable_user_defined_functions=false; enable_user_defined_functions_threads=true; endpoint_snitch=org.apache.cassandra.locator.PropertyFileSnitch; file_cache_enabled=false; file_cache_round_up=null; file_cache_size_in_mb=null; flush_compression=fast; full_query_logging_options=FullQueryLoggerOptions{log_dir='', archive_command='', roll_cycle='HOURLY', block=true, max_queue_weight=268435456, max_log_size=17179869184}; gc_log_threshold_in_ms=200; gc_warn_threshold_in_ms=1000; hinted_handoff_disabled_datacenters=[]; hinted_handoff_enabled=true; hinted_handoff_throttle_in_kb=1024; hints_compression=null; hints_directory=/tmp/dtest-qai5g6wo/test/node1/hints; hints_flush_period_in_ms=10000; ideal_consistency_level=null; incremental_backups=false; index_summary_capacity_in_mb=null; index_summary_resize_interval_in_minutes=60; initial_range_tombstone_list_allocation_size=1; initial_token=-9223372036854775808; inter_dc_stream_throughput_outbound_megabits_per_sec=200; inter_dc_tcp_nodelay=false; internode_application_receive_queue_capacity_in_bytes=4194304; internode_application_receive_queue_reserve_endpoint_capacity_in_bytes=134217728; internode_application_receive_queue_reserve_global_capacity_in_bytes=536870912; internode_application_send_queue_capacity_in_bytes=4194304; internode_application_send_queue_reserve_endpoint_capacity_in_bytes=134217728; internode_application_send_queue_reserve_global_capacity_in_bytes=536870912; internode_authenticator=null; internode_compression=dc; internode_max_message_size_in_bytes=null; internode_socket_receive_buffer_size_in_bytes=0; internode_socket_send_buffer_size_in_bytes=0; internode_streaming_tcp_user_timeout_in_ms=300000; internode_tcp_connect_timeout_in_ms=2000; internode_tcp_user_timeout_in_ms=30000; key_cache_keys_to_save=2147483647; key_cache_migrate_during_compaction=true; key_cache_save_period=14400; key_cache_size_in_mb=null; keyspace_count_warn_threshold=40; listen_address=127.0.0.1; listen_interface=null; listen_interface_prefer_ipv6=false; listen_on_broadcast_address=false; local_system_data_file_directory=null; max_concurrent_automatic_sstable_upgrades=1; max_hint_window_in_ms=10800000; max_hints_delivery_threads=2; max_hints_file_size_in_mb=128; max_mutation_size_in_kb=null; max_streaming_retries=3; max_value_size_in_mb=256; memtable_allocation_type=heap_buffers; memtable_cleanup_threshold=null; memtable_flush_writers=0; memtable_heap_space_in_mb=null; memtable_offheap_space_in_mb=null; min_free_space_per_drive_in_mb=50; native_transport_allow_older_protocols=true; native_transport_flush_in_batches_legacy=false; native_transport_idle_timeout_in_ms=0; native_transport_max_concurrent_connections=-1; native_transport_max_concurrent_connections_per_ip=-1; native_transport_max_concurrent_requests_in_bytes=-1; native_transport_max_concurrent_requests_in_bytes_per_ip=-1; native_transport_max_frame_size_in_mb=256; native_transport_max_negotiable_protocol_version=null; native_transport_max_threads=128; native_transport_port=9042; native_transport_port_ssl=null; native_transport_receive_queue_capacity_in_bytes=1048576; network_authorizer=org.apache.cassandra.auth.CassandraNetworkAuthorizer; networking_cache_size_in_mb=null; num_tokens=1; partitioner=org.apache.cassandra.dht.Murmur3Partitioner; periodic_commitlog_sync_lag_block_in_ms=null; permissions_cache_max_entries=1000; permissions_update_interval_in_ms=-1; permissions_validity_in_ms=2000; phi_convict_threshold=5.0; prepared_statements_cache_size_mb=null; range_request_timeout_in_ms=15000; range_tombstone_list_growth_factor=1.5; read_request_timeout_in_ms=15000; reject_repair_compaction_threshold=2147483647; repair_command_pool_full_strategy=queue; repair_command_pool_size=0; repair_session_max_tree_depth=null; repair_session_space_in_mb=null; repaired_data_tracking_for_partition_reads_enabled=true; repaired_data_tracking_for_range_reads_enabled=true; report_unconfirmed_repaired_data_mismatches=true; request_timeout_in_ms=15000; role_manager=org.apache.cassandra.auth.CassandraRoleManager; roles_cache_max_entries=1000; roles_update_interval_in_ms=-1; roles_validity_in_ms=2000; row_cache_class_name=org.apache.cassandra.cache.OHCProvider; row_cache_keys_to_save=2147483647; row_cache_save_period=0; row_cache_size_in_mb=0; rpc_address=127.0.0.1; rpc_interface=null; rpc_interface_prefer_ipv6=false; rpc_keepalive=true; saved_caches_directory=/tmp/dtest-qai5g6wo/test/node1/saved_caches; seed_provider=org.apache.cassandra.locator.SimpleSeedProvider{seeds=127.0.0.1:7000}; server_encryption_options=<REDACTED>; slow_query_log_timeout_in_ms=500; snapshot_before_compaction=false; snapshot_links_per_second=0; snapshot_on_duplicate_row_detection=false; snapshot_on_repaired_data_mismatch=false; ssl_storage_port=7001; sstable_preemptive_open_interval_in_mb=50; start_native_transport=true; storage_port=7000; stream_entire_sstables=true; stream_throughput_outbound_megabits_per_sec=200; streaming_connections_per_host=1; streaming_keep_alive_period_in_secs=300; table_count_warn_threshold=150; tombstone_failure_threshold=100000; tombstone_warn_threshold=1000; tracetype_query_ttl=86400; tracetype_repair_ttl=604800; transparent_data_encryption_options=org.apache.cassandra.config.TransparentDataEncryptionOptions@58cbafc2; trickle_fsync=false; trickle_fsync_interval_in_kb=10240; truncate_request_timeout_in_ms=15000; unlogged_batch_across_partitions_warn_threshold=10; use_offheap_merkle_trees=true; user_defined_function_fail_timeout=1500; user_defined_function_warn_timeout=500; user_function_timeout_policy=die; validation_preview_purge_head_start_in_sec=3600; windows_timer_interval=1; write_request_timeout_in_ms=15000]
INFO  [main] 2022-02-08 17:25:47,012 DatabaseDescriptor.java:467 - DiskAccessMode 'auto' determined to be mmap, indexAccessMode is mmap
INFO  [main] 2022-02-08 17:25:47,015 DatabaseDescriptor.java:528 - Global memtable on-heap threshold is enabled at 123MB
INFO  [main] 2022-02-08 17:25:47,015 DatabaseDescriptor.java:532 - Global memtable off-heap threshold is enabled at 123MB
WARN  [main] 2022-02-08 17:25:47,038 DatabaseDescriptor.java:881 - [msx] maxMessageSize == null
WARN  [main] 2022-02-08 17:25:47,039 DatabaseDescriptor.java:885 - [msx] internode_application_receive_queue_reserve_endpoint_capacity_in_bytes = 134217728
WARN  [main] 2022-02-08 17:25:47,039 DatabaseDescriptor.java:886 - [msx] internode_application_send_queue_reserve_endpoint_capacity_in_bytes = 134217728
WARN  [main] 2022-02-08 17:25:47,039 DatabaseDescriptor.java:887 - [msx] conf.internode_max_message_size_in_bytes = 134217728
WARN  [main] 2022-02-08 17:25:47,199 CassandraDaemon.java:233 - [msx] setup(): componentType = CassandraDaemon, componentId = 1
INFO  [main] 2022-02-08 17:25:47,232 JMXServerUtils.java:271 - Configured JMX server at: service:jmx:rmi://127.0.0.1/jndi/rmi://127.0.0.1:7100/jmxrmi
INFO  [main] 2022-02-08 17:25:47,240 CassandraDaemon.java:628 - Hostname: fcf827a90b29:7000:7001
INFO  [main] 2022-02-08 17:25:47,240 CassandraDaemon.java:635 - JVM vendor/version: OpenJDK 64-Bit Server VM/1.8.0_312
INFO  [main] 2022-02-08 17:25:47,241 CassandraDaemon.java:636 - Heap size: 495.000MiB/495.000MiB
INFO  [main] 2022-02-08 17:25:47,242 CassandraDaemon.java:641 - Code Cache Non-heap memory: init = 2555904(2496K) used = 8465920(8267K) committed = 8519680(8320K) max = 251658240(245760K)
INFO  [main] 2022-02-08 17:25:47,242 CassandraDaemon.java:641 - Metaspace Non-heap memory: init = 0(0K) used = 24371096(23799K) committed = 24866816(24284K) max = -1(-1K)
INFO  [main] 2022-02-08 17:25:47,242 CassandraDaemon.java:641 - Compressed Class Space Non-heap memory: init = 0(0K) used = 2828984(2762K) committed = 3010560(2940K) max = 1073741824(1048576K)
INFO  [main] 2022-02-08 17:25:47,242 CassandraDaemon.java:641 - Par Eden Space Heap memory: init = 41943040(40960K) used = 41943040(40960K) committed = 41943040(40960K) max = 41943040(40960K)
INFO  [main] 2022-02-08 17:25:47,243 CassandraDaemon.java:641 - Par Survivor Space Heap memory: init = 5242880(5120K) used = 5242872(5119K) committed = 5242880(5120K) max = 5242880(5120K)
INFO  [main] 2022-02-08 17:25:47,243 CassandraDaemon.java:641 - CMS Old Gen Heap memory: init = 471859200(460800K) used = 4377968(4275K) committed = 471859200(460800K) max = 471859200(460800K)
INFO  [main] 2022-02-08 17:25:47,243 CassandraDaemon.java:643 - Classpath: /tmp/dtest-qai5g6wo/test/node1/conf:/root/cassandra/build/apache-cassandra-4.0.2-SNAPSHOT.jar:/root/cassandra/lib/HdrHistogram-2.1.9.jar:/root/cassandra/lib/ST4-4.0.8.jar:/root/cassandra/lib/airline-0.8.jar:/root/cassandra/lib/antlr-runtime-3.5.2.jar:/root/cassandra/lib/asm-7.1.jar:/root/cassandra/lib/caffeine-2.5.6.jar:/root/cassandra/lib/cassandra-driver-core-3.11.0-shaded.jar:/root/cassandra/lib/chronicle-bytes-2.20.111.jar:/root/cassandra/lib/chronicle-core-2.20.126.jar:/root/cassandra/lib/chronicle-queue-5.20.123.jar:/root/cassandra/lib/chronicle-threads-2.20.111.jar:/root/cassandra/lib/chronicle-wire-2.20.117.jar:/root/cassandra/lib/commons-cli-1.1.jar:/root/cassandra/lib/commons-codec-1.9.jar:/root/cassandra/lib/commons-lang3-3.11.jar:/root/cassandra/lib/commons-math3-3.2.jar:/root/cassandra/lib/concurrent-trees-2.4.0.jar:/root/cassandra/lib/ecj-4.6.1.jar:/root/cassandra/lib/guava-27.0-jre.jar:/root/cassandra/lib/high-scale-lib-1.0.6.jar:/root/cassandra/lib/hppc-0.8.1.jar:/root/cassandra/lib/j2objc-annotations-1.3.jar:/root/cassandra/lib/jackson-annotations-2.12.5.jar:/root/cassandra/lib/jackson-core-2.12.5.jar:/root/cassandra/lib/jackson-databind-2.12.5.jar:/root/cassandra/lib/jamm-0.3.2.jar:/root/cassandra/lib/java-cup-runtime-11b-20160615.jar:/root/cassandra/lib/javax.inject-1.jar:/root/cassandra/lib/jbcrypt-0.4.jar:/root/cassandra/lib/jcl-over-slf4j-1.7.25.jar:/root/cassandra/lib/jcommander-1.30.jar:/root/cassandra/lib/jctools-core-3.1.0.jar:/root/cassandra/lib/jflex-1.8.2.jar:/root/cassandra/lib/jna-5.6.0.jar:/root/cassandra/lib/json-simple-1.1.jar:/root/cassandra/lib/jvm-attach-api-1.5.jar:/root/cassandra/lib/log4j-over-slf4j-1.7.25.jar:/root/cassandra/lib/logback-classic-1.2.3.jar:/root/cassandra/lib/logback-core-1.2.3.jar:/root/cassandra/lib/lz4-java-1.8.0.jar:/root/cassandra/lib/metrics-core-3.1.5.jar:/root/cassandra/lib/metrics-jvm-3.1.5.jar:/root/cassandra/lib/metrics-logback-3.1.5.jar:/root/cassandra/lib/mxdump-0.14.jar:/root/cassandra/lib/netty-all-4.1.58.Final.jar:/root/cassandra/lib/netty-tcnative-boringssl-static-2.0.36.Final.jar:/root/cassandra/lib/ohc-core-0.5.1.jar:/root/cassandra/lib/ohc-core-j8-0.5.1.jar:/root/cassandra/lib/psjava-0.1.19.jar:/root/cassandra/lib/reporter-config-base-3.0.3.jar:/root/cassandra/lib/reporter-config3-3.0.3.jar:/root/cassandra/lib/sigar-1.6.4.jar:/root/cassandra/lib/sjk-cli-0.14.jar:/root/cassandra/lib/sjk-core-0.14.jar:/root/cassandra/lib/sjk-json-0.14.jar:/root/cassandra/lib/sjk-stacktrace-0.14.jar:/root/cassandra/lib/slf4j-api-1.7.25.jar:/root/cassandra/lib/snakeyaml-1.26.jar:/root/cassandra/lib/snappy-java-1.1.2.6.jar:/root/cassandra/lib/snowball-stemmer-1.3.0.581.1.jar:/root/cassandra/lib/stream-2.5.2.jar:/root/cassandra/lib/zstd-jni-1.5.0-4.jar:/root/cassandra/lib/jsr223/*/*.jar::/root/cassandra/lib/jamm-0.3.2.jar
INFO  [main] 2022-02-08 17:25:47,243 CassandraDaemon.java:645 - JVM Arguments: [-ea, -da:net.openhft..., -XX:+UseThreadPriorities, -XX:+HeapDumpOnOutOfMemoryError, -Xss256k, -XX:+AlwaysPreTouch, -XX:-UseBiasedLocking, -XX:+UseTLAB, -XX:+ResizeTLAB, -XX:+UseNUMA, -XX:+PerfDisableSharedMem, -Djava.net.preferIPv4Stack=true, -agentlib:jdwp=transport=dt_socket,server=y,suspend=n,address=2100, -XX:ThreadPriorityPolicy=42, -XX:+UseParNewGC, -XX:+UseConcMarkSweepGC, -XX:+CMSParallelRemarkEnabled, -XX:SurvivorRatio=8, -XX:MaxTenuringThreshold=1, -XX:CMSInitiatingOccupancyFraction=75, -XX:+UseCMSInitiatingOccupancyOnly, -XX:CMSWaitDuration=10000, -XX:+CMSParallelInitialMarkEnabled, -XX:+CMSEdenChunksRecordAlways, -XX:+CMSClassUnloadingEnabled, -XX:+PrintGCDetails, -XX:+PrintGCDateStamps, -XX:+PrintHeapAtGC, -XX:+PrintTenuringDistribution, -XX:+PrintGCApplicationStoppedTime, -XX:+PrintPromotionFailure, -XX:+UseGCLogFileRotation, -XX:NumberOfGCLogFiles=10, -XX:GCLogFileSize=10M, -Xloggc:/tmp/dtest-qai5g6wo/test/node1/logs/gc.log, -Xms500M, -Xmx500M, -Xmn50M, -XX:+UseCondCardMark, -XX:CompileCommandFile=/tmp/dtest-qai5g6wo/test/node1/conf/hotspot_compiler, -javaagent:/root/cassandra/lib/jamm-0.3.2.jar, -Dcassandra.jmx.local.port=7100, -Dcom.sun.management.jmxremote.authenticate=false, -Dcom.sun.management.jmxremote.password.file=/etc/cassandra/jmxremote.password, -Djava.library.path=/root/cassandra/lib/sigar-bin, -XX:-PerfDisableSharedMem, -Dcassandra.migration_task_wait_in_seconds=4, -Dcassandra.libjemalloc=-, -XX:OnOutOfMemoryError=kill -9 %p, -Dlogback.configurationFile=logback.xml, -Dcassandra.logdir=/root/cassandra/logs, -Dcassandra.storagedir=/root/cassandra/data, -Dcassandra-pidfile=/tmp/dtest-qai5g6wo/test/node1/cassandra.pid, -Dcassandra.join_ring=True, -Dcassandra.logdir=/tmp/dtest-qai5g6wo/test/node1/logs, -Dcassandra.boot_without_jna=true]
WARN  [main] 2022-02-08 17:25:47,306 NativeLibrary.java:201 - Unable to lock JVM memory (ENOMEM). This can result in part of the JVM being swapped out, especially with mmapped I/O enabled. Increase RLIMIT_MEMLOCK.
INFO  [main] 2022-02-08 17:25:47,371 MonotonicClock.java:202 - Scheduling approximate time conversion task with an interval of 10000 milliseconds
INFO  [main] 2022-02-08 17:25:47,373 MonotonicClock.java:338 - Scheduling approximate time-check task with a precision of 2 milliseconds
INFO  [main] 2022-02-08 17:25:47,374 StartupChecks.java:145 - jemalloc preload explicitly disabled
WARN  [main] 2022-02-08 17:25:47,374 StartupChecks.java:187 - JMX is not enabled to receive remote connections. Please see cassandra-env.sh for more info.
INFO  [main] 2022-02-08 17:25:47,376 SigarLibrary.java:44 - Initializing SIGAR library
WARN  [main] 2022-02-08 17:25:47,387 SigarLibrary.java:174 - Cassandra server running in degraded mode. Is swap disabled? : false,  Address space adequate? : true,  nofile limit adequate? : true, nproc limit adequate? : true 
WARN  [main] 2022-02-08 17:25:47,387 StartupChecks.java:329 - Maximum number of memory map areas per process (vm.max_map_count) 65530 is too low, recommended value: 1048575, you can change it with sysctl.
INFO  [main] 2022-02-08 17:25:48,062 Keyspace.java:386 - Creating replication strategy system params KeyspaceParams{durable_writes=true, replication=ReplicationParams{class=org.apache.cassandra.locator.LocalStrategy}}
INFO  [main] 2022-02-08 17:25:48,107 ColumnFamilyStore.java:385 - Initializing system.IndexInfo
INFO  [main] 2022-02-08 17:25:49,057 ColumnFamilyStore.java:385 - Initializing system.batches
INFO  [main] 2022-02-08 17:25:49,069 ColumnFamilyStore.java:385 - Initializing system.paxos
INFO  [main] 2022-02-08 17:25:49,079 ColumnFamilyStore.java:385 - Initializing system.local
INFO  [main] 2022-02-08 17:25:49,088 ColumnFamilyStore.java:385 - Initializing system.peers_v2
INFO  [main] 2022-02-08 17:25:49,098 ColumnFamilyStore.java:385 - Initializing system.peers
INFO  [main] 2022-02-08 17:25:49,107 ColumnFamilyStore.java:385 - Initializing system.peer_events_v2
INFO  [main] 2022-02-08 17:25:49,116 ColumnFamilyStore.java:385 - Initializing system.peer_events
INFO  [main] 2022-02-08 17:25:49,126 ColumnFamilyStore.java:385 - Initializing system.compaction_history
INFO  [main] 2022-02-08 17:25:49,133 ColumnFamilyStore.java:385 - Initializing system.sstable_activity
INFO  [main] 2022-02-08 17:25:49,139 ColumnFamilyStore.java:385 - Initializing system.size_estimates
INFO  [main] 2022-02-08 17:25:49,145 ColumnFamilyStore.java:385 - Initializing system.table_estimates
INFO  [main] 2022-02-08 17:25:49,152 ColumnFamilyStore.java:385 - Initializing system.available_ranges_v2
INFO  [main] 2022-02-08 17:25:49,159 ColumnFamilyStore.java:385 - Initializing system.available_ranges
INFO  [main] 2022-02-08 17:25:49,168 ColumnFamilyStore.java:385 - Initializing system.transferred_ranges_v2
INFO  [main] 2022-02-08 17:25:49,178 ColumnFamilyStore.java:385 - Initializing system.transferred_ranges
INFO  [main] 2022-02-08 17:25:49,188 ColumnFamilyStore.java:385 - Initializing system.view_builds_in_progress
INFO  [main] 2022-02-08 17:25:49,197 ColumnFamilyStore.java:385 - Initializing system.built_views
INFO  [main] 2022-02-08 17:25:49,205 ColumnFamilyStore.java:385 - Initializing system.prepared_statements
INFO  [main] 2022-02-08 17:25:49,213 ColumnFamilyStore.java:385 - Initializing system.repairs
INFO  [main] 2022-02-08 17:25:49,453 QueryProcessor.java:120 - Initialized prepared statement caches with 10 MB
INFO  [main] 2022-02-08 17:25:49,604 Keyspace.java:386 - Creating replication strategy system_schema params KeyspaceParams{durable_writes=true, replication=ReplicationParams{class=org.apache.cassandra.locator.LocalStrategy}}
INFO  [main] 2022-02-08 17:25:49,607 ColumnFamilyStore.java:385 - Initializing system_schema.keyspaces
INFO  [main] 2022-02-08 17:25:49,612 ColumnFamilyStore.java:385 - Initializing system_schema.tables
INFO  [main] 2022-02-08 17:25:49,618 ColumnFamilyStore.java:385 - Initializing system_schema.columns
INFO  [main] 2022-02-08 17:25:49,623 ColumnFamilyStore.java:385 - Initializing system_schema.triggers
INFO  [main] 2022-02-08 17:25:49,628 ColumnFamilyStore.java:385 - Initializing system_schema.dropped_columns
INFO  [main] 2022-02-08 17:25:49,665 ColumnFamilyStore.java:385 - Initializing system_schema.views
INFO  [main] 2022-02-08 17:25:49,674 ColumnFamilyStore.java:385 - Initializing system_schema.types
INFO  [main] 2022-02-08 17:25:49,681 ColumnFamilyStore.java:385 - Initializing system_schema.functions
INFO  [main] 2022-02-08 17:25:49,685 ColumnFamilyStore.java:385 - Initializing system_schema.aggregates
INFO  [main] 2022-02-08 17:25:49,690 ColumnFamilyStore.java:385 - Initializing system_schema.indexes
INFO  [main] 2022-02-08 17:25:49,769 SystemKeyspaceMigrator40.java:76 - system.peers_v2 table was empty, migrating legacy system.peers, if this fails you should fix the issue and then truncate system.peers_v2 to have it try again.
INFO  [main] 2022-02-08 17:25:49,778 SystemKeyspaceMigrator40.java:100 - Migrating rows from legacy system.peers to system.peers_v2
INFO  [main] 2022-02-08 17:25:49,782 SystemKeyspaceMigrator40.java:119 - Migrated 0 rows from legacy system.peers to system.peers_v2
INFO  [main] 2022-02-08 17:25:49,783 SystemKeyspaceMigrator40.java:129 - system.peer_events_v2 table was empty, migrating legacy system.peer_events to system.peer_events_v2
INFO  [main] 2022-02-08 17:25:49,783 SystemKeyspaceMigrator40.java:152 - Migrated 0 rows from legacy system.peer_events to system.peer_events_v2
INFO  [main] 2022-02-08 17:25:49,784 SystemKeyspaceMigrator40.java:162 - system.transferred_ranges_v2 table was empty, migrating legacy system.transferred_ranges to system.transferred_ranges_v2
INFO  [main] 2022-02-08 17:25:49,786 SystemKeyspaceMigrator40.java:190 - Migrated 0 rows from legacy system.transferred_ranges to system.transferred_ranges_v2
INFO  [main] 2022-02-08 17:25:49,786 SystemKeyspaceMigrator40.java:200 - system.available_ranges_v2 table was empty, migrating legacy system.available_ranges to system.available_ranges_v2
INFO  [main] 2022-02-08 17:25:49,786 SystemKeyspaceMigrator40.java:226 - Migrated 0 rows from legacy system.available_ranges to system.available_ranges_v2
INFO  [main] 2022-02-08 17:25:49,787 StorageService.java:844 - Populating token metadata from system tables
WARN  [main] 2022-02-08 17:25:49,787 StorageService.java:845 - [msx] Populating token metadata from system tables
INFO  [main] 2022-02-08 17:25:49,799 StorageService.java:838 - Token metadata: 
INFO  [main] 2022-02-08 17:25:49,840 CacheService.java:103 - Initializing key cache with capacity of 24 MBs.
INFO  [main] 2022-02-08 17:25:49,853 CacheService.java:125 - Initializing row cache with capacity of 0 MBs
INFO  [main] 2022-02-08 17:25:49,855 CacheService.java:154 - Initializing counter cache with capacity of 12 MBs
INFO  [main] 2022-02-08 17:25:49,856 CacheService.java:165 - Scheduling counter cache save to every 7200 seconds (going to save all keys).
INFO  [main] 2022-02-08 17:25:49,881 CommitLog.java:168 - No commitlog files found; skipping replay
INFO  [main] 2022-02-08 17:25:49,881 StorageService.java:844 - Populating token metadata from system tables
WARN  [main] 2022-02-08 17:25:49,881 StorageService.java:845 - [msx] Populating token metadata from system tables
INFO  [main] 2022-02-08 17:25:49,886 StorageService.java:838 - Token metadata: 
INFO  [main] 2022-02-08 17:25:49,995 ColumnFamilyStore.java:2252 - Truncating system.size_estimates
INFO  [main] 2022-02-08 17:25:50,059 ColumnFamilyStore.java:2289 - Truncating system.size_estimates with truncatedAt=1644341150009
INFO  [main] 2022-02-08 17:25:50,110 ColumnFamilyStore.java:878 - Enqueuing flush of local: 2.169KiB (0%) on-heap, 0.000KiB (0%) off-heap
INFO  [PerDiskMemtableFlushWriter_0:1] 2022-02-08 17:25:50,246 Memtable.java:469 - Writing Memtable-local@489901331(0.419KiB serialized bytes, 3 ops, 0%/0% of on/off-heap limit), flushed range = (null, null]
INFO  [PerDiskMemtableFlushWriter_0:1] 2022-02-08 17:25:50,253 Memtable.java:498 - Completed flushing /tmp/dtest-qai5g6wo/test/node1/data0/system/local-7ad54392bcdd35a684174e047860b377/nb-1-big-Data.db (0.214KiB) for commitlog position CommitLogPosition(segmentId=1644341147356, position=31189)
INFO  [MemtableFlushWriter:1] 2022-02-08 17:25:50,487 LogTransaction.java:240 - Unfinished transaction log, deleting /tmp/dtest-qai5g6wo/test/node1/data0/system/local-7ad54392bcdd35a684174e047860b377/nb_txn_flush_28ed0820-8904-11ec-8b81-d5222acf4a7c.log 
INFO  [main] 2022-02-08 17:25:50,515 ColumnFamilyStore.java:2316 - Truncate of system.size_estimates is complete
INFO  [main] 2022-02-08 17:25:50,515 ColumnFamilyStore.java:2252 - Truncating system.table_estimates
INFO  [main] 2022-02-08 17:25:50,516 ColumnFamilyStore.java:2289 - Truncating system.table_estimates with truncatedAt=1644341150516
INFO  [main] 2022-02-08 17:25:50,520 ColumnFamilyStore.java:878 - Enqueuing flush of local: 0.575KiB (0%) on-heap, 0.000KiB (0%) off-heap
INFO  [PerDiskMemtableFlushWriter_0:1] 2022-02-08 17:25:50,566 Memtable.java:469 - Writing Memtable-local@598999493(0.091KiB serialized bytes, 1 ops, 0%/0% of on/off-heap limit), flushed range = (null, null]
INFO  [PerDiskMemtableFlushWriter_0:1] 2022-02-08 17:25:50,567 Memtable.java:498 - Completed flushing /tmp/dtest-qai5g6wo/test/node1/data0/system/local-7ad54392bcdd35a684174e047860b377/nb-2-big-Data.db (0.063KiB) for commitlog position CommitLogPosition(segmentId=1644341147356, position=31300)
INFO  [MemtableFlushWriter:1] 2022-02-08 17:25:50,855 LogTransaction.java:240 - Unfinished transaction log, deleting /tmp/dtest-qai5g6wo/test/node1/data0/system/local-7ad54392bcdd35a684174e047860b377/nb_txn_flush_292afb80-8904-11ec-8b81-d5222acf4a7c.log 
INFO  [main] 2022-02-08 17:25:50,882 ColumnFamilyStore.java:2316 - Truncate of system.table_estimates is complete
INFO  [main] 2022-02-08 17:25:50,888 QueryProcessor.java:164 - Preloaded 0 prepared statements
WARN  [main] 2022-02-08 17:25:50,889 StorageService.java:730 - [msx] initServer(): componentType = CassandraDaemon, componentId = 1
INFO  [main] 2022-02-08 17:25:50,889 StorageService.java:736 - Cassandra version: 4.0.2-SNAPSHOT
INFO  [main] 2022-02-08 17:25:50,889 StorageService.java:737 - CQL version: 3.4.5
INFO  [main] 2022-02-08 17:25:50,890 StorageService.java:738 - Native protocol supported versions: 3/v3, 4/v4, 5/v5, 6/v6-beta (default: 5/v5)
INFO  [main] 2022-02-08 17:25:50,927 IndexSummaryManager.java:84 - Initializing index summary manager with a memory pool size of 24 MB and a resize interval of 60 minutes
WARN  [main] 2022-02-08 17:25:50,928 StorageService.java:755 - [msx] Loading persisted ring state
INFO  [main] 2022-02-08 17:25:50,928 StorageService.java:756 - Loading persisted ring state
INFO  [main] 2022-02-08 17:25:50,928 StorageService.java:844 - Populating token metadata from system tables
WARN  [main] 2022-02-08 17:25:50,928 StorageService.java:845 - [msx] Populating token metadata from system tables
INFO  [main] 2022-02-08 17:25:50,952 BufferPools.java:49 - Global buffer pool limit is 123.000MiB for chunk-cache and 30.000MiB for networking
INFO  [main] 2022-02-08 17:25:51,173 InboundConnectionInitiator.java:127 - Listening on address: (/127.0.0.1:7000), nic: lo, encryption: unencrypted
WARN  [main] 2022-02-08 17:25:51,310 SystemKeyspace.java:1130 - No host ID found, created 39797d85-fef3-470b-8735-a7c4fd2a2e19 (Note: This should happen exactly once per node).
INFO  [main] 2022-02-08 17:25:51,332 StorageService.java:652 - Unable to gossip with any peers but continuing anyway since node is in its own seed list
INFO  [main] 2022-02-08 17:25:51,338 StorageService.java:968 - Starting up server gossip
INFO  [main] 2022-02-08 17:25:51,342 ColumnFamilyStore.java:878 - Enqueuing flush of local: 0.583KiB (0%) on-heap, 0.000KiB (0%) off-heap
INFO  [PerDiskMemtableFlushWriter_0:1] 2022-02-08 17:25:51,396 Memtable.java:469 - Writing Memtable-local@912460630(0.079KiB serialized bytes, 2 ops, 0%/0% of on/off-heap limit), flushed range = (null, null]
INFO  [PerDiskMemtableFlushWriter_0:1] 2022-02-08 17:25:51,397 Memtable.java:498 - Completed flushing /tmp/dtest-qai5g6wo/test/node1/data0/system/local-7ad54392bcdd35a684174e047860b377/nb-3-big-Data.db (0.048KiB) for commitlog position CommitLogPosition(segmentId=1644341147356, position=31456)
INFO  [MemtableFlushWriter:1] 2022-02-08 17:25:51,588 LogTransaction.java:240 - Unfinished transaction log, deleting /tmp/dtest-qai5g6wo/test/node1/data0/system/local-7ad54392bcdd35a684174e047860b377/nb_txn_flush_29a868e0-8904-11ec-8b81-d5222acf4a7c.log 
WARN  [main] 2022-02-08 17:25:51,635 StorageService.java:802 - [msx] componentType = CassandraDaemon, componentId = 1
WARN  [main] 2022-02-08 17:25:51,635 StorageService.java:803 - [msx] joinRing = true
WARN  [main] 2022-02-08 17:25:51,650 StorageService.java:1072 - [msx] shouldBootstrap is false
WARN  [main] 2022-02-08 17:25:51,655 StorageService.java:1076 - [msx] bootstrapTokens isEmpty
INFO  [main] 2022-02-08 17:25:51,656 BootStrapper.java:194 - tokens manually specified as [-9223372036854775808]
INFO  [MigrationStage:1] 2022-02-08 17:25:51,702 ColumnFamilyStore.java:878 - Enqueuing flush of columns: 200.082KiB (0%) on-heap, 0.000KiB (0%) off-heap
INFO  [PerDiskMemtableFlushWriter_0:1] 2022-02-08 17:25:51,752 Memtable.java:469 - Writing Memtable-columns@916986854(41.994KiB serialized bytes, 277 ops, 0%/0% of on/off-heap limit), flushed range = (null, null]
INFO  [PerDiskMemtableFlushWriter_0:1] 2022-02-08 17:25:51,770 Memtable.java:498 - Completed flushing /tmp/dtest-qai5g6wo/test/node1/data0/system_schema/columns-24101c25a2ae3af787c1b40ee1aca33f/nb-1-big-Data.db (20.847KiB) for commitlog position CommitLogPosition(segmentId=1644341147356, position=42082)
INFO  [Messaging-EventLoop-3-1] 2022-02-08 17:25:51,907 InboundConnectionInitiator.java:464 - /127.0.0.2:7000(/127.0.0.1:41826)->/127.0.0.1:7000-URGENT_MESSAGES-534cfe7e messaging connection established, version = 12, framing = LZ4, encryption = unencrypted
WARN  [Messaging-EventLoop-3-1] 2022-02-08 17:25:51,912 Message.java:656 - [msx] size = 67
WARN  [Messaging-EventLoop-3-1] 2022-02-08 17:25:51,912 Message.java:657 - [msx] DatabaseDescriptor.getInternodeMaxMessageSizeInBytes() = 134217728
INFO  [MemtableFlushWriter:1] 2022-02-08 17:25:51,962 LogTransaction.java:240 - Unfinished transaction log, deleting /tmp/dtest-qai5g6wo/test/node1/data0/system_schema/columns-24101c25a2ae3af787c1b40ee1aca33f/nb_txn_flush_29df7e70-8904-11ec-8b81-d5222acf4a7c.log 
INFO  [MigrationStage:1] 2022-02-08 17:25:51,977 ColumnFamilyStore.java:878 - Enqueuing flush of dropped_columns: 1.079KiB (0%) on-heap, 0.000KiB (0%) off-heap
INFO  [Messaging-EventLoop-3-4] 2022-02-08 17:25:52,005 OutboundConnection.java:1156 - /127.0.0.1:7000(/127.0.0.1:55782)->/127.0.0.2:7000-URGENT_MESSAGES-6e0ccc14 successfully connected, version = 12, framing = LZ4, encryption = unencrypted
INFO  [PerDiskMemtableFlushWriter_0:1] 2022-02-08 17:25:52,030 Memtable.java:469 - Writing Memtable-dropped_columns@417808330(0.120KiB serialized bytes, 3 ops, 0%/0% of on/off-heap limit), flushed range = (null, null]
INFO  [PerDiskMemtableFlushWriter_0:1] 2022-02-08 17:25:52,031 Memtable.java:498 - Completed flushing /tmp/dtest-qai5g6wo/test/node1/data0/system_schema/dropped_columns-5e7583b5f3f43af19a39b7e1d6f5f11f/nb-1-big-Data.db (0.097KiB) for commitlog position CommitLogPosition(segmentId=1644341147356, position=42090)
INFO  [ScheduledTasks:1] 2022-02-08 17:25:52,144 TokenMetadata.java:525 - Updating topology for all endpoints that have changed
INFO  [MemtableFlushWriter:1] 2022-02-08 17:25:52,204 LogTransaction.java:240 - Unfinished transaction log, deleting /tmp/dtest-qai5g6wo/test/node1/data0/system_schema/dropped_columns-5e7583b5f3f43af19a39b7e1d6f5f11f/nb_txn_flush_2a094d90-8904-11ec-8b81-d5222acf4a7c.log 
INFO  [MigrationStage:1] 2022-02-08 17:25:52,221 ColumnFamilyStore.java:878 - Enqueuing flush of triggers: 0.511KiB (0%) on-heap, 0.000KiB (0%) off-heap
INFO  [PerDiskMemtableFlushWriter_0:1] 2022-02-08 17:25:52,272 Memtable.java:469 - Writing Memtable-triggers@467582778(0.016KiB serialized bytes, 2 ops, 0%/0% of on/off-heap limit), flushed range = (null, null]
INFO  [PerDiskMemtableFlushWriter_0:1] 2022-02-08 17:25:52,273 Memtable.java:498 - Completed flushing /tmp/dtest-qai5g6wo/test/node1/data0/system_schema/triggers-4df70b666b05325195a132b54005fd48/nb-1-big-Data.db (0.048KiB) for commitlog position CommitLogPosition(segmentId=1644341147356, position=42090)
INFO  [MemtableFlushWriter:1] 2022-02-08 17:25:52,452 LogTransaction.java:240 - Unfinished transaction log, deleting /tmp/dtest-qai5g6wo/test/node1/data0/system_schema/triggers-4df70b666b05325195a132b54005fd48/nb_txn_flush_2a2ed6f0-8904-11ec-8b81-d5222acf4a7c.log 
INFO  [MigrationStage:1] 2022-02-08 17:25:52,466 ColumnFamilyStore.java:878 - Enqueuing flush of types: 0.511KiB (0%) on-heap, 0.000KiB (0%) off-heap
INFO  [PerDiskMemtableFlushWriter_0:1] 2022-02-08 17:25:52,520 Memtable.java:469 - Writing Memtable-types@893992620(0.016KiB serialized bytes, 2 ops, 0%/0% of on/off-heap limit), flushed range = (null, null]
INFO  [PerDiskMemtableFlushWriter_0:1] 2022-02-08 17:25:52,521 Memtable.java:498 - Completed flushing /tmp/dtest-qai5g6wo/test/node1/data0/system_schema/types-5a8b1ca866023f77a0459273d308917a/nb-1-big-Data.db (0.048KiB) for commitlog position CommitLogPosition(segmentId=1644341147356, position=42090)
INFO  [MemtableFlushWriter:1] 2022-02-08 17:25:52,700 LogTransaction.java:240 - Unfinished transaction log, deleting /tmp/dtest-qai5g6wo/test/node1/data0/system_schema/types-5a8b1ca866023f77a0459273d308917a/nb_txn_flush_2a543940-8904-11ec-8b81-d5222acf4a7c.log 
INFO  [MigrationStage:1] 2022-02-08 17:25:52,715 ColumnFamilyStore.java:878 - Enqueuing flush of functions: 0.511KiB (0%) on-heap, 0.000KiB (0%) off-heap
INFO  [PerDiskMemtableFlushWriter_0:1] 2022-02-08 17:25:52,783 Memtable.java:469 - Writing Memtable-functions@1137210568(0.016KiB serialized bytes, 2 ops, 0%/0% of on/off-heap limit), flushed range = (null, null]
INFO  [PerDiskMemtableFlushWriter_0:1] 2022-02-08 17:25:52,784 Memtable.java:498 - Completed flushing /tmp/dtest-qai5g6wo/test/node1/data0/system_schema/functions-96489b7980be3e14a70166a0b9159450/nb-1-big-Data.db (0.048KiB) for commitlog position CommitLogPosition(segmentId=1644341147356, position=42090)
INFO  [MemtableFlushWriter:1] 2022-02-08 17:25:53,093 LogTransaction.java:240 - Unfinished transaction log, deleting /tmp/dtest-qai5g6wo/test/node1/data0/system_schema/functions-96489b7980be3e14a70166a0b9159450/nb_txn_flush_2a7a37d0-8904-11ec-8b81-d5222acf4a7c.log 
INFO  [MigrationStage:1] 2022-02-08 17:25:53,108 ColumnFamilyStore.java:878 - Enqueuing flush of aggregates: 0.511KiB (0%) on-heap, 0.000KiB (0%) off-heap
INFO  [PerDiskMemtableFlushWriter_0:1] 2022-02-08 17:25:53,221 Memtable.java:469 - Writing Memtable-aggregates@1651509780(0.016KiB serialized bytes, 2 ops, 0%/0% of on/off-heap limit), flushed range = (null, null]
INFO  [PerDiskMemtableFlushWriter_0:1] 2022-02-08 17:25:53,222 Memtable.java:498 - Completed flushing /tmp/dtest-qai5g6wo/test/node1/data0/system_schema/aggregates-924c55872e3a345bb10c12f37c1ba895/nb-1-big-Data.db (0.048KiB) for commitlog position CommitLogPosition(segmentId=1644341147356, position=42090)
INFO  [MemtableFlushWriter:1] 2022-02-08 17:25:53,439 LogTransaction.java:240 - Unfinished transaction log, deleting /tmp/dtest-qai5g6wo/test/node1/data0/system_schema/aggregates-924c55872e3a345bb10c12f37c1ba895/nb_txn_flush_2ab62f60-8904-11ec-8b81-d5222acf4a7c.log 
INFO  [MigrationStage:1] 2022-02-08 17:25:53,465 ColumnFamilyStore.java:878 - Enqueuing flush of indexes: 0.511KiB (0%) on-heap, 0.000KiB (0%) off-heap
INFO  [PerDiskMemtableFlushWriter_0:1] 2022-02-08 17:25:53,603 Memtable.java:469 - Writing Memtable-indexes@213474831(0.016KiB serialized bytes, 2 ops, 0%/0% of on/off-heap limit), flushed range = (null, null]
INFO  [PerDiskMemtableFlushWriter_0:1] 2022-02-08 17:25:53,604 Memtable.java:498 - Completed flushing /tmp/dtest-qai5g6wo/test/node1/data0/system_schema/indexes-0feb57ac311f382fba6d9024d305702f/nb-1-big-Data.db (0.048KiB) for commitlog position CommitLogPosition(segmentId=1644341147356, position=42090)
INFO  [MemtableFlushWriter:1] 2022-02-08 17:25:53,905 LogTransaction.java:240 - Unfinished transaction log, deleting /tmp/dtest-qai5g6wo/test/node1/data0/system_schema/indexes-0feb57ac311f382fba6d9024d305702f/nb_txn_flush_2aec81a0-8904-11ec-8b81-d5222acf4a7c.log 
INFO  [MigrationStage:1] 2022-02-08 17:25:53,942 ColumnFamilyStore.java:878 - Enqueuing flush of tables: 92.656KiB (0%) on-heap, 0.000KiB (0%) off-heap
INFO  [PerDiskMemtableFlushWriter_0:1] 2022-02-08 17:25:54,075 Memtable.java:469 - Writing Memtable-tables@1895415146(28.858KiB serialized bytes, 42 ops, 0%/0% of on/off-heap limit), flushed range = (null, null]
INFO  [PerDiskMemtableFlushWriter_0:1] 2022-02-08 17:25:54,080 Memtable.java:498 - Completed flushing /tmp/dtest-qai5g6wo/test/node1/data0/system_schema/tables-afddfb9dbc1e30688056eed6c302ba09/nb-1-big-Data.db (17.879KiB) for commitlog position CommitLogPosition(segmentId=1644341147356, position=42090)
WARN  [Messaging-EventLoop-3-1] 2022-02-08 17:25:54,272 Message.java:656 - [msx] size = 82
WARN  [Messaging-EventLoop-3-1] 2022-02-08 17:25:54,273 Message.java:657 - [msx] DatabaseDescriptor.getInternodeMaxMessageSizeInBytes() = 134217728
WARN  [Messaging-EventLoop-3-1] 2022-02-08 17:25:54,280 Message.java:656 - [msx] size = 248
WARN  [Messaging-EventLoop-3-1] 2022-02-08 17:25:54,280 Message.java:657 - [msx] DatabaseDescriptor.getInternodeMaxMessageSizeInBytes() = 134217728
INFO  [GossipStage:1] 2022-02-08 17:25:54,285 Gossiper.java:1364 - Node /127.0.0.2:7000 is now part of the cluster
WARN  [Messaging-EventLoop-3-1] 2022-02-08 17:25:54,291 Message.java:656 - [msx] size = 11
WARN  [Messaging-EventLoop-3-1] 2022-02-08 17:25:54,291 Message.java:657 - [msx] DatabaseDescriptor.getInternodeMaxMessageSizeInBytes() = 134217728
INFO  [GossipStage:1] 2022-02-08 17:25:54,292 Gossiper.java:1312 - InetAddress /127.0.0.2:7000 is now UP
INFO  [MemtableFlushWriter:1] 2022-02-08 17:25:54,449 LogTransaction.java:240 - Unfinished transaction log, deleting /tmp/dtest-qai5g6wo/test/node1/data0/system_schema/tables-afddfb9dbc1e30688056eed6c302ba09/nb_txn_flush_2b359890-8904-11ec-8b81-d5222acf4a7c.log 
INFO  [MigrationStage:1] 2022-02-08 17:25:54,488 ColumnFamilyStore.java:878 - Enqueuing flush of views: 0.511KiB (0%) on-heap, 0.000KiB (0%) off-heap
INFO  [PerDiskMemtableFlushWriter_0:1] 2022-02-08 17:25:54,619 Memtable.java:469 - Writing Memtable-views@1889008009(0.016KiB serialized bytes, 2 ops, 0%/0% of on/off-heap limit), flushed range = (null, null]
INFO  [PerDiskMemtableFlushWriter_0:1] 2022-02-08 17:25:54,620 Memtable.java:498 - Completed flushing /tmp/dtest-qai5g6wo/test/node1/data0/system_schema/views-9786ac1cdd583201a7cdad556410c985/nb-1-big-Data.db (0.048KiB) for commitlog position CommitLogPosition(segmentId=1644341147356, position=42090)
WARN  [GossipTasks:1] 2022-02-08 17:25:54,631 FailureDetector.java:319 - Not marking nodes down due to local pause of 5109792237ns > 5000000000ns
WARN  [Messaging-EventLoop-3-1] 2022-02-08 17:25:54,635 Message.java:656 - [msx] size = 35
WARN  [Messaging-EventLoop-3-1] 2022-02-08 17:25:54,635 Message.java:657 - [msx] DatabaseDescriptor.getInternodeMaxMessageSizeInBytes() = 134217728
WARN  [Messaging-EventLoop-3-1] 2022-02-08 17:25:54,645 Message.java:656 - [msx] size = 11
WARN  [Messaging-EventLoop-3-1] 2022-02-08 17:25:54,645 Message.java:657 - [msx] DatabaseDescriptor.getInternodeMaxMessageSizeInBytes() = 134217728
INFO  [MemtableFlushWriter:1] 2022-02-08 17:25:54,921 LogTransaction.java:240 - Unfinished transaction log, deleting /tmp/dtest-qai5g6wo/test/node1/data0/system_schema/views-9786ac1cdd583201a7cdad556410c985/nb_txn_flush_2b88c1a0-8904-11ec-8b81-d5222acf4a7c.log 
INFO  [MigrationStage:1] 2022-02-08 17:25:54,947 ColumnFamilyStore.java:878 - Enqueuing flush of keyspaces: 3.243KiB (0%) on-heap, 0.000KiB (0%) off-heap
INFO  [PerDiskMemtableFlushWriter_0:1] 2022-02-08 17:25:55,079 Memtable.java:469 - Writing Memtable-keyspaces@315976997(0.673KiB serialized bytes, 7 ops, 0%/0% of on/off-heap limit), flushed range = (null, null]
INFO  [PerDiskMemtableFlushWriter_0:1] 2022-02-08 17:25:55,081 Memtable.java:498 - Completed flushing /tmp/dtest-qai5g6wo/test/node1/data0/system_schema/keyspaces-abac5682dea631c5b535b3d6cffd0fb6/nb-1-big-Data.db (0.556KiB) for commitlog position CommitLogPosition(segmentId=1644341147356, position=42090)
WARN  [Messaging-EventLoop-3-1] 2022-02-08 17:25:55,276 Message.java:656 - [msx] size = 97
WARN  [Messaging-EventLoop-3-1] 2022-02-08 17:25:55,276 Message.java:657 - [msx] DatabaseDescriptor.getInternodeMaxMessageSizeInBytes() = 134217728
WARN  [Messaging-EventLoop-3-1] 2022-02-08 17:25:55,280 Message.java:656 - [msx] size = 52
WARN  [Messaging-EventLoop-3-1] 2022-02-08 17:25:55,280 Message.java:657 - [msx] DatabaseDescriptor.getInternodeMaxMessageSizeInBytes() = 134217728
INFO  [MemtableFlushWriter:1] 2022-02-08 17:25:55,387 LogTransaction.java:240 - Unfinished transaction log, deleting /tmp/dtest-qai5g6wo/test/node1/data0/system_schema/keyspaces-abac5682dea631c5b535b3d6cffd0fb6/nb_txn_flush_2bcecb50-8904-11ec-8b81-d5222acf4a7c.log 
INFO  [MigrationStage:1] 2022-02-08 17:25:55,504 Keyspace.java:386 - Creating replication strategy system_auth params KeyspaceParams{durable_writes=true, replication=ReplicationParams{class=org.apache.cassandra.locator.SimpleStrategy, replication_factor=1}}
INFO  [MigrationStage:1] 2022-02-08 17:25:55,509 ColumnFamilyStore.java:385 - Initializing system_auth.network_permissions
INFO  [MigrationStage:1] 2022-02-08 17:25:55,519 ColumnFamilyStore.java:385 - Initializing system_auth.resource_role_permissons_index
INFO  [MigrationStage:1] 2022-02-08 17:25:55,527 ColumnFamilyStore.java:385 - Initializing system_auth.role_members
INFO  [MigrationStage:1] 2022-02-08 17:25:55,535 ColumnFamilyStore.java:385 - Initializing system_auth.role_permissions
INFO  [MigrationStage:1] 2022-02-08 17:25:55,542 ColumnFamilyStore.java:385 - Initializing system_auth.roles
INFO  [MigrationStage:1] 2022-02-08 17:25:55,561 Keyspace.java:386 - Creating replication strategy system_distributed params KeyspaceParams{durable_writes=true, replication=ReplicationParams{class=org.apache.cassandra.locator.SimpleStrategy, replication_factor=3}}
INFO  [MigrationStage:1] 2022-02-08 17:25:55,566 ColumnFamilyStore.java:385 - Initializing system_distributed.parent_repair_history
INFO  [MigrationStage:1] 2022-02-08 17:25:55,579 ColumnFamilyStore.java:385 - Initializing system_distributed.repair_history
INFO  [MigrationStage:1] 2022-02-08 17:25:55,590 ColumnFamilyStore.java:385 - Initializing system_distributed.view_build_status
INFO  [MigrationStage:1] 2022-02-08 17:25:55,598 Keyspace.java:386 - Creating replication strategy system_traces params KeyspaceParams{durable_writes=true, replication=ReplicationParams{class=org.apache.cassandra.locator.SimpleStrategy, replication_factor=2}}
INFO  [MigrationStage:1] 2022-02-08 17:25:55,603 ColumnFamilyStore.java:385 - Initializing system_traces.events
INFO  [MigrationStage:1] 2022-02-08 17:25:55,611 ColumnFamilyStore.java:385 - Initializing system_traces.sessions
WARN  [Messaging-EventLoop-3-1] 2022-02-08 17:25:55,638 Message.java:656 - [msx] size = 35
WARN  [Messaging-EventLoop-3-1] 2022-02-08 17:25:55,638 Message.java:657 - [msx] DatabaseDescriptor.getInternodeMaxMessageSizeInBytes() = 134217728
INFO  [main] 2022-02-08 17:25:55,660 StorageService.java:1648 - JOINING: Finish joining ring
INFO  [main] 2022-02-08 17:25:55,664 ColumnFamilyStore.java:878 - Enqueuing flush of local: 0.604KiB (0%) on-heap, 0.000KiB (0%) off-heap
INFO  [PerDiskMemtableFlushWriter_0:1] 2022-02-08 17:25:55,814 Memtable.java:469 - Writing Memtable-local@1415188566(0.084KiB serialized bytes, 3 ops, 0%/0% of on/off-heap limit), flushed range = (null, null]
INFO  [PerDiskMemtableFlushWriter_0:1] 2022-02-08 17:25:55,815 Memtable.java:498 - Completed flushing /tmp/dtest-qai5g6wo/test/node1/data0/system/local-7ad54392bcdd35a684174e047860b377/nb-4-big-Data.db (0.058KiB) for commitlog position CommitLogPosition(segmentId=1644341147356, position=42246)
INFO  [MemtableFlushWriter:1] 2022-02-08 17:25:56,116 LogTransaction.java:240 - Unfinished transaction log, deleting /tmp/dtest-qai5g6wo/test/node1/data0/system/local-7ad54392bcdd35a684174e047860b377/nb_txn_flush_2c3c0c10-8904-11ec-8b81-d5222acf4a7c.log 
WARN  [main] 2022-02-08 17:25:56,142 StorageService.java:306 - [msx] SystemKeyspace.updateTokens 1
INFO  [main] 2022-02-08 17:25:56,159 ColumnFamilyStore.java:878 - Enqueuing flush of local: 0.563KiB (0%) on-heap, 0.000KiB (0%) off-heap
WARN  [Messaging-EventLoop-3-1] 2022-02-08 17:25:56,280 Message.java:656 - [msx] size = 97
WARN  [Messaging-EventLoop-3-1] 2022-02-08 17:25:56,280 Message.java:657 - [msx] DatabaseDescriptor.getInternodeMaxMessageSizeInBytes() = 134217728
WARN  [Messaging-EventLoop-3-1] 2022-02-08 17:25:56,286 Message.java:656 - [msx] size = 35
WARN  [Messaging-EventLoop-3-1] 2022-02-08 17:25:56,287 Message.java:657 - [msx] DatabaseDescriptor.getInternodeMaxMessageSizeInBytes() = 134217728
INFO  [PerDiskMemtableFlushWriter_0:1] 2022-02-08 17:25:56,292 Memtable.java:469 - Writing Memtable-local@1769334106(0.075KiB serialized bytes, 1 ops, 0%/0% of on/off-heap limit), flushed range = (null, null]
INFO  [PerDiskMemtableFlushWriter_0:1] 2022-02-08 17:25:56,293 Memtable.java:498 - Completed flushing /tmp/dtest-qai5g6wo/test/node1/data0/system/local-7ad54392bcdd35a684174e047860b377/nb-5-big-Data.db (0.048KiB) for commitlog position CommitLogPosition(segmentId=1644341147356, position=42339)
INFO  [MemtableFlushWriter:1] 2022-02-08 17:25:56,588 LogTransaction.java:240 - Unfinished transaction log, deleting /tmp/dtest-qai5g6wo/test/node1/data0/system/local-7ad54392bcdd35a684174e047860b377/nb_txn_flush_2c87bb10-8904-11ec-8b81-d5222acf4a7c.log 
WARN  [main] 2022-02-08 17:25:56,636 StorageService.java:2751 - [msx] SystemKeyspace.updateTokens 4
INFO  [main] 2022-02-08 17:25:56,638 StorageService.java:2802 - Node /127.0.0.1:7000 state jump to NORMAL
WARN  [main] 2022-02-08 17:25:56,639 StorageService.java:2751 - [msx] SystemKeyspace.updateTokens 4
WARN  [Messaging-EventLoop-3-1] 2022-02-08 17:25:56,643 Message.java:656 - [msx] size = 35
WARN  [Messaging-EventLoop-3-1] 2022-02-08 17:25:56,643 Message.java:657 - [msx] DatabaseDescriptor.getInternodeMaxMessageSizeInBytes() = 134217728
INFO  [main] 2022-02-08 17:25:56,646 AuthCache.java:215 - (Re)initializing CredentialsCache (validity period/update interval/max entries) (2000/2000/1000)
INFO  [main] 2022-02-08 17:25:56,661 StartupClusterConnectivityChecker.java:111 - Blocking coordination until only a single peer is DOWN in the local datacenter, timeout=10s
INFO  [main] 2022-02-08 17:25:56,670 StartupClusterConnectivityChecker.java:166 - Ensured sufficient healthy connections with [] after 3 milliseconds
INFO  [Messaging-EventLoop-3-3] 2022-02-08 17:25:56,676 OutboundConnection.java:1156 - /127.0.0.1:7000(/127.0.0.1:55784)->/127.0.0.2:7000-LARGE_MESSAGES-128a03dd successfully connected, version = 12, framing = LZ4, encryption = unencrypted
INFO  [Messaging-EventLoop-3-2] 2022-02-08 17:25:56,676 OutboundConnection.java:1156 - /127.0.0.1:7000(/127.0.0.1:55786)->/127.0.0.2:7000-SMALL_MESSAGES-405f8d32 successfully connected, version = 12, framing = LZ4, encryption = unencrypted
INFO  [Messaging-EventLoop-3-5] 2022-02-08 17:25:56,690 InboundConnectionInitiator.java:464 - /127.0.0.2:7000(/127.0.0.1:41834)->/127.0.0.1:7000-SMALL_MESSAGES-e1213a94 messaging connection established, version = 12, framing = LZ4, encryption = unencrypted
INFO  [CompactionExecutor:2] 2022-02-08 17:25:56,691 CompactionTask.java:150 - Compacting (2cd6ec80-8904-11ec-8b81-d5222acf4a7c) [/tmp/dtest-qai5g6wo/test/node1/data0/system/local-7ad54392bcdd35a684174e047860b377/nb-1-big-Data.db:level=0, /tmp/dtest-qai5g6wo/test/node1/data0/system/local-7ad54392bcdd35a684174e047860b377/nb-2-big-Data.db:level=0, /tmp/dtest-qai5g6wo/test/node1/data0/system/local-7ad54392bcdd35a684174e047860b377/nb-5-big-Data.db:level=0, /tmp/dtest-qai5g6wo/test/node1/data0/system/local-7ad54392bcdd35a684174e047860b377/nb-4-big-Data.db:level=0, /tmp/dtest-qai5g6wo/test/node1/data0/system/local-7ad54392bcdd35a684174e047860b377/nb-3-big-Data.db:level=0, ]
INFO  [main] 2022-02-08 17:25:56,691 NativeTransportService.java:130 - Using Netty Version: [netty-buffer=netty-buffer-4.1.58.Final.10b03e6, netty-codec=netty-codec-4.1.58.Final.10b03e6, netty-codec-dns=netty-codec-dns-4.1.58.Final.10b03e6, netty-codec-haproxy=netty-codec-haproxy-4.1.58.Final.10b03e6, netty-codec-http=netty-codec-http-4.1.58.Final.10b03e6, netty-codec-http2=netty-codec-http2-4.1.58.Final.10b03e6, netty-codec-memcache=netty-codec-memcache-4.1.58.Final.10b03e6, netty-codec-mqtt=netty-codec-mqtt-4.1.58.Final.10b03e6, netty-codec-redis=netty-codec-redis-4.1.58.Final.10b03e6, netty-codec-smtp=netty-codec-smtp-4.1.58.Final.10b03e6, netty-codec-socks=netty-codec-socks-4.1.58.Final.10b03e6, netty-codec-stomp=netty-codec-stomp-4.1.58.Final.10b03e6, netty-codec-xml=netty-codec-xml-4.1.58.Final.10b03e6, netty-common=netty-common-4.1.58.Final.10b03e6, netty-handler=netty-handler-4.1.58.Final.10b03e6, netty-handler-proxy=netty-handler-proxy-4.1.58.Final.10b03e6, netty-resolver=netty-resolver-4.1.58.Final.10b03e6, netty-resolver-dns=netty-resolver-dns-4.1.58.Final.10b03e6, netty-resolver-dns-native-macos=netty-resolver-dns-native-macos-4.1.58.Final.10b03e65f1, netty-transport=netty-transport-4.1.58.Final.10b03e6, netty-transport-native-epoll=netty-transport-native-epoll-4.1.58.Final.10b03e6, netty-transport-native-kqueue=netty-transport-native-kqueue-4.1.58.Final.10b03e65f1, netty-transport-native-unix-common=netty-transport-native-unix-common-4.1.58.Final.10b03e6, netty-transport-rxtx=netty-transport-rxtx-4.1.58.Final.10b03e6, netty-transport-sctp=netty-transport-sctp-4.1.58.Final.10b03e6, netty-transport-udt=netty-transport-udt-4.1.58.Final.10b03e6]
INFO  [Messaging-EventLoop-3-6] 2022-02-08 17:25:56,691 InboundConnectionInitiator.java:464 - /127.0.0.2:7000(/127.0.0.1:41836)->/127.0.0.1:7000-LARGE_MESSAGES-cc0130e3 messaging connection established, version = 12, framing = LZ4, encryption = unencrypted
WARN  [Messaging-EventLoop-3-5] 2022-02-08 17:25:56,692 Message.java:656 - [msx] size = 11
WARN  [Messaging-EventLoop-3-5] 2022-02-08 17:25:56,692 Message.java:657 - [msx] DatabaseDescriptor.getInternodeMaxMessageSizeInBytes() = 134217728
WARN  [Messaging-EventLoop-3-6] 2022-02-08 17:25:56,701 Message.java:656 - [msx] size = 11
WARN  [Messaging-EventLoop-3-6] 2022-02-08 17:25:56,701 Message.java:657 - [msx] DatabaseDescriptor.getInternodeMaxMessageSizeInBytes() = 134217728
INFO  [main] 2022-02-08 17:25:56,735 NativeTransportService.java:68 - Netty using native Epoll event loop
INFO  [main] 2022-02-08 17:25:56,775 PipelineConfigurator.java:124 - Using Netty Version: [netty-buffer=netty-buffer-4.1.58.Final.10b03e6, netty-codec=netty-codec-4.1.58.Final.10b03e6, netty-codec-dns=netty-codec-dns-4.1.58.Final.10b03e6, netty-codec-haproxy=netty-codec-haproxy-4.1.58.Final.10b03e6, netty-codec-http=netty-codec-http-4.1.58.Final.10b03e6, netty-codec-http2=netty-codec-http2-4.1.58.Final.10b03e6, netty-codec-memcache=netty-codec-memcache-4.1.58.Final.10b03e6, netty-codec-mqtt=netty-codec-mqtt-4.1.58.Final.10b03e6, netty-codec-redis=netty-codec-redis-4.1.58.Final.10b03e6, netty-codec-smtp=netty-codec-smtp-4.1.58.Final.10b03e6, netty-codec-socks=netty-codec-socks-4.1.58.Final.10b03e6, netty-codec-stomp=netty-codec-stomp-4.1.58.Final.10b03e6, netty-codec-xml=netty-codec-xml-4.1.58.Final.10b03e6, netty-common=netty-common-4.1.58.Final.10b03e6, netty-handler=netty-handler-4.1.58.Final.10b03e6, netty-handler-proxy=netty-handler-proxy-4.1.58.Final.10b03e6, netty-resolver=netty-resolver-4.1.58.Final.10b03e6, netty-resolver-dns=netty-resolver-dns-4.1.58.Final.10b03e6, netty-resolver-dns-native-macos=netty-resolver-dns-native-macos-4.1.58.Final.10b03e65f1, netty-transport=netty-transport-4.1.58.Final.10b03e6, netty-transport-native-epoll=netty-transport-native-epoll-4.1.58.Final.10b03e6, netty-transport-native-kqueue=netty-transport-native-kqueue-4.1.58.Final.10b03e65f1, netty-transport-native-unix-common=netty-transport-native-unix-common-4.1.58.Final.10b03e6, netty-transport-rxtx=netty-transport-rxtx-4.1.58.Final.10b03e6, netty-transport-sctp=netty-transport-sctp-4.1.58.Final.10b03e6, netty-transport-udt=netty-transport-udt-4.1.58.Final.10b03e6]
INFO  [main] 2022-02-08 17:25:56,776 PipelineConfigurator.java:125 - Starting listening for CQL clients on /127.0.0.1:9042 (unencrypted)...
INFO  [main] 2022-02-08 17:25:56,781 CassandraDaemon.java:785 - Startup complete
WARN  [Messaging-EventLoop-3-1] 2022-02-08 17:25:57,281 Message.java:656 - [msx] size = 97
WARN  [Messaging-EventLoop-3-1] 2022-02-08 17:25:57,281 Message.java:657 - [msx] DatabaseDescriptor.getInternodeMaxMessageSizeInBytes() = 134217728
WARN  [Messaging-EventLoop-3-1] 2022-02-08 17:25:57,286 Message.java:656 - [msx] size = 35
WARN  [Messaging-EventLoop-3-1] 2022-02-08 17:25:57,286 Message.java:657 - [msx] DatabaseDescriptor.getInternodeMaxMessageSizeInBytes() = 134217728
INFO  [CompactionExecutor:2] 2022-02-08 17:25:57,315 CompactionTask.java:241 - Compacted (2cd6ec80-8904-11ec-8b81-d5222acf4a7c) 5 sstables to [/tmp/dtest-qai5g6wo/test/node1/data0/system/local-7ad54392bcdd35a684174e047860b377/nb-6-big,] to level=0.  0.445KiB to 0.325KiB (~73% of original) in 620ms.  Read Throughput = 0.717KiB/s, Write Throughput = 0.523KiB/s, Row Throughput = ~2/s.  5 total partitions merged to 1.  Partition merge counts were {5:1, }
INFO  [NonPeriodicTasks:1] 2022-02-08 17:25:57,321 SSTable.java:111 - Deleting sstable: /tmp/dtest-qai5g6wo/test/node1/data0/system/local-7ad54392bcdd35a684174e047860b377/nb-1-big
INFO  [NonPeriodicTasks:1] 2022-02-08 17:25:57,324 SSTable.java:111 - Deleting sstable: /tmp/dtest-qai5g6wo/test/node1/data0/system/local-7ad54392bcdd35a684174e047860b377/nb-2-big
INFO  [NonPeriodicTasks:1] 2022-02-08 17:25:57,326 SSTable.java:111 - Deleting sstable: /tmp/dtest-qai5g6wo/test/node1/data0/system/local-7ad54392bcdd35a684174e047860b377/nb-5-big
INFO  [NonPeriodicTasks:1] 2022-02-08 17:25:57,329 SSTable.java:111 - Deleting sstable: /tmp/dtest-qai5g6wo/test/node1/data0/system/local-7ad54392bcdd35a684174e047860b377/nb-4-big
INFO  [NonPeriodicTasks:1] 2022-02-08 17:25:57,331 SSTable.java:111 - Deleting sstable: /tmp/dtest-qai5g6wo/test/node1/data0/system/local-7ad54392bcdd35a684174e047860b377/nb-3-big
WARN  [Messaging-EventLoop-3-1] 2022-02-08 17:25:57,643 Message.java:656 - [msx] size = 35
WARN  [Messaging-EventLoop-3-1] 2022-02-08 17:25:57,644 Message.java:657 - [msx] DatabaseDescriptor.getInternodeMaxMessageSizeInBytes() = 134217728
WARN  [Messaging-EventLoop-3-1] 2022-02-08 17:25:58,282 Message.java:656 - [msx] size = 97
WARN  [Messaging-EventLoop-3-1] 2022-02-08 17:25:58,283 Message.java:657 - [msx] DatabaseDescriptor.getInternodeMaxMessageSizeInBytes() = 134217728
WARN  [Messaging-EventLoop-3-1] 2022-02-08 17:25:58,286 Message.java:656 - [msx] size = 81
WARN  [Messaging-EventLoop-3-1] 2022-02-08 17:25:58,286 Message.java:657 - [msx] DatabaseDescriptor.getInternodeMaxMessageSizeInBytes() = 134217728
WARN  [Messaging-EventLoop-3-1] 2022-02-08 17:25:58,645 Message.java:656 - [msx] size = 169
WARN  [Messaging-EventLoop-3-1] 2022-02-08 17:25:58,646 Message.java:657 - [msx] DatabaseDescriptor.getInternodeMaxMessageSizeInBytes() = 134217728
WARN  [GossipStage:1] 2022-02-08 17:25:58,665 StorageService.java:2751 - [msx] SystemKeyspace.updateTokens 4
WARN  [Messaging-EventLoop-3-1] 2022-02-08 17:25:59,284 Message.java:656 - [msx] size = 97
WARN  [Messaging-EventLoop-3-1] 2022-02-08 17:25:59,285 Message.java:657 - [msx] DatabaseDescriptor.getInternodeMaxMessageSizeInBytes() = 134217728
WARN  [Messaging-EventLoop-3-1] 2022-02-08 17:25:59,289 Message.java:656 - [msx] size = 72
WARN  [Messaging-EventLoop-3-1] 2022-02-08 17:25:59,289 Message.java:657 - [msx] DatabaseDescriptor.getInternodeMaxMessageSizeInBytes() = 134217728
WARN  [Messaging-EventLoop-3-1] 2022-02-08 17:25:59,647 Message.java:656 - [msx] size = 35
WARN  [Messaging-EventLoop-3-1] 2022-02-08 17:25:59,648 Message.java:657 - [msx] DatabaseDescriptor.getInternodeMaxMessageSizeInBytes() = 134217728
WARN  [Messaging-EventLoop-3-1] 2022-02-08 17:26:00,287 Message.java:656 - [msx] size = 97
WARN  [Messaging-EventLoop-3-1] 2022-02-08 17:26:00,288 Message.java:657 - [msx] DatabaseDescriptor.getInternodeMaxMessageSizeInBytes() = 134217728
WARN  [Messaging-EventLoop-3-1] 2022-02-08 17:26:00,292 Message.java:656 - [msx] size = 35
WARN  [Messaging-EventLoop-3-1] 2022-02-08 17:26:00,293 Message.java:657 - [msx] DatabaseDescriptor.getInternodeMaxMessageSizeInBytes() = 134217728
WARN  [Messaging-EventLoop-3-1] 2022-02-08 17:26:00,649 Message.java:656 - [msx] size = 35
WARN  [Messaging-EventLoop-3-1] 2022-02-08 17:26:00,649 Message.java:657 - [msx] DatabaseDescriptor.getInternodeMaxMessageSizeInBytes() = 134217728
WARN  [Messaging-EventLoop-3-1] 2022-02-08 17:26:01,288 Message.java:656 - [msx] size = 97
WARN  [Messaging-EventLoop-3-1] 2022-02-08 17:26:01,289 Message.java:657 - [msx] DatabaseDescriptor.getInternodeMaxMessageSizeInBytes() = 134217728
WARN  [Messaging-EventLoop-3-1] 2022-02-08 17:26:01,293 Message.java:656 - [msx] size = 35
WARN  [Messaging-EventLoop-3-1] 2022-02-08 17:26:01,293 Message.java:657 - [msx] DatabaseDescriptor.getInternodeMaxMessageSizeInBytes() = 134217728
WARN  [Messaging-EventLoop-3-1] 2022-02-08 17:26:01,650 Message.java:656 - [msx] size = 35
WARN  [Messaging-EventLoop-3-1] 2022-02-08 17:26:01,651 Message.java:657 - [msx] DatabaseDescriptor.getInternodeMaxMessageSizeInBytes() = 134217728
WARN  [Messaging-EventLoop-3-1] 2022-02-08 17:26:02,290 Message.java:656 - [msx] size = 97
WARN  [Messaging-EventLoop-3-1] 2022-02-08 17:26:02,290 Message.java:657 - [msx] DatabaseDescriptor.getInternodeMaxMessageSizeInBytes() = 134217728
WARN  [Messaging-EventLoop-3-1] 2022-02-08 17:26:02,293 Message.java:656 - [msx] size = 35
WARN  [Messaging-EventLoop-3-1] 2022-02-08 17:26:02,294 Message.java:657 - [msx] DatabaseDescriptor.getInternodeMaxMessageSizeInBytes() = 134217728
WARN  [Messaging-EventLoop-3-1] 2022-02-08 17:26:02,651 Message.java:656 - [msx] size = 35
WARN  [Messaging-EventLoop-3-1] 2022-02-08 17:26:02,652 Message.java:657 - [msx] DatabaseDescriptor.getInternodeMaxMessageSizeInBytes() = 134217728
WARN  [Messaging-EventLoop-3-1] 2022-02-08 17:26:03,291 Message.java:656 - [msx] size = 97
WARN  [Messaging-EventLoop-3-1] 2022-02-08 17:26:03,291 Message.java:657 - [msx] DatabaseDescriptor.getInternodeMaxMessageSizeInBytes() = 134217728
WARN  [Messaging-EventLoop-3-1] 2022-02-08 17:26:03,295 Message.java:656 - [msx] size = 35
WARN  [Messaging-EventLoop-3-1] 2022-02-08 17:26:03,295 Message.java:657 - [msx] DatabaseDescriptor.getInternodeMaxMessageSizeInBytes() = 134217728
WARN  [Messaging-EventLoop-3-1] 2022-02-08 17:26:03,653 Message.java:656 - [msx] size = 35
WARN  [Messaging-EventLoop-3-1] 2022-02-08 17:26:03,653 Message.java:657 - [msx] DatabaseDescriptor.getInternodeMaxMessageSizeInBytes() = 134217728
WARN  [Messaging-EventLoop-3-1] 2022-02-08 17:26:04,293 Message.java:656 - [msx] size = 97
WARN  [Messaging-EventLoop-3-1] 2022-02-08 17:26:04,293 Message.java:657 - [msx] DatabaseDescriptor.getInternodeMaxMessageSizeInBytes() = 134217728
WARN  [Messaging-EventLoop-3-1] 2022-02-08 17:26:04,297 Message.java:656 - [msx] size = 35
WARN  [Messaging-EventLoop-3-1] 2022-02-08 17:26:04,297 Message.java:657 - [msx] DatabaseDescriptor.getInternodeMaxMessageSizeInBytes() = 134217728
WARN  [Messaging-EventLoop-3-1] 2022-02-08 17:26:04,654 Message.java:656 - [msx] size = 35
WARN  [Messaging-EventLoop-3-1] 2022-02-08 17:26:04,654 Message.java:657 - [msx] DatabaseDescriptor.getInternodeMaxMessageSizeInBytes() = 134217728
WARN  [Messaging-EventLoop-3-1] 2022-02-08 17:26:05,294 Message.java:656 - [msx] size = 97
WARN  [Messaging-EventLoop-3-1] 2022-02-08 17:26:05,294 Message.java:657 - [msx] DatabaseDescriptor.getInternodeMaxMessageSizeInBytes() = 134217728
WARN  [Messaging-EventLoop-3-1] 2022-02-08 17:26:05,297 Message.java:656 - [msx] size = 35
WARN  [Messaging-EventLoop-3-1] 2022-02-08 17:26:05,298 Message.java:657 - [msx] DatabaseDescriptor.getInternodeMaxMessageSizeInBytes() = 134217728
WARN  [Messaging-EventLoop-3-1] 2022-02-08 17:26:05,655 Message.java:656 - [msx] size = 35
WARN  [Messaging-EventLoop-3-1] 2022-02-08 17:26:05,656 Message.java:657 - [msx] DatabaseDescriptor.getInternodeMaxMessageSizeInBytes() = 134217728
WARN  [Messaging-EventLoop-3-1] 2022-02-08 17:26:06,295 Message.java:656 - [msx] size = 97
WARN  [Messaging-EventLoop-3-1] 2022-02-08 17:26:06,295 Message.java:657 - [msx] DatabaseDescriptor.getInternodeMaxMessageSizeInBytes() = 134217728
WARN  [Messaging-EventLoop-3-1] 2022-02-08 17:26:06,298 Message.java:656 - [msx] size = 35
WARN  [Messaging-EventLoop-3-1] 2022-02-08 17:26:06,299 Message.java:657 - [msx] DatabaseDescriptor.getInternodeMaxMessageSizeInBytes() = 134217728
WARN  [Messaging-EventLoop-3-5] 2022-02-08 17:26:06,372 Message.java:656 - [msx] size = 12
WARN  [Messaging-EventLoop-3-6] 2022-02-08 17:26:06,372 Message.java:656 - [msx] size = 12
WARN  [Messaging-EventLoop-3-5] 2022-02-08 17:26:06,372 Message.java:657 - [msx] DatabaseDescriptor.getInternodeMaxMessageSizeInBytes() = 134217728
WARN  [Messaging-EventLoop-3-6] 2022-02-08 17:26:06,372 Message.java:657 - [msx] DatabaseDescriptor.getInternodeMaxMessageSizeInBytes() = 134217728
WARN  [Messaging-EventLoop-3-1] 2022-02-08 17:26:06,657 Message.java:656 - [msx] size = 68
WARN  [Messaging-EventLoop-3-1] 2022-02-08 17:26:06,658 Message.java:657 - [msx] DatabaseDescriptor.getInternodeMaxMessageSizeInBytes() = 134217728
WARN  [Messaging-EventLoop-3-5] 2022-02-08 17:26:06,723 Message.java:656 - [msx] size = 17
WARN  [Messaging-EventLoop-3-5] 2022-02-08 17:26:06,724 Message.java:657 - [msx] DatabaseDescriptor.getInternodeMaxMessageSizeInBytes() = 134217728
WARN  [OptionalTasks:1] 2022-02-08 17:26:06,864 FBUtilities.java:379 - Trigger directory doesn't exist, please create it and try again.
INFO  [OptionalTasks:1] 2022-02-08 17:26:06,902 CassandraRoleManager.java:339 - Created default superuser role 'cassandra'
INFO  [Native-Transport-Requests-1] 2022-02-08 17:26:07,216 AuthCache.java:215 - (Re)initializing PermissionsCache (validity period/update interval/max entries) (2000/2000/1000)
INFO  [Native-Transport-Requests-1] 2022-02-08 17:26:07,219 AuthCache.java:215 - (Re)initializing NetworkAuthCache (validity period/update interval/max entries) (2000/2000/1000)
INFO  [Native-Transport-Requests-1] 2022-02-08 17:26:07,222 AuthCache.java:215 - (Re)initializing RolesCache (validity period/update interval/max entries) (2000/2000/1000)
WARN  [Messaging-EventLoop-3-1] 2022-02-08 17:26:07,296 Message.java:656 - [msx] size = 97
WARN  [Messaging-EventLoop-3-1] 2022-02-08 17:26:07,297 Message.java:657 - [msx] DatabaseDescriptor.getInternodeMaxMessageSizeInBytes() = 134217728
WARN  [Messaging-EventLoop-3-1] 2022-02-08 17:26:07,300 Message.java:656 - [msx] size = 35
WARN  [Messaging-EventLoop-3-1] 2022-02-08 17:26:07,300 Message.java:657 - [msx] DatabaseDescriptor.getInternodeMaxMessageSizeInBytes() = 134217728
INFO  [MigrationStage:1] 2022-02-08 17:26:07,458 NetworkTopologyStrategy.java:88 - Configured datacenter replicas are dc2:rf(1), dc1:rf(1)
INFO  [MigrationStage:1] 2022-02-08 17:26:07,459 NetworkTopologyStrategy.java:88 - Configured datacenter replicas are dc2:rf(1), dc1:rf(1)
INFO  [MigrationStage:1] 2022-02-08 17:26:07,474 ColumnFamilyStore.java:878 - Enqueuing flush of keyspaces: 0.646KiB (0%) on-heap, 0.000KiB (0%) off-heap
INFO  [PerDiskMemtableFlushWriter_0:1] 2022-02-08 17:26:07,540 Memtable.java:469 - Writing Memtable-keyspaces@643891788(0.151KiB serialized bytes, 1 ops, 0%/0% of on/off-heap limit), flushed range = (min(-9223372036854775808), max(9223372036854775807)]
INFO  [PerDiskMemtableFlushWriter_0:1] 2022-02-08 17:26:07,541 Memtable.java:498 - Completed flushing /tmp/dtest-qai5g6wo/test/node1/data0/system_schema/keyspaces-abac5682dea631c5b535b3d6cffd0fb6/nb-2-big-Data.db (0.124KiB) for commitlog position CommitLogPosition(segmentId=1644341147356, position=44349)
WARN  [Messaging-EventLoop-3-1] 2022-02-08 17:26:07,658 Message.java:656 - [msx] size = 35
WARN  [Messaging-EventLoop-3-1] 2022-02-08 17:26:07,659 Message.java:657 - [msx] DatabaseDescriptor.getInternodeMaxMessageSizeInBytes() = 134217728
INFO  [MigrationStage:1] 2022-02-08 17:26:07,729 Keyspace.java:386 - Creating replication strategy system_auth params KeyspaceParams{durable_writes=true, replication=ReplicationParams{class=org.apache.cassandra.locator.NetworkTopologyStrategy, dc2=1, dc1=1}}
INFO  [MigrationStage:1] 2022-02-08 17:26:07,730 NetworkTopologyStrategy.java:88 - Configured datacenter replicas are dc2:rf(1), dc1:rf(1)
INFO  [Native-Transport-Requests-8] 2022-02-08 17:26:07,757 NetworkTopologyStrategy.java:88 - Configured datacenter replicas are dc2:rf(1), dc1:rf(1)
WARN  [Messaging-EventLoop-3-1] 2022-02-08 17:26:08,298 Message.java:656 - [msx] size = 97
WARN  [Messaging-EventLoop-3-1] 2022-02-08 17:26:08,298 Message.java:657 - [msx] DatabaseDescriptor.getInternodeMaxMessageSizeInBytes() = 134217728
WARN  [Messaging-EventLoop-3-1] 2022-02-08 17:26:08,304 Message.java:656 - [msx] size = 81
WARN  [Messaging-EventLoop-3-1] 2022-02-08 17:26:08,304 Message.java:657 - [msx] DatabaseDescriptor.getInternodeMaxMessageSizeInBytes() = 134217728
INFO  [MigrationStage:1] 2022-02-08 17:26:08,413 NetworkTopologyStrategy.java:88 - Configured datacenter replicas are dc2:rf(1), dc1:rf(1)
INFO  [MigrationStage:1] 2022-02-08 17:26:08,427 ColumnFamilyStore.java:878 - Enqueuing flush of keyspaces: 0.637KiB (0%) on-heap, 0.000KiB (0%) off-heap
INFO  [PerDiskMemtableFlushWriter_0:1] 2022-02-08 17:26:08,479 Memtable.java:469 - Writing Memtable-keyspaces@535101408(0.151KiB serialized bytes, 1 ops, 0%/0% of on/off-heap limit), flushed range = (min(-9223372036854775808), max(9223372036854775807)]
INFO  [PerDiskMemtableFlushWriter_0:1] 2022-02-08 17:26:08,480 Memtable.java:498 - Completed flushing /tmp/dtest-qai5g6wo/test/node1/data0/system_schema/keyspaces-abac5682dea631c5b535b3d6cffd0fb6/nb-3-big-Data.db (0.115KiB) for commitlog position CommitLogPosition(segmentId=1644341147356, position=44793)
WARN  [Messaging-EventLoop-3-1] 2022-02-08 17:26:08,661 Message.java:656 - [msx] size = 35
WARN  [Messaging-EventLoop-3-1] 2022-02-08 17:26:08,662 Message.java:657 - [msx] DatabaseDescriptor.getInternodeMaxMessageSizeInBytes() = 134217728
INFO  [MigrationStage:1] 2022-02-08 17:26:08,662 Keyspace.java:386 - Creating replication strategy ks params KeyspaceParams{durable_writes=true, replication=ReplicationParams{class=org.apache.cassandra.locator.NetworkTopologyStrategy, dc2=1, dc1=1}}
INFO  [MigrationStage:1] 2022-02-08 17:26:08,662 NetworkTopologyStrategy.java:88 - Configured datacenter replicas are dc2:rf(1), dc1:rf(1)
WARN  [Messaging-EventLoop-3-5] 2022-02-08 17:26:08,703 Message.java:656 - [msx] size = 11
WARN  [Messaging-EventLoop-3-5] 2022-02-08 17:26:08,704 Message.java:657 - [msx] DatabaseDescriptor.getInternodeMaxMessageSizeInBytes() = 134217728
WARN  [Messaging-EventLoop-3-5] 2022-02-08 17:26:08,705 Message.java:656 - [msx] size = 11
WARN  [Messaging-EventLoop-3-5] 2022-02-08 17:26:08,705 Message.java:657 - [msx] DatabaseDescriptor.getInternodeMaxMessageSizeInBytes() = 134217728
WARN  [Messaging-EventLoop-3-5] 2022-02-08 17:26:08,705 Message.java:656 - [msx] size = 11
WARN  [Messaging-EventLoop-3-5] 2022-02-08 17:26:08,705 Message.java:657 - [msx] DatabaseDescriptor.getInternodeMaxMessageSizeInBytes() = 134217728
WARN  [Messaging-EventLoop-3-5] 2022-02-08 17:26:08,706 Message.java:656 - [msx] size = 11
WARN  [Messaging-EventLoop-3-5] 2022-02-08 17:26:08,706 Message.java:657 - [msx] DatabaseDescriptor.getInternodeMaxMessageSizeInBytes() = 134217728
WARN  [Messaging-EventLoop-3-1] 2022-02-08 17:26:09,300 Message.java:656 - [msx] size = 97
WARN  [Messaging-EventLoop-3-1] 2022-02-08 17:26:09,300 Message.java:657 - [msx] DatabaseDescriptor.getInternodeMaxMessageSizeInBytes() = 134217728
WARN  [Messaging-EventLoop-3-1] 2022-02-08 17:26:09,305 Message.java:656 - [msx] size = 81
WARN  [Messaging-EventLoop-3-1] 2022-02-08 17:26:09,305 Message.java:657 - [msx] DatabaseDescriptor.getInternodeMaxMessageSizeInBytes() = 134217728
WARN  [Messaging-EventLoop-3-5] 2022-02-08 17:26:09,330 Message.java:656 - [msx] size = 28
WARN  [Messaging-EventLoop-3-5] 2022-02-08 17:26:09,331 Message.java:657 - [msx] DatabaseDescriptor.getInternodeMaxMessageSizeInBytes() = 134217728
WARN  [Messaging-EventLoop-3-5] 2022-02-08 17:26:09,338 Message.java:656 - [msx] size = 17
WARN  [Messaging-EventLoop-3-5] 2022-02-08 17:26:09,338 Message.java:657 - [msx] DatabaseDescriptor.getInternodeMaxMessageSizeInBytes() = 134217728
WARN  [Messaging-EventLoop-3-5] 2022-02-08 17:26:09,358 Message.java:656 - [msx] size = 11
WARN  [Messaging-EventLoop-3-5] 2022-02-08 17:26:09,359 Message.java:657 - [msx] DatabaseDescriptor.getInternodeMaxMessageSizeInBytes() = 134217728
INFO  [MigrationStage:1] 2022-02-08 17:26:09,376 NetworkTopologyStrategy.java:88 - Configured datacenter replicas are dc2:rf(1), dc1:rf(1)
INFO  [MigrationStage:1] 2022-02-08 17:26:09,383 ColumnFamilyStore.java:878 - Enqueuing flush of columns: 1.635KiB (0%) on-heap, 0.000KiB (0%) off-heap
INFO  [PerDiskMemtableFlushWriter_0:1] 2022-02-08 17:26:09,436 Memtable.java:469 - Writing Memtable-columns@465077482(0.256KiB serialized bytes, 2 ops, 0%/0% of on/off-heap limit), flushed range = (min(-9223372036854775808), max(9223372036854775807)]
INFO  [PerDiskMemtableFlushWriter_0:1] 2022-02-08 17:26:09,437 Memtable.java:498 - Completed flushing /tmp/dtest-qai5g6wo/test/node1/data0/system_schema/columns-24101c25a2ae3af787c1b40ee1aca33f/nb-2-big-Data.db (0.099KiB) for commitlog position CommitLogPosition(segmentId=1644341147356, position=46525)
WARN  [Messaging-EventLoop-3-1] 2022-02-08 17:26:09,662 Message.java:656 - [msx] size = 35
WARN  [Messaging-EventLoop-3-1] 2022-02-08 17:26:09,662 Message.java:657 - [msx] DatabaseDescriptor.getInternodeMaxMessageSizeInBytes() = 134217728
INFO  [MigrationStage:1] 2022-02-08 17:26:09,728 ColumnFamilyStore.java:878 - Enqueuing flush of tables: 2.484KiB (0%) on-heap, 0.000KiB (0%) off-heap
INFO  [PerDiskMemtableFlushWriter_0:1] 2022-02-08 17:26:09,798 Memtable.java:469 - Writing Memtable-tables@1562508786(0.687KiB serialized bytes, 1 ops, 0%/0% of on/off-heap limit), flushed range = (min(-9223372036854775808), max(9223372036854775807)]
INFO  [PerDiskMemtableFlushWriter_0:1] 2022-02-08 17:26:09,799 Memtable.java:498 - Completed flushing /tmp/dtest-qai5g6wo/test/node1/data0/system_schema/tables-afddfb9dbc1e30688056eed6c302ba09/nb-2-big-Data.db (0.411KiB) for commitlog position CommitLogPosition(segmentId=1644341147356, position=46533)
INFO  [MigrationStage:1] 2022-02-08 17:26:09,987 ColumnFamilyStore.java:878 - Enqueuing flush of keyspaces: 0.637KiB (0%) on-heap, 0.000KiB (0%) off-heap
INFO  [PerDiskMemtableFlushWriter_0:1] 2022-02-08 17:26:10,034 Memtable.java:469 - Writing Memtable-keyspaces@1937565560(0.151KiB serialized bytes, 1 ops, 0%/0% of on/off-heap limit), flushed range = (min(-9223372036854775808), max(9223372036854775807)]
INFO  [PerDiskMemtableFlushWriter_0:1] 2022-02-08 17:26:10,034 Memtable.java:498 - Completed flushing /tmp/dtest-qai5g6wo/test/node1/data0/system_schema/keyspaces-abac5682dea631c5b535b3d6cffd0fb6/nb-4-big-Data.db (0.115KiB) for commitlog position CommitLogPosition(segmentId=1644341147356, position=46533)
INFO  [MigrationStage:1] 2022-02-08 17:26:10,216 Keyspace.java:386 - Creating replication strategy ks params KeyspaceParams{durable_writes=true, replication=ReplicationParams{class=org.apache.cassandra.locator.NetworkTopologyStrategy, dc2=1, dc1=1}}
INFO  [CompactionExecutor:1] 2022-02-08 17:26:10,217 CompactionTask.java:150 - Compacting (34e85a80-8904-11ec-8b81-d5222acf4a7c) [/tmp/dtest-qai5g6wo/test/node1/data0/system_schema/keyspaces-abac5682dea631c5b535b3d6cffd0fb6/nb-4-big-Data.db:level=0, /tmp/dtest-qai5g6wo/test/node1/data0/system_schema/keyspaces-abac5682dea631c5b535b3d6cffd0fb6/nb-2-big-Data.db:level=0, /tmp/dtest-qai5g6wo/test/node1/data0/system_schema/keyspaces-abac5682dea631c5b535b3d6cffd0fb6/nb-3-big-Data.db:level=0, /tmp/dtest-qai5g6wo/test/node1/data0/system_schema/keyspaces-abac5682dea631c5b535b3d6cffd0fb6/nb-1-big-Data.db:level=0, ]
INFO  [MigrationStage:1] 2022-02-08 17:26:10,217 NetworkTopologyStrategy.java:88 - Configured datacenter replicas are dc2:rf(1), dc1:rf(1)
INFO  [MigrationStage:1] 2022-02-08 17:26:10,222 ColumnFamilyStore.java:385 - Initializing ks.tbl
WARN  [Messaging-EventLoop-3-5] 2022-02-08 17:26:10,257 Message.java:656 - [msx] size = 11
WARN  [Messaging-EventLoop-3-5] 2022-02-08 17:26:10,257 Message.java:657 - [msx] DatabaseDescriptor.getInternodeMaxMessageSizeInBytes() = 134217728
WARN  [Messaging-EventLoop-3-5] 2022-02-08 17:26:10,258 Message.java:656 - [msx] size = 11
WARN  [Messaging-EventLoop-3-5] 2022-02-08 17:26:10,258 Message.java:657 - [msx] DatabaseDescriptor.getInternodeMaxMessageSizeInBytes() = 134217728
WARN  [Messaging-EventLoop-3-1] 2022-02-08 17:26:10,301 Message.java:656 - [msx] size = 97
WARN  [Messaging-EventLoop-3-1] 2022-02-08 17:26:10,302 Message.java:657 - [msx] DatabaseDescriptor.getInternodeMaxMessageSizeInBytes() = 134217728
WARN  [Messaging-EventLoop-3-1] 2022-02-08 17:26:10,312 Message.java:656 - [msx] size = 35
WARN  [Messaging-EventLoop-3-1] 2022-02-08 17:26:10,313 Message.java:657 - [msx] DatabaseDescriptor.getInternodeMaxMessageSizeInBytes() = 134217728
WARN  [Messaging-EventLoop-3-1] 2022-02-08 17:26:10,663 Message.java:656 - [msx] size = 35
WARN  [Messaging-EventLoop-3-1] 2022-02-08 17:26:10,663 Message.java:657 - [msx] DatabaseDescriptor.getInternodeMaxMessageSizeInBytes() = 134217728
INFO  [CompactionExecutor:1] 2022-02-08 17:26:10,770 CompactionTask.java:241 - Compacted (34e85a80-8904-11ec-8b81-d5222acf4a7c) 4 sstables to [/tmp/dtest-qai5g6wo/test/node1/data0/system_schema/keyspaces-abac5682dea631c5b535b3d6cffd0fb6/nb-5-big,] to level=0.  0.618KiB to 0.314KiB (~50% of original) in 549ms.  Read Throughput = 1.124KiB/s, Write Throughput = 0.571KiB/s, Row Throughput = ~12/s.  8 total partitions merged to 6.  Partition merge counts were {1:4, 2:2, }
INFO  [NonPeriodicTasks:1] 2022-02-08 17:26:10,771 SSTable.java:111 - Deleting sstable: /tmp/dtest-qai5g6wo/test/node1/data0/system_schema/keyspaces-abac5682dea631c5b535b3d6cffd0fb6/nb-4-big
INFO  [NonPeriodicTasks:1] 2022-02-08 17:26:10,774 SSTable.java:111 - Deleting sstable: /tmp/dtest-qai5g6wo/test/node1/data0/system_schema/keyspaces-abac5682dea631c5b535b3d6cffd0fb6/nb-2-big
INFO  [NonPeriodicTasks:1] 2022-02-08 17:26:10,778 SSTable.java:111 - Deleting sstable: /tmp/dtest-qai5g6wo/test/node1/data0/system_schema/keyspaces-abac5682dea631c5b535b3d6cffd0fb6/nb-3-big
INFO  [NonPeriodicTasks:1] 2022-02-08 17:26:10,780 SSTable.java:111 - Deleting sstable: /tmp/dtest-qai5g6wo/test/node1/data0/system_schema/keyspaces-abac5682dea631c5b535b3d6cffd0fb6/nb-1-big
WARN  [Messaging-EventLoop-3-1] 2022-02-08 17:26:11,303 Message.java:656 - [msx] size = 97
WARN  [Messaging-EventLoop-3-1] 2022-02-08 17:26:11,304 Message.java:657 - [msx] DatabaseDescriptor.getInternodeMaxMessageSizeInBytes() = 134217728
WARN  [Messaging-EventLoop-3-1] 2022-02-08 17:26:11,308 Message.java:656 - [msx] size = 35
WARN  [Messaging-EventLoop-3-1] 2022-02-08 17:26:11,309 Message.java:657 - [msx] DatabaseDescriptor.getInternodeMaxMessageSizeInBytes() = 134217728
WARN  [Messaging-EventLoop-3-5] 2022-02-08 17:26:11,349 Message.java:656 - [msx] size = 11
WARN  [Messaging-EventLoop-3-5] 2022-02-08 17:26:11,350 Message.java:657 - [msx] DatabaseDescriptor.getInternodeMaxMessageSizeInBytes() = 134217728
WARN  [Messaging-EventLoop-3-5] 2022-02-08 17:26:11,511 Message.java:656 - [msx] size = 28
WARN  [Messaging-EventLoop-3-5] 2022-02-08 17:26:11,511 Message.java:657 - [msx] DatabaseDescriptor.getInternodeMaxMessageSizeInBytes() = 134217728
WARN  [Messaging-EventLoop-3-1] 2022-02-08 17:26:11,665 Message.java:656 - [msx] size = 100
WARN  [Messaging-EventLoop-3-1] 2022-02-08 17:26:11,665 Message.java:657 - [msx] DatabaseDescriptor.getInternodeMaxMessageSizeInBytes() = 134217728
WARN  [Messaging-EventLoop-3-5] 2022-02-08 17:26:11,760 Message.java:656 - [msx] size = 28
WARN  [Messaging-EventLoop-3-5] 2022-02-08 17:26:11,761 Message.java:657 - [msx] DatabaseDescriptor.getInternodeMaxMessageSizeInBytes() = 134217728
WARN  [Messaging-EventLoop-3-5] 2022-02-08 17:26:12,167 Message.java:656 - [msx] size = 11
WARN  [Messaging-EventLoop-3-5] 2022-02-08 17:26:12,168 Message.java:657 - [msx] DatabaseDescriptor.getInternodeMaxMessageSizeInBytes() = 134217728
WARN  [Messaging-EventLoop-3-5] 2022-02-08 17:26:12,168 Message.java:656 - [msx] size = 11
WARN  [Messaging-EventLoop-3-5] 2022-02-08 17:26:12,169 Message.java:657 - [msx] DatabaseDescriptor.getInternodeMaxMessageSizeInBytes() = 134217728
WARN  [Messaging-EventLoop-3-5] 2022-02-08 17:26:12,170 Message.java:656 - [msx] size = 11
WARN  [Messaging-EventLoop-3-5] 2022-02-08 17:26:12,170 Message.java:657 - [msx] DatabaseDescriptor.getInternodeMaxMessageSizeInBytes() = 134217728
WARN  [Messaging-EventLoop-3-5] 2022-02-08 17:26:12,171 Message.java:656 - [msx] size = 11
WARN  [Messaging-EventLoop-3-5] 2022-02-08 17:26:12,171 Message.java:657 - [msx] DatabaseDescriptor.getInternodeMaxMessageSizeInBytes() = 134217728
WARN  [Messaging-EventLoop-3-5] 2022-02-08 17:26:12,176 Message.java:656 - [msx] size = 11
WARN  [Messaging-EventLoop-3-5] 2022-02-08 17:26:12,176 Message.java:657 - [msx] DatabaseDescriptor.getInternodeMaxMessageSizeInBytes() = 134217728
WARN  [Messaging-EventLoop-3-5] 2022-02-08 17:26:12,177 Message.java:656 - [msx] size = 11
WARN  [Messaging-EventLoop-3-5] 2022-02-08 17:26:12,177 Message.java:657 - [msx] DatabaseDescriptor.getInternodeMaxMessageSizeInBytes() = 134217728
WARN  [Messaging-EventLoop-3-1] 2022-02-08 17:26:12,304 Message.java:656 - [msx] size = 97
WARN  [Messaging-EventLoop-3-1] 2022-02-08 17:26:12,305 Message.java:657 - [msx] DatabaseDescriptor.getInternodeMaxMessageSizeInBytes() = 134217728
WARN  [Messaging-EventLoop-3-1] 2022-02-08 17:26:12,308 Message.java:656 - [msx] size = 35
WARN  [Messaging-EventLoop-3-1] 2022-02-08 17:26:12,309 Message.java:657 - [msx] DatabaseDescriptor.getInternodeMaxMessageSizeInBytes() = 134217728
WARN  [Messaging-EventLoop-3-1] 2022-02-08 17:26:12,669 Message.java:656 - [msx] size = 35
WARN  [Messaging-EventLoop-3-1] 2022-02-08 17:26:12,669 Message.java:657 - [msx] DatabaseDescriptor.getInternodeMaxMessageSizeInBytes() = 134217728
WARN  [Messaging-EventLoop-3-5] 2022-02-08 17:26:12,924 Message.java:656 - [msx] size = 80
WARN  [Messaging-EventLoop-3-5] 2022-02-08 17:26:12,925 Message.java:657 - [msx] DatabaseDescriptor.getInternodeMaxMessageSizeInBytes() = 134217728
WARN  [Messaging-EventLoop-3-5] 2022-02-08 17:26:13,229 Message.java:656 - [msx] size = 11
WARN  [Messaging-EventLoop-3-5] 2022-02-08 17:26:13,229 Message.java:657 - [msx] DatabaseDescriptor.getInternodeMaxMessageSizeInBytes() = 134217728
WARN  [Messaging-EventLoop-3-1] 2022-02-08 17:26:13,306 Message.java:656 - [msx] size = 97
WARN  [Messaging-EventLoop-3-1] 2022-02-08 17:26:13,306 Message.java:657 - [msx] DatabaseDescriptor.getInternodeMaxMessageSizeInBytes() = 134217728
WARN  [Messaging-EventLoop-3-1] 2022-02-08 17:26:13,309 Message.java:656 - [msx] size = 35
WARN  [Messaging-EventLoop-3-1] 2022-02-08 17:26:13,309 Message.java:657 - [msx] DatabaseDescriptor.getInternodeMaxMessageSizeInBytes() = 134217728
WARN  [Messaging-EventLoop-3-1] 2022-02-08 17:26:13,667 Message.java:656 - [msx] size = 35
WARN  [Messaging-EventLoop-3-1] 2022-02-08 17:26:13,667 Message.java:657 - [msx] DatabaseDescriptor.getInternodeMaxMessageSizeInBytes() = 134217728
WARN  [Messaging-EventLoop-3-1] 2022-02-08 17:26:14,307 Message.java:656 - [msx] size = 97
WARN  [Messaging-EventLoop-3-1] 2022-02-08 17:26:14,308 Message.java:657 - [msx] DatabaseDescriptor.getInternodeMaxMessageSizeInBytes() = 134217728
WARN  [Messaging-EventLoop-3-1] 2022-02-08 17:26:14,311 Message.java:656 - [msx] size = 35
WARN  [Messaging-EventLoop-3-1] 2022-02-08 17:26:14,312 Message.java:657 - [msx] DatabaseDescriptor.getInternodeMaxMessageSizeInBytes() = 134217728
WARN  [Messaging-EventLoop-3-1] 2022-02-08 17:26:14,669 Message.java:656 - [msx] size = 35
WARN  [Messaging-EventLoop-3-1] 2022-02-08 17:26:14,669 Message.java:657 - [msx] DatabaseDescriptor.getInternodeMaxMessageSizeInBytes() = 134217728
WARN  [Messaging-EventLoop-3-1] 2022-02-08 17:26:15,308 Message.java:656 - [msx] size = 97
WARN  [Messaging-EventLoop-3-1] 2022-02-08 17:26:15,309 Message.java:657 - [msx] DatabaseDescriptor.getInternodeMaxMessageSizeInBytes() = 134217728
WARN  [Messaging-EventLoop-3-1] 2022-02-08 17:26:15,312 Message.java:656 - [msx] size = 35
WARN  [Messaging-EventLoop-3-1] 2022-02-08 17:26:15,312 Message.java:657 - [msx] DatabaseDescriptor.getInternodeMaxMessageSizeInBytes() = 134217728
