CompilerOracle: dontinline org/apache/cassandra/db/Columns$Serializer.deserializeLargeSubset (Lorg/apache/cassandra/io/util/DataInputPlus;Lorg/apache/cassandra/db/Columns;I)Lorg/apache/cassandra/db/Columns;
CompilerOracle: dontinline org/apache/cassandra/db/Columns$Serializer.serializeLargeSubset (Ljava/util/Collection;ILorg/apache/cassandra/db/Columns;ILorg/apache/cassandra/io/util/DataOutputPlus;)V
CompilerOracle: dontinline org/apache/cassandra/db/Columns$Serializer.serializeLargeSubsetSize (Ljava/util/Collection;ILorg/apache/cassandra/db/Columns;I)I
CompilerOracle: dontinline org/apache/cassandra/db/commitlog/AbstractCommitLogSegmentManager.advanceAllocatingFrom (Lorg/apache/cassandra/db/commitlog/CommitLogSegment;)V
CompilerOracle: dontinline org/apache/cassandra/db/transform/BaseIterator.tryGetMoreContents ()Z
CompilerOracle: dontinline org/apache/cassandra/db/transform/StoppingTransformation.stop ()V
CompilerOracle: dontinline org/apache/cassandra/db/transform/StoppingTransformation.stopInPartition ()V
CompilerOracle: dontinline org/apache/cassandra/io/util/BufferedDataOutputStreamPlus.doFlush (I)V
CompilerOracle: dontinline org/apache/cassandra/io/util/BufferedDataOutputStreamPlus.writeSlow (JI)V
CompilerOracle: dontinline org/apache/cassandra/io/util/RebufferingInputStream.readPrimitiveSlowly (I)J
CompilerOracle: exclude org/apache/cassandra/utils/JVMStabilityInspector.forceHeapSpaceOomMaybe (Ljava/lang/OutOfMemoryError;)V
CompilerOracle: inline org/apache/cassandra/db/rows/UnfilteredSerializer.serializeRowBody (Lorg/apache/cassandra/db/rows/Row;ILorg/apache/cassandra/db/rows/SerializationHelper;Lorg/apache/cassandra/io/util/DataOutputPlus;)V
CompilerOracle: inline org/apache/cassandra/io/util/Memory.checkBounds (JJ)V
CompilerOracle: inline org/apache/cassandra/io/util/SafeMemory.checkBounds (JJ)V
CompilerOracle: inline org/apache/cassandra/net/FrameDecoderWith8bHeader.decode (Ljava/util/Collection;Lorg/apache/cassandra/net/ShareableBytes;I)V
CompilerOracle: inline org/apache/cassandra/service/reads/repair/RowIteratorMergeListener.applyToPartition (ILjava/util/function/Consumer;)V
CompilerOracle: inline org/apache/cassandra/utils/AsymmetricOrdering.selectBoundary (Lorg/apache/cassandra/utils/AsymmetricOrdering/Op;II)I
CompilerOracle: inline org/apache/cassandra/utils/AsymmetricOrdering.strictnessOfLessThan (Lorg/apache/cassandra/utils/AsymmetricOrdering/Op;)I
CompilerOracle: inline org/apache/cassandra/utils/BloomFilter.indexes (Lorg/apache/cassandra/utils/IFilter/FilterKey;)[J
CompilerOracle: inline org/apache/cassandra/utils/BloomFilter.setIndexes (JJIJ[J)V
CompilerOracle: inline org/apache/cassandra/utils/ByteBufferUtil.compare (Ljava/nio/ByteBuffer;[B)I
CompilerOracle: inline org/apache/cassandra/utils/ByteBufferUtil.compare ([BLjava/nio/ByteBuffer;)I
CompilerOracle: inline org/apache/cassandra/utils/ByteBufferUtil.compareUnsigned (Ljava/nio/ByteBuffer;Ljava/nio/ByteBuffer;)I
CompilerOracle: inline org/apache/cassandra/utils/FastByteOperations$UnsafeOperations.compareTo (Ljava/lang/Object;JILjava/lang/Object;JI)I
CompilerOracle: inline org/apache/cassandra/utils/FastByteOperations$UnsafeOperations.compareTo (Ljava/lang/Object;JILjava/nio/ByteBuffer;)I
CompilerOracle: inline org/apache/cassandra/utils/FastByteOperations$UnsafeOperations.compareTo (Ljava/nio/ByteBuffer;Ljava/nio/ByteBuffer;)I
CompilerOracle: inline org/apache/cassandra/utils/memory/BufferPool$LocalPool.tryGetInternal (IZ)Ljava/nio/ByteBuffer;
CompilerOracle: inline org/apache/cassandra/utils/vint/VIntCoding.encodeUnsignedVInt (JI)[B
CompilerOracle: inline org/apache/cassandra/utils/vint/VIntCoding.encodeUnsignedVInt (JI[B)V
CompilerOracle: inline org/apache/cassandra/utils/vint/VIntCoding.writeUnsignedVInt (JLjava/io/DataOutput;)V
CompilerOracle: inline org/apache/cassandra/utils/vint/VIntCoding.writeUnsignedVInt (JLjava/nio/ByteBuffer;)V
CompilerOracle: inline org/apache/cassandra/utils/vint/VIntCoding.writeVInt (JLjava/io/DataOutput;)V
Listening for transport dt_socket at address: 2200
WARN  [main] 2022-02-08 17:27:04,908 DatabaseDescriptor.java:209 - [msx] Printing stack trace:
WARN  [main] 2022-02-08 17:27:04,911 DatabaseDescriptor.java:213 - 	at org.apache.cassandra.config.DatabaseDescriptor.daemonInitialization(DatabaseDescriptor.java:210)
WARN  [main] 2022-02-08 17:27:04,912 DatabaseDescriptor.java:213 - 	at org.apache.cassandra.config.DatabaseDescriptor.daemonInitialization(DatabaseDescriptor.java:203)
WARN  [main] 2022-02-08 17:27:04,912 DatabaseDescriptor.java:213 - 	at org.apache.cassandra.service.CassandraDaemon.applyConfig(CassandraDaemon.java:821)
WARN  [main] 2022-02-08 17:27:04,912 DatabaseDescriptor.java:213 - 	at org.apache.cassandra.service.CassandraDaemon.activate(CassandraDaemon.java:757)
WARN  [main] 2022-02-08 17:27:04,912 DatabaseDescriptor.java:213 - 	at org.apache.cassandra.service.CassandraDaemon.main(CassandraDaemon.java:892)
INFO  [main] 2022-02-08 17:27:04,917 YamlConfigurationLoader.java:97 - Configuration location: file:/tmp/dtest-vh5zdct0/test/node2/conf/cassandra.yaml
INFO  [main] 2022-02-08 17:27:05,405 Config.java:839 - Node configuration:[allocate_tokens_for_keyspace=null; allocate_tokens_for_local_replication_factor=3; audit_logging_options=AuditLogOptions{enabled=false, logger='BinAuditLogger', included_keyspaces='', excluded_keyspaces='system,system_schema,system_virtual_schema', included_categories='', excluded_categories='', included_users='', excluded_users='', audit_logs_dir='/tmp/dtest-vh5zdct0/test/node2/logs/audit/', archive_command='', roll_cycle='HOURLY', block=true, max_queue_weight=268435456, max_log_size=17179869184}; authenticator=org.apache.cassandra.auth.PasswordAuthenticator; authorizer=org.apache.cassandra.auth.CassandraAuthorizer; auto_bootstrap=false; auto_optimise_full_repair_streams=false; auto_optimise_inc_repair_streams=false; auto_optimise_preview_repair_streams=false; auto_snapshot=true; autocompaction_on_startup_enabled=true; automatic_sstable_upgrade=false; back_pressure_enabled=false; back_pressure_strategy=null; batch_size_fail_threshold_in_kb=50; batch_size_warn_threshold_in_kb=5; batchlog_replay_throttle_in_kb=1024; block_for_peers_in_remote_dcs=false; block_for_peers_timeout_in_secs=10; broadcast_address=null; broadcast_rpc_address=null; buffer_pool_use_heap_if_exhausted=false; cache_load_timeout_seconds=30; cas_contention_timeout_in_ms=1000; cdc_enabled=false; cdc_free_space_check_interval_ms=250; cdc_raw_directory=/tmp/dtest-vh5zdct0/test/node2/cdc_raw; cdc_total_space_in_mb=0; check_for_duplicate_rows_during_compaction=true; check_for_duplicate_rows_during_reads=true; client_encryption_options=<REDACTED>; cluster_name=test; column_index_cache_size_in_kb=2; column_index_size_in_kb=64; commit_failure_policy=stop; commitlog_compression=null; commitlog_directory=/tmp/dtest-vh5zdct0/test/node2/commitlogs; commitlog_max_compression_buffers_in_pool=3; commitlog_periodic_queue_size=-1; commitlog_segment_size_in_mb=32; commitlog_sync=periodic; commitlog_sync_batch_window_in_ms=NaN; commitlog_sync_group_window_in_ms=NaN; commitlog_sync_period_in_ms=10000; commitlog_total_space_in_mb=null; compaction_large_partition_warning_threshold_mb=100; compaction_throughput_mb_per_sec=64; componentId=2; componentType=CassandraDaemon; concurrent_compactors=null; concurrent_counter_writes=32; concurrent_materialized_view_builders=1; concurrent_materialized_view_writes=32; concurrent_reads=32; concurrent_replicates=null; concurrent_validations=0; concurrent_writes=32; consecutive_message_errors_threshold=1; corrupted_tombstone_strategy=exception; counter_cache_keys_to_save=2147483647; counter_cache_save_period=7200; counter_cache_size_in_mb=null; counter_write_request_timeout_in_ms=5000; credentials_cache_max_entries=1000; credentials_update_interval_in_ms=-1; credentials_validity_in_ms=2000; cross_node_timeout=true; data_file_directories=[Ljava.lang.String;@1ca3b418; diagnostic_events_enabled=false; disk_access_mode=auto; disk_failure_policy=stop; disk_optimization_estimate_percentile=0.95; disk_optimization_page_cross_chance=0.1; disk_optimization_strategy=ssd; dynamic_snitch=true; dynamic_snitch_badness_threshold=1.0; dynamic_snitch_reset_interval_in_ms=600000; dynamic_snitch_update_interval_in_ms=100; enable_drop_compact_storage=false; enable_materialized_views=false; enable_sasi_indexes=false; enable_scripted_user_defined_functions=false; enable_transient_replication=false; enable_user_defined_functions=false; enable_user_defined_functions_threads=true; endpoint_snitch=org.apache.cassandra.locator.PropertyFileSnitch; file_cache_enabled=false; file_cache_round_up=null; file_cache_size_in_mb=null; flush_compression=fast; full_query_logging_options=FullQueryLoggerOptions{log_dir='', archive_command='', roll_cycle='HOURLY', block=true, max_queue_weight=268435456, max_log_size=17179869184}; gc_log_threshold_in_ms=200; gc_warn_threshold_in_ms=1000; hinted_handoff_disabled_datacenters=[]; hinted_handoff_enabled=true; hinted_handoff_throttle_in_kb=1024; hints_compression=null; hints_directory=/tmp/dtest-vh5zdct0/test/node2/hints; hints_flush_period_in_ms=10000; ideal_consistency_level=null; incremental_backups=false; index_summary_capacity_in_mb=null; index_summary_resize_interval_in_minutes=60; initial_range_tombstone_list_allocation_size=1; initial_token=-9223372036854775708; inter_dc_stream_throughput_outbound_megabits_per_sec=200; inter_dc_tcp_nodelay=false; internode_application_receive_queue_capacity_in_bytes=4194304; internode_application_receive_queue_reserve_endpoint_capacity_in_bytes=134217728; internode_application_receive_queue_reserve_global_capacity_in_bytes=536870912; internode_application_send_queue_capacity_in_bytes=4194304; internode_application_send_queue_reserve_endpoint_capacity_in_bytes=134217728; internode_application_send_queue_reserve_global_capacity_in_bytes=536870912; internode_authenticator=null; internode_compression=dc; internode_max_message_size_in_bytes=null; internode_socket_receive_buffer_size_in_bytes=0; internode_socket_send_buffer_size_in_bytes=0; internode_streaming_tcp_user_timeout_in_ms=300000; internode_tcp_connect_timeout_in_ms=2000; internode_tcp_user_timeout_in_ms=30000; key_cache_keys_to_save=2147483647; key_cache_migrate_during_compaction=true; key_cache_save_period=14400; key_cache_size_in_mb=null; keyspace_count_warn_threshold=40; listen_address=127.0.0.2; listen_interface=null; listen_interface_prefer_ipv6=false; listen_on_broadcast_address=false; local_system_data_file_directory=null; max_concurrent_automatic_sstable_upgrades=1; max_hint_window_in_ms=10800000; max_hints_delivery_threads=2; max_hints_file_size_in_mb=128; max_mutation_size_in_kb=null; max_streaming_retries=3; max_value_size_in_mb=256; memtable_allocation_type=heap_buffers; memtable_cleanup_threshold=null; memtable_flush_writers=0; memtable_heap_space_in_mb=null; memtable_offheap_space_in_mb=null; min_free_space_per_drive_in_mb=50; native_transport_allow_older_protocols=true; native_transport_flush_in_batches_legacy=false; native_transport_idle_timeout_in_ms=0; native_transport_max_concurrent_connections=-1; native_transport_max_concurrent_connections_per_ip=-1; native_transport_max_concurrent_requests_in_bytes=-1; native_transport_max_concurrent_requests_in_bytes_per_ip=-1; native_transport_max_frame_size_in_mb=256; native_transport_max_negotiable_protocol_version=null; native_transport_max_threads=128; native_transport_port=9042; native_transport_port_ssl=null; native_transport_receive_queue_capacity_in_bytes=1048576; network_authorizer=org.apache.cassandra.auth.CassandraNetworkAuthorizer; networking_cache_size_in_mb=null; num_tokens=1; partitioner=org.apache.cassandra.dht.Murmur3Partitioner; periodic_commitlog_sync_lag_block_in_ms=null; permissions_cache_max_entries=1000; permissions_update_interval_in_ms=-1; permissions_validity_in_ms=2000; phi_convict_threshold=5.0; prepared_statements_cache_size_mb=null; range_request_timeout_in_ms=15000; range_tombstone_list_growth_factor=1.5; read_request_timeout_in_ms=15000; reject_repair_compaction_threshold=2147483647; repair_command_pool_full_strategy=queue; repair_command_pool_size=0; repair_session_max_tree_depth=null; repair_session_space_in_mb=null; repaired_data_tracking_for_partition_reads_enabled=true; repaired_data_tracking_for_range_reads_enabled=true; report_unconfirmed_repaired_data_mismatches=true; request_timeout_in_ms=15000; role_manager=org.apache.cassandra.auth.CassandraRoleManager; roles_cache_max_entries=1000; roles_update_interval_in_ms=-1; roles_validity_in_ms=2000; row_cache_class_name=org.apache.cassandra.cache.OHCProvider; row_cache_keys_to_save=2147483647; row_cache_save_period=0; row_cache_size_in_mb=0; rpc_address=127.0.0.2; rpc_interface=null; rpc_interface_prefer_ipv6=false; rpc_keepalive=true; saved_caches_directory=/tmp/dtest-vh5zdct0/test/node2/saved_caches; seed_provider=org.apache.cassandra.locator.SimpleSeedProvider{seeds=127.0.0.1:7000,127.0.0.2:7000}; server_encryption_options=<REDACTED>; slow_query_log_timeout_in_ms=500; snapshot_before_compaction=false; snapshot_links_per_second=0; snapshot_on_duplicate_row_detection=false; snapshot_on_repaired_data_mismatch=false; ssl_storage_port=7001; sstable_preemptive_open_interval_in_mb=50; start_native_transport=true; storage_port=7000; stream_entire_sstables=true; stream_throughput_outbound_megabits_per_sec=200; streaming_connections_per_host=1; streaming_keep_alive_period_in_secs=300; table_count_warn_threshold=150; tombstone_failure_threshold=100000; tombstone_warn_threshold=1000; tracetype_query_ttl=86400; tracetype_repair_ttl=604800; transparent_data_encryption_options=org.apache.cassandra.config.TransparentDataEncryptionOptions@58cbafc2; trickle_fsync=false; trickle_fsync_interval_in_kb=10240; truncate_request_timeout_in_ms=15000; unlogged_batch_across_partitions_warn_threshold=10; use_offheap_merkle_trees=true; user_defined_function_fail_timeout=1500; user_defined_function_warn_timeout=500; user_function_timeout_policy=die; validation_preview_purge_head_start_in_sec=3600; windows_timer_interval=1; write_request_timeout_in_ms=15000]
INFO  [main] 2022-02-08 17:27:05,410 DatabaseDescriptor.java:467 - DiskAccessMode 'auto' determined to be mmap, indexAccessMode is mmap
INFO  [main] 2022-02-08 17:27:05,412 DatabaseDescriptor.java:528 - Global memtable on-heap threshold is enabled at 123MB
INFO  [main] 2022-02-08 17:27:05,413 DatabaseDescriptor.java:532 - Global memtable off-heap threshold is enabled at 123MB
WARN  [main] 2022-02-08 17:27:05,440 DatabaseDescriptor.java:881 - [msx] maxMessageSize == null
WARN  [main] 2022-02-08 17:27:05,441 DatabaseDescriptor.java:885 - [msx] internode_application_receive_queue_reserve_endpoint_capacity_in_bytes = 4096
WARN  [main] 2022-02-08 17:27:05,441 DatabaseDescriptor.java:886 - [msx] internode_application_send_queue_reserve_endpoint_capacity_in_bytes = 134217728
WARN  [main] 2022-02-08 17:27:05,441 DatabaseDescriptor.java:887 - [msx] conf.internode_max_message_size_in_bytes = 4096
WARN  [main] 2022-02-08 17:27:05,597 CassandraDaemon.java:233 - [msx] setup(): componentType = CassandraDaemon, componentId = 2
INFO  [main] 2022-02-08 17:27:05,627 JMXServerUtils.java:271 - Configured JMX server at: service:jmx:rmi://127.0.0.1/jndi/rmi://127.0.0.1:7200/jmxrmi
INFO  [main] 2022-02-08 17:27:05,632 CassandraDaemon.java:628 - Hostname: fcf827a90b29:7000:7001
INFO  [main] 2022-02-08 17:27:05,632 CassandraDaemon.java:635 - JVM vendor/version: OpenJDK 64-Bit Server VM/1.8.0_312
INFO  [main] 2022-02-08 17:27:05,634 CassandraDaemon.java:636 - Heap size: 495.000MiB/495.000MiB
INFO  [main] 2022-02-08 17:27:05,634 CassandraDaemon.java:641 - Code Cache Non-heap memory: init = 2555904(2496K) used = 8488320(8289K) committed = 8519680(8320K) max = 251658240(245760K)
INFO  [main] 2022-02-08 17:27:05,634 CassandraDaemon.java:641 - Metaspace Non-heap memory: init = 0(0K) used = 24368728(23797K) committed = 24866816(24284K) max = -1(-1K)
INFO  [main] 2022-02-08 17:27:05,634 CassandraDaemon.java:641 - Compressed Class Space Non-heap memory: init = 0(0K) used = 2828992(2762K) committed = 3010560(2940K) max = 1073741824(1048576K)
INFO  [main] 2022-02-08 17:27:05,634 CassandraDaemon.java:641 - Par Eden Space Heap memory: init = 41943040(40960K) used = 41943040(40960K) committed = 41943040(40960K) max = 41943040(40960K)
INFO  [main] 2022-02-08 17:27:05,635 CassandraDaemon.java:641 - Par Survivor Space Heap memory: init = 5242880(5120K) used = 5242880(5120K) committed = 5242880(5120K) max = 5242880(5120K)
INFO  [main] 2022-02-08 17:27:05,635 CassandraDaemon.java:641 - CMS Old Gen Heap memory: init = 471859200(460800K) used = 4411712(4308K) committed = 471859200(460800K) max = 471859200(460800K)
INFO  [main] 2022-02-08 17:27:05,635 CassandraDaemon.java:643 - Classpath: /tmp/dtest-vh5zdct0/test/node2/conf:/root/cassandra/build/apache-cassandra-4.0.2-SNAPSHOT.jar:/root/cassandra/lib/HdrHistogram-2.1.9.jar:/root/cassandra/lib/ST4-4.0.8.jar:/root/cassandra/lib/airline-0.8.jar:/root/cassandra/lib/antlr-runtime-3.5.2.jar:/root/cassandra/lib/asm-7.1.jar:/root/cassandra/lib/caffeine-2.5.6.jar:/root/cassandra/lib/cassandra-driver-core-3.11.0-shaded.jar:/root/cassandra/lib/chronicle-bytes-2.20.111.jar:/root/cassandra/lib/chronicle-core-2.20.126.jar:/root/cassandra/lib/chronicle-queue-5.20.123.jar:/root/cassandra/lib/chronicle-threads-2.20.111.jar:/root/cassandra/lib/chronicle-wire-2.20.117.jar:/root/cassandra/lib/commons-cli-1.1.jar:/root/cassandra/lib/commons-codec-1.9.jar:/root/cassandra/lib/commons-lang3-3.11.jar:/root/cassandra/lib/commons-math3-3.2.jar:/root/cassandra/lib/concurrent-trees-2.4.0.jar:/root/cassandra/lib/ecj-4.6.1.jar:/root/cassandra/lib/guava-27.0-jre.jar:/root/cassandra/lib/high-scale-lib-1.0.6.jar:/root/cassandra/lib/hppc-0.8.1.jar:/root/cassandra/lib/j2objc-annotations-1.3.jar:/root/cassandra/lib/jackson-annotations-2.12.5.jar:/root/cassandra/lib/jackson-core-2.12.5.jar:/root/cassandra/lib/jackson-databind-2.12.5.jar:/root/cassandra/lib/jamm-0.3.2.jar:/root/cassandra/lib/java-cup-runtime-11b-20160615.jar:/root/cassandra/lib/javax.inject-1.jar:/root/cassandra/lib/jbcrypt-0.4.jar:/root/cassandra/lib/jcl-over-slf4j-1.7.25.jar:/root/cassandra/lib/jcommander-1.30.jar:/root/cassandra/lib/jctools-core-3.1.0.jar:/root/cassandra/lib/jflex-1.8.2.jar:/root/cassandra/lib/jna-5.6.0.jar:/root/cassandra/lib/json-simple-1.1.jar:/root/cassandra/lib/jvm-attach-api-1.5.jar:/root/cassandra/lib/log4j-over-slf4j-1.7.25.jar:/root/cassandra/lib/logback-classic-1.2.3.jar:/root/cassandra/lib/logback-core-1.2.3.jar:/root/cassandra/lib/lz4-java-1.8.0.jar:/root/cassandra/lib/metrics-core-3.1.5.jar:/root/cassandra/lib/metrics-jvm-3.1.5.jar:/root/cassandra/lib/metrics-logback-3.1.5.jar:/root/cassandra/lib/mxdump-0.14.jar:/root/cassandra/lib/netty-all-4.1.58.Final.jar:/root/cassandra/lib/netty-tcnative-boringssl-static-2.0.36.Final.jar:/root/cassandra/lib/ohc-core-0.5.1.jar:/root/cassandra/lib/ohc-core-j8-0.5.1.jar:/root/cassandra/lib/psjava-0.1.19.jar:/root/cassandra/lib/reporter-config-base-3.0.3.jar:/root/cassandra/lib/reporter-config3-3.0.3.jar:/root/cassandra/lib/sigar-1.6.4.jar:/root/cassandra/lib/sjk-cli-0.14.jar:/root/cassandra/lib/sjk-core-0.14.jar:/root/cassandra/lib/sjk-json-0.14.jar:/root/cassandra/lib/sjk-stacktrace-0.14.jar:/root/cassandra/lib/slf4j-api-1.7.25.jar:/root/cassandra/lib/snakeyaml-1.26.jar:/root/cassandra/lib/snappy-java-1.1.2.6.jar:/root/cassandra/lib/snowball-stemmer-1.3.0.581.1.jar:/root/cassandra/lib/stream-2.5.2.jar:/root/cassandra/lib/zstd-jni-1.5.0-4.jar:/root/cassandra/lib/jsr223/*/*.jar::/root/cassandra/lib/jamm-0.3.2.jar
INFO  [main] 2022-02-08 17:27:05,636 CassandraDaemon.java:645 - JVM Arguments: [-ea, -da:net.openhft..., -XX:+UseThreadPriorities, -XX:+HeapDumpOnOutOfMemoryError, -Xss256k, -XX:+AlwaysPreTouch, -XX:-UseBiasedLocking, -XX:+UseTLAB, -XX:+ResizeTLAB, -XX:+UseNUMA, -XX:+PerfDisableSharedMem, -Djava.net.preferIPv4Stack=true, -agentlib:jdwp=transport=dt_socket,server=y,suspend=n,address=2200, -XX:ThreadPriorityPolicy=42, -XX:+UseParNewGC, -XX:+UseConcMarkSweepGC, -XX:+CMSParallelRemarkEnabled, -XX:SurvivorRatio=8, -XX:MaxTenuringThreshold=1, -XX:CMSInitiatingOccupancyFraction=75, -XX:+UseCMSInitiatingOccupancyOnly, -XX:CMSWaitDuration=10000, -XX:+CMSParallelInitialMarkEnabled, -XX:+CMSEdenChunksRecordAlways, -XX:+CMSClassUnloadingEnabled, -XX:+PrintGCDetails, -XX:+PrintGCDateStamps, -XX:+PrintHeapAtGC, -XX:+PrintTenuringDistribution, -XX:+PrintGCApplicationStoppedTime, -XX:+PrintPromotionFailure, -XX:+UseGCLogFileRotation, -XX:NumberOfGCLogFiles=10, -XX:GCLogFileSize=10M, -Xloggc:/tmp/dtest-vh5zdct0/test/node2/logs/gc.log, -Xms500M, -Xmx500M, -Xmn50M, -XX:+UseCondCardMark, -XX:CompileCommandFile=/tmp/dtest-vh5zdct0/test/node2/conf/hotspot_compiler, -javaagent:/root/cassandra/lib/jamm-0.3.2.jar, -Dcassandra.jmx.local.port=7200, -Dcom.sun.management.jmxremote.authenticate=false, -Dcom.sun.management.jmxremote.password.file=/etc/cassandra/jmxremote.password, -Djava.library.path=/root/cassandra/lib/sigar-bin, -XX:-PerfDisableSharedMem, -Dcassandra.migration_task_wait_in_seconds=4, -Dcassandra.migration_task_wait_in_seconds=4, -Dcassandra.libjemalloc=-, -XX:OnOutOfMemoryError=kill -9 %p, -Dlogback.configurationFile=logback.xml, -Dcassandra.logdir=/root/cassandra/logs, -Dcassandra.storagedir=/root/cassandra/data, -Dcassandra-pidfile=/tmp/dtest-vh5zdct0/test/node2/cassandra.pid, -Dcassandra.join_ring=True, -Dcassandra.logdir=/tmp/dtest-vh5zdct0/test/node2/logs, -Dcassandra.boot_without_jna=true]
WARN  [main] 2022-02-08 17:27:05,692 NativeLibrary.java:201 - Unable to lock JVM memory (ENOMEM). This can result in part of the JVM being swapped out, especially with mmapped I/O enabled. Increase RLIMIT_MEMLOCK.
INFO  [main] 2022-02-08 17:27:05,751 MonotonicClock.java:202 - Scheduling approximate time conversion task with an interval of 10000 milliseconds
INFO  [main] 2022-02-08 17:27:05,753 MonotonicClock.java:338 - Scheduling approximate time-check task with a precision of 2 milliseconds
INFO  [main] 2022-02-08 17:27:05,754 StartupChecks.java:145 - jemalloc preload explicitly disabled
WARN  [main] 2022-02-08 17:27:05,754 StartupChecks.java:187 - JMX is not enabled to receive remote connections. Please see cassandra-env.sh for more info.
INFO  [main] 2022-02-08 17:27:05,757 SigarLibrary.java:44 - Initializing SIGAR library
WARN  [main] 2022-02-08 17:27:05,768 SigarLibrary.java:174 - Cassandra server running in degraded mode. Is swap disabled? : false,  Address space adequate? : true,  nofile limit adequate? : true, nproc limit adequate? : true 
WARN  [main] 2022-02-08 17:27:05,769 StartupChecks.java:329 - Maximum number of memory map areas per process (vm.max_map_count) 65530 is too low, recommended value: 1048575, you can change it with sysctl.
INFO  [main] 2022-02-08 17:27:06,377 Keyspace.java:386 - Creating replication strategy system params KeyspaceParams{durable_writes=true, replication=ReplicationParams{class=org.apache.cassandra.locator.LocalStrategy}}
INFO  [main] 2022-02-08 17:27:06,419 ColumnFamilyStore.java:385 - Initializing system.IndexInfo
INFO  [main] 2022-02-08 17:27:07,431 ColumnFamilyStore.java:385 - Initializing system.batches
INFO  [main] 2022-02-08 17:27:07,440 ColumnFamilyStore.java:385 - Initializing system.paxos
INFO  [main] 2022-02-08 17:27:07,451 ColumnFamilyStore.java:385 - Initializing system.local
INFO  [main] 2022-02-08 17:27:07,458 ColumnFamilyStore.java:385 - Initializing system.peers_v2
INFO  [main] 2022-02-08 17:27:07,465 ColumnFamilyStore.java:385 - Initializing system.peers
INFO  [main] 2022-02-08 17:27:07,471 ColumnFamilyStore.java:385 - Initializing system.peer_events_v2
INFO  [main] 2022-02-08 17:27:07,477 ColumnFamilyStore.java:385 - Initializing system.peer_events
INFO  [main] 2022-02-08 17:27:07,484 ColumnFamilyStore.java:385 - Initializing system.compaction_history
INFO  [main] 2022-02-08 17:27:07,491 ColumnFamilyStore.java:385 - Initializing system.sstable_activity
INFO  [main] 2022-02-08 17:27:07,497 ColumnFamilyStore.java:385 - Initializing system.size_estimates
INFO  [main] 2022-02-08 17:27:07,503 ColumnFamilyStore.java:385 - Initializing system.table_estimates
INFO  [main] 2022-02-08 17:27:07,508 ColumnFamilyStore.java:385 - Initializing system.available_ranges_v2
INFO  [main] 2022-02-08 17:27:07,514 ColumnFamilyStore.java:385 - Initializing system.available_ranges
INFO  [main] 2022-02-08 17:27:07,519 ColumnFamilyStore.java:385 - Initializing system.transferred_ranges_v2
INFO  [main] 2022-02-08 17:27:07,524 ColumnFamilyStore.java:385 - Initializing system.transferred_ranges
INFO  [main] 2022-02-08 17:27:07,530 ColumnFamilyStore.java:385 - Initializing system.view_builds_in_progress
INFO  [main] 2022-02-08 17:27:07,536 ColumnFamilyStore.java:385 - Initializing system.built_views
INFO  [main] 2022-02-08 17:27:07,542 ColumnFamilyStore.java:385 - Initializing system.prepared_statements
INFO  [main] 2022-02-08 17:27:07,560 ColumnFamilyStore.java:385 - Initializing system.repairs
INFO  [main] 2022-02-08 17:27:07,791 QueryProcessor.java:120 - Initialized prepared statement caches with 10 MB
INFO  [main] 2022-02-08 17:27:07,931 Keyspace.java:386 - Creating replication strategy system_schema params KeyspaceParams{durable_writes=true, replication=ReplicationParams{class=org.apache.cassandra.locator.LocalStrategy}}
INFO  [main] 2022-02-08 17:27:07,934 ColumnFamilyStore.java:385 - Initializing system_schema.keyspaces
INFO  [main] 2022-02-08 17:27:07,940 ColumnFamilyStore.java:385 - Initializing system_schema.tables
INFO  [main] 2022-02-08 17:27:07,947 ColumnFamilyStore.java:385 - Initializing system_schema.columns
INFO  [main] 2022-02-08 17:27:07,953 ColumnFamilyStore.java:385 - Initializing system_schema.triggers
INFO  [main] 2022-02-08 17:27:07,958 ColumnFamilyStore.java:385 - Initializing system_schema.dropped_columns
INFO  [main] 2022-02-08 17:27:08,001 ColumnFamilyStore.java:385 - Initializing system_schema.views
INFO  [main] 2022-02-08 17:27:08,008 ColumnFamilyStore.java:385 - Initializing system_schema.types
INFO  [main] 2022-02-08 17:27:08,013 ColumnFamilyStore.java:385 - Initializing system_schema.functions
INFO  [main] 2022-02-08 17:27:08,018 ColumnFamilyStore.java:385 - Initializing system_schema.aggregates
INFO  [main] 2022-02-08 17:27:08,023 ColumnFamilyStore.java:385 - Initializing system_schema.indexes
INFO  [main] 2022-02-08 17:27:08,103 SystemKeyspaceMigrator40.java:76 - system.peers_v2 table was empty, migrating legacy system.peers, if this fails you should fix the issue and then truncate system.peers_v2 to have it try again.
INFO  [main] 2022-02-08 17:27:08,112 SystemKeyspaceMigrator40.java:100 - Migrating rows from legacy system.peers to system.peers_v2
INFO  [main] 2022-02-08 17:27:08,116 SystemKeyspaceMigrator40.java:119 - Migrated 0 rows from legacy system.peers to system.peers_v2
INFO  [main] 2022-02-08 17:27:08,117 SystemKeyspaceMigrator40.java:129 - system.peer_events_v2 table was empty, migrating legacy system.peer_events to system.peer_events_v2
INFO  [main] 2022-02-08 17:27:08,118 SystemKeyspaceMigrator40.java:152 - Migrated 0 rows from legacy system.peer_events to system.peer_events_v2
INFO  [main] 2022-02-08 17:27:08,118 SystemKeyspaceMigrator40.java:162 - system.transferred_ranges_v2 table was empty, migrating legacy system.transferred_ranges to system.transferred_ranges_v2
INFO  [main] 2022-02-08 17:27:08,120 SystemKeyspaceMigrator40.java:190 - Migrated 0 rows from legacy system.transferred_ranges to system.transferred_ranges_v2
INFO  [main] 2022-02-08 17:27:08,120 SystemKeyspaceMigrator40.java:200 - system.available_ranges_v2 table was empty, migrating legacy system.available_ranges to system.available_ranges_v2
INFO  [main] 2022-02-08 17:27:08,121 SystemKeyspaceMigrator40.java:226 - Migrated 0 rows from legacy system.available_ranges to system.available_ranges_v2
INFO  [main] 2022-02-08 17:27:08,121 StorageService.java:844 - Populating token metadata from system tables
WARN  [main] 2022-02-08 17:27:08,121 StorageService.java:845 - [msx] Populating token metadata from system tables
INFO  [main] 2022-02-08 17:27:08,133 StorageService.java:838 - Token metadata: 
INFO  [main] 2022-02-08 17:27:08,175 CacheService.java:103 - Initializing key cache with capacity of 24 MBs.
INFO  [main] 2022-02-08 17:27:08,188 CacheService.java:125 - Initializing row cache with capacity of 0 MBs
INFO  [main] 2022-02-08 17:27:08,190 CacheService.java:154 - Initializing counter cache with capacity of 12 MBs
INFO  [main] 2022-02-08 17:27:08,191 CacheService.java:165 - Scheduling counter cache save to every 7200 seconds (going to save all keys).
INFO  [main] 2022-02-08 17:27:08,216 CommitLog.java:168 - No commitlog files found; skipping replay
INFO  [main] 2022-02-08 17:27:08,216 StorageService.java:844 - Populating token metadata from system tables
WARN  [main] 2022-02-08 17:27:08,216 StorageService.java:845 - [msx] Populating token metadata from system tables
INFO  [main] 2022-02-08 17:27:08,220 StorageService.java:838 - Token metadata: 
INFO  [main] 2022-02-08 17:27:08,326 ColumnFamilyStore.java:2252 - Truncating system.size_estimates
INFO  [main] 2022-02-08 17:27:08,387 ColumnFamilyStore.java:2289 - Truncating system.size_estimates with truncatedAt=1644341228338
INFO  [main] 2022-02-08 17:27:08,426 ColumnFamilyStore.java:878 - Enqueuing flush of local: 2.170KiB (0%) on-heap, 0.000KiB (0%) off-heap
INFO  [PerDiskMemtableFlushWriter_0:1] 2022-02-08 17:27:08,653 Memtable.java:469 - Writing Memtable-local@237284134(0.419KiB serialized bytes, 3 ops, 0%/0% of on/off-heap limit), flushed range = (null, null]
INFO  [PerDiskMemtableFlushWriter_0:1] 2022-02-08 17:27:08,658 Memtable.java:498 - Completed flushing /tmp/dtest-vh5zdct0/test/node2/data0/system/local-7ad54392bcdd35a684174e047860b377/nb-1-big-Data.db (0.214KiB) for commitlog position CommitLogPosition(segmentId=1644341225740, position=31189)
INFO  [MemtableFlushWriter:1] 2022-02-08 17:27:08,893 LogTransaction.java:240 - Unfinished transaction log, deleting /tmp/dtest-vh5zdct0/test/node2/data0/system/local-7ad54392bcdd35a684174e047860b377/nb_txn_flush_579af3d0-8904-11ec-8aa4-4ba277a9bf71.log 
INFO  [main] 2022-02-08 17:27:08,923 ColumnFamilyStore.java:2316 - Truncate of system.size_estimates is complete
INFO  [main] 2022-02-08 17:27:08,923 ColumnFamilyStore.java:2252 - Truncating system.table_estimates
INFO  [main] 2022-02-08 17:27:08,924 ColumnFamilyStore.java:2289 - Truncating system.table_estimates with truncatedAt=1644341228924
INFO  [main] 2022-02-08 17:27:08,927 ColumnFamilyStore.java:878 - Enqueuing flush of local: 0.576KiB (0%) on-heap, 0.000KiB (0%) off-heap
INFO  [PerDiskMemtableFlushWriter_0:1] 2022-02-08 17:27:08,978 Memtable.java:469 - Writing Memtable-local@1403928355(0.091KiB serialized bytes, 1 ops, 0%/0% of on/off-heap limit), flushed range = (null, null]
INFO  [PerDiskMemtableFlushWriter_0:1] 2022-02-08 17:27:08,979 Memtable.java:498 - Completed flushing /tmp/dtest-vh5zdct0/test/node2/data0/system/local-7ad54392bcdd35a684174e047860b377/nb-2-big-Data.db (0.063KiB) for commitlog position CommitLogPosition(segmentId=1644341225740, position=31300)
INFO  [MemtableFlushWriter:1] 2022-02-08 17:27:09,189 LogTransaction.java:240 - Unfinished transaction log, deleting /tmp/dtest-vh5zdct0/test/node2/data0/system/local-7ad54392bcdd35a684174e047860b377/nb_txn_flush_57e6f0f0-8904-11ec-8aa4-4ba277a9bf71.log 
INFO  [main] 2022-02-08 17:27:09,227 ColumnFamilyStore.java:2316 - Truncate of system.table_estimates is complete
INFO  [main] 2022-02-08 17:27:09,236 QueryProcessor.java:164 - Preloaded 0 prepared statements
WARN  [main] 2022-02-08 17:27:09,237 StorageService.java:730 - [msx] initServer(): componentType = CassandraDaemon, componentId = 2
INFO  [main] 2022-02-08 17:27:09,237 StorageService.java:736 - Cassandra version: 4.0.2-SNAPSHOT
INFO  [main] 2022-02-08 17:27:09,238 StorageService.java:737 - CQL version: 3.4.5
INFO  [main] 2022-02-08 17:27:09,238 StorageService.java:738 - Native protocol supported versions: 3/v3, 4/v4, 5/v5, 6/v6-beta (default: 5/v5)
INFO  [main] 2022-02-08 17:27:09,270 IndexSummaryManager.java:84 - Initializing index summary manager with a memory pool size of 24 MB and a resize interval of 60 minutes
WARN  [main] 2022-02-08 17:27:09,271 StorageService.java:755 - [msx] Loading persisted ring state
INFO  [main] 2022-02-08 17:27:09,271 StorageService.java:756 - Loading persisted ring state
INFO  [main] 2022-02-08 17:27:09,271 StorageService.java:844 - Populating token metadata from system tables
WARN  [main] 2022-02-08 17:27:09,272 StorageService.java:845 - [msx] Populating token metadata from system tables
INFO  [main] 2022-02-08 17:27:09,292 BufferPools.java:49 - Global buffer pool limit is 123.000MiB for chunk-cache and 30.000MiB for networking
INFO  [main] 2022-02-08 17:27:09,518 InboundConnectionInitiator.java:127 - Listening on address: (/127.0.0.2:7000), nic: null, encryption: unencrypted
WARN  [main] 2022-02-08 17:27:09,650 SystemKeyspace.java:1130 - No host ID found, created 9ad1039d-0e8f-4e2b-a90b-26b38c10411c (Note: This should happen exactly once per node).
INFO  [Messaging-EventLoop-3-3] 2022-02-08 17:27:09,831 OutboundConnection.java:1156 - /127.0.0.2:7000(/127.0.0.1:41866)->/127.0.0.1:7000-URGENT_MESSAGES-d17e9b89 successfully connected, version = 12, framing = LZ4, encryption = unencrypted
INFO  [Messaging-EventLoop-3-4] 2022-02-08 17:27:09,935 InboundConnectionInitiator.java:464 - /127.0.0.1:7000(/127.0.0.1:55822)->/127.0.0.2:7000-URGENT_MESSAGES-91650408 messaging connection established, version = 12, framing = LZ4, encryption = unencrypted
WARN  [Messaging-EventLoop-3-4] 2022-02-08 17:27:09,937 Message.java:656 - [msx] size = 252
WARN  [Messaging-EventLoop-3-4] 2022-02-08 17:27:09,937 Message.java:657 - [msx] DatabaseDescriptor.getInternodeMaxMessageSizeInBytes() = 4096
INFO  [ScheduledTasks:1] 2022-02-08 17:27:10,550 TokenMetadata.java:525 - Updating topology for all endpoints that have changed
INFO  [main] 2022-02-08 17:27:10,728 StorageService.java:968 - Starting up server gossip
INFO  [main] 2022-02-08 17:27:10,736 ColumnFamilyStore.java:878 - Enqueuing flush of local: 0.584KiB (0%) on-heap, 0.000KiB (0%) off-heap
INFO  [PerDiskMemtableFlushWriter_0:1] 2022-02-08 17:27:10,859 Memtable.java:469 - Writing Memtable-local@166564604(0.079KiB serialized bytes, 2 ops, 0%/0% of on/off-heap limit), flushed range = (null, null]
INFO  [PerDiskMemtableFlushWriter_0:1] 2022-02-08 17:27:10,861 Memtable.java:498 - Completed flushing /tmp/dtest-vh5zdct0/test/node2/data0/system/local-7ad54392bcdd35a684174e047860b377/nb-3-big-Data.db (0.048KiB) for commitlog position CommitLogPosition(segmentId=1644341225740, position=31464)
INFO  [MemtableFlushWriter:1] 2022-02-08 17:27:11,167 LogTransaction.java:240 - Unfinished transaction log, deleting /tmp/dtest-vh5zdct0/test/node2/data0/system/local-7ad54392bcdd35a684174e047860b377/nb_txn_flush_58fb4720-8904-11ec-8aa4-4ba277a9bf71.log 
WARN  [main] 2022-02-08 17:27:11,216 StorageService.java:802 - [msx] componentType = CassandraDaemon, componentId = 2
WARN  [main] 2022-02-08 17:27:11,216 StorageService.java:803 - [msx] joinRing = true
WARN  [main] 2022-02-08 17:27:11,236 StorageService.java:1072 - [msx] shouldBootstrap is false
WARN  [main] 2022-02-08 17:27:11,241 StorageService.java:1076 - [msx] bootstrapTokens isEmpty
INFO  [main] 2022-02-08 17:27:11,242 BootStrapper.java:194 - tokens manually specified as [-9223372036854775708]
INFO  [MigrationStage:1] 2022-02-08 17:27:11,282 ColumnFamilyStore.java:878 - Enqueuing flush of columns: 200.087KiB (0%) on-heap, 0.000KiB (0%) off-heap
INFO  [PerDiskMemtableFlushWriter_0:1] 2022-02-08 17:27:11,416 Memtable.java:469 - Writing Memtable-columns@633302182(41.994KiB serialized bytes, 277 ops, 0%/0% of on/off-heap limit), flushed range = (null, null]
INFO  [PerDiskMemtableFlushWriter_0:1] 2022-02-08 17:27:11,434 Memtable.java:498 - Completed flushing /tmp/dtest-vh5zdct0/test/node2/data0/system_schema/columns-24101c25a2ae3af787c1b40ee1aca33f/nb-1-big-Data.db (20.847KiB) for commitlog position CommitLogPosition(segmentId=1644341225740, position=42090)
INFO  [MemtableFlushWriter:1] 2022-02-08 17:27:11,706 LogTransaction.java:240 - Unfinished transaction log, deleting /tmp/dtest-vh5zdct0/test/node2/data0/system_schema/columns-24101c25a2ae3af787c1b40ee1aca33f/nb_txn_flush_594e9740-8904-11ec-8aa4-4ba277a9bf71.log 
INFO  [MigrationStage:1] 2022-02-08 17:27:11,733 ColumnFamilyStore.java:878 - Enqueuing flush of dropped_columns: 1.081KiB (0%) on-heap, 0.000KiB (0%) off-heap
INFO  [PerDiskMemtableFlushWriter_0:1] 2022-02-08 17:27:11,864 Memtable.java:469 - Writing Memtable-dropped_columns@284987954(0.120KiB serialized bytes, 3 ops, 0%/0% of on/off-heap limit), flushed range = (null, null]
INFO  [PerDiskMemtableFlushWriter_0:1] 2022-02-08 17:27:11,866 Memtable.java:498 - Completed flushing /tmp/dtest-vh5zdct0/test/node2/data0/system_schema/dropped_columns-5e7583b5f3f43af19a39b7e1d6f5f11f/nb-1-big-Data.db (0.097KiB) for commitlog position CommitLogPosition(segmentId=1644341225740, position=42098)
INFO  [MemtableFlushWriter:1] 2022-02-08 17:27:12,142 LogTransaction.java:240 - Unfinished transaction log, deleting /tmp/dtest-vh5zdct0/test/node2/data0/system_schema/dropped_columns-5e7583b5f3f43af19a39b7e1d6f5f11f/nb_txn_flush_59936870-8904-11ec-8aa4-4ba277a9bf71.log 
INFO  [MigrationStage:1] 2022-02-08 17:27:12,168 ColumnFamilyStore.java:878 - Enqueuing flush of triggers: 0.513KiB (0%) on-heap, 0.000KiB (0%) off-heap
WARN  [Messaging-EventLoop-3-4] 2022-02-08 17:27:12,215 Message.java:656 - [msx] size = 35
WARN  [Messaging-EventLoop-3-4] 2022-02-08 17:27:12,215 Message.java:657 - [msx] DatabaseDescriptor.getInternodeMaxMessageSizeInBytes() = 4096
WARN  [Messaging-EventLoop-3-4] 2022-02-08 17:27:12,237 Message.java:656 - [msx] size = 11
WARN  [Messaging-EventLoop-3-4] 2022-02-08 17:27:12,237 Message.java:657 - [msx] DatabaseDescriptor.getInternodeMaxMessageSizeInBytes() = 4096
INFO  [PerDiskMemtableFlushWriter_0:1] 2022-02-08 17:27:12,373 Memtable.java:469 - Writing Memtable-triggers@847900713(0.016KiB serialized bytes, 2 ops, 0%/0% of on/off-heap limit), flushed range = (null, null]
INFO  [PerDiskMemtableFlushWriter_0:1] 2022-02-08 17:27:12,374 Memtable.java:498 - Completed flushing /tmp/dtest-vh5zdct0/test/node2/data0/system_schema/triggers-4df70b666b05325195a132b54005fd48/nb-1-big-Data.db (0.048KiB) for commitlog position CommitLogPosition(segmentId=1644341225740, position=42098)
WARN  [Messaging-EventLoop-3-4] 2022-02-08 17:27:12,450 Message.java:656 - [msx] size = 97
WARN  [Messaging-EventLoop-3-4] 2022-02-08 17:27:12,450 Message.java:657 - [msx] DatabaseDescriptor.getInternodeMaxMessageSizeInBytes() = 4096
WARN  [Messaging-EventLoop-3-4] 2022-02-08 17:27:12,454 Message.java:656 - [msx] size = 265
WARN  [Messaging-EventLoop-3-4] 2022-02-08 17:27:12,455 Message.java:657 - [msx] DatabaseDescriptor.getInternodeMaxMessageSizeInBytes() = 4096
INFO  [GossipStage:1] 2022-02-08 17:27:12,458 Gossiper.java:1364 - Node /127.0.0.1:7000 is now part of the cluster
WARN  [Messaging-EventLoop-3-4] 2022-02-08 17:27:12,463 Message.java:656 - [msx] size = 11
WARN  [Messaging-EventLoop-3-4] 2022-02-08 17:27:12,464 Message.java:657 - [msx] DatabaseDescriptor.getInternodeMaxMessageSizeInBytes() = 4096
INFO  [GossipStage:1] 2022-02-08 17:27:12,465 Gossiper.java:1312 - InetAddress /127.0.0.1:7000 is now UP
INFO  [MemtableFlushWriter:1] 2022-02-08 17:27:12,645 LogTransaction.java:240 - Unfinished transaction log, deleting /tmp/dtest-vh5zdct0/test/node2/data0/system_schema/triggers-4df70b666b05325195a132b54005fd48/nb_txn_flush_59d5efb0-8904-11ec-8aa4-4ba277a9bf71.log 
INFO  [MigrationStage:1] 2022-02-08 17:27:12,671 ColumnFamilyStore.java:878 - Enqueuing flush of types: 0.513KiB (0%) on-heap, 0.000KiB (0%) off-heap
INFO  [PerDiskMemtableFlushWriter_0:1] 2022-02-08 17:27:12,790 Memtable.java:469 - Writing Memtable-types@1469509366(0.016KiB serialized bytes, 2 ops, 0%/0% of on/off-heap limit), flushed range = (null, null]
INFO  [PerDiskMemtableFlushWriter_0:1] 2022-02-08 17:27:12,791 Memtable.java:498 - Completed flushing /tmp/dtest-vh5zdct0/test/node2/data0/system_schema/types-5a8b1ca866023f77a0459273d308917a/nb-1-big-Data.db (0.048KiB) for commitlog position CommitLogPosition(segmentId=1644341225740, position=42098)
INFO  [MemtableFlushWriter:1] 2022-02-08 17:27:12,984 LogTransaction.java:240 - Unfinished transaction log, deleting /tmp/dtest-vh5zdct0/test/node2/data0/system_schema/types-5a8b1ca866023f77a0459273d308917a/nb_txn_flush_5a228910-8904-11ec-8aa4-4ba277a9bf71.log 
INFO  [MigrationStage:1] 2022-02-08 17:27:12,999 ColumnFamilyStore.java:878 - Enqueuing flush of functions: 0.513KiB (0%) on-heap, 0.000KiB (0%) off-heap
INFO  [PerDiskMemtableFlushWriter_0:1] 2022-02-08 17:27:13,054 Memtable.java:469 - Writing Memtable-functions@160592638(0.016KiB serialized bytes, 2 ops, 0%/0% of on/off-heap limit), flushed range = (null, null]
INFO  [PerDiskMemtableFlushWriter_0:1] 2022-02-08 17:27:13,055 Memtable.java:498 - Completed flushing /tmp/dtest-vh5zdct0/test/node2/data0/system_schema/functions-96489b7980be3e14a70166a0b9159450/nb-1-big-Data.db (0.048KiB) for commitlog position CommitLogPosition(segmentId=1644341225740, position=42098)
WARN  [GossipTasks:1] 2022-02-08 17:27:13,230 FailureDetector.java:319 - Not marking nodes down due to local pause of 5384172072ns > 5000000000ns
WARN  [Messaging-EventLoop-3-4] 2022-02-08 17:27:13,233 Message.java:656 - [msx] size = 100
WARN  [Messaging-EventLoop-3-4] 2022-02-08 17:27:13,234 Message.java:657 - [msx] DatabaseDescriptor.getInternodeMaxMessageSizeInBytes() = 4096
INFO  [MemtableFlushWriter:1] 2022-02-08 17:27:13,374 LogTransaction.java:240 - Unfinished transaction log, deleting /tmp/dtest-vh5zdct0/test/node2/data0/system_schema/functions-96489b7980be3e14a70166a0b9159450/nb_txn_flush_5a549590-8904-11ec-8aa4-4ba277a9bf71.log 
INFO  [MigrationStage:1] 2022-02-08 17:27:13,388 ColumnFamilyStore.java:878 - Enqueuing flush of aggregates: 0.513KiB (0%) on-heap, 0.000KiB (0%) off-heap
WARN  [Messaging-EventLoop-3-4] 2022-02-08 17:27:13,452 Message.java:656 - [msx] size = 97
WARN  [Messaging-EventLoop-3-4] 2022-02-08 17:27:13,452 Message.java:657 - [msx] DatabaseDescriptor.getInternodeMaxMessageSizeInBytes() = 4096
WARN  [Messaging-EventLoop-3-4] 2022-02-08 17:27:13,456 Message.java:656 - [msx] size = 35
WARN  [Messaging-EventLoop-3-4] 2022-02-08 17:27:13,456 Message.java:657 - [msx] DatabaseDescriptor.getInternodeMaxMessageSizeInBytes() = 4096
INFO  [PerDiskMemtableFlushWriter_0:1] 2022-02-08 17:27:13,508 Memtable.java:469 - Writing Memtable-aggregates@2106268924(0.016KiB serialized bytes, 2 ops, 0%/0% of on/off-heap limit), flushed range = (null, null]
INFO  [PerDiskMemtableFlushWriter_0:1] 2022-02-08 17:27:13,509 Memtable.java:498 - Completed flushing /tmp/dtest-vh5zdct0/test/node2/data0/system_schema/aggregates-924c55872e3a345bb10c12f37c1ba895/nb-1-big-Data.db (0.048KiB) for commitlog position CommitLogPosition(segmentId=1644341225740, position=42098)
INFO  [MemtableFlushWriter:1] 2022-02-08 17:27:13,804 LogTransaction.java:240 - Unfinished transaction log, deleting /tmp/dtest-vh5zdct0/test/node2/data0/system_schema/aggregates-924c55872e3a345bb10c12f37c1ba895/nb_txn_flush_5a8ff0e0-8904-11ec-8aa4-4ba277a9bf71.log 
INFO  [MigrationStage:1] 2022-02-08 17:27:13,830 ColumnFamilyStore.java:878 - Enqueuing flush of indexes: 0.513KiB (0%) on-heap, 0.000KiB (0%) off-heap
INFO  [PerDiskMemtableFlushWriter_0:1] 2022-02-08 17:27:13,944 Memtable.java:469 - Writing Memtable-indexes@8299484(0.016KiB serialized bytes, 2 ops, 0%/0% of on/off-heap limit), flushed range = (null, null]
INFO  [PerDiskMemtableFlushWriter_0:1] 2022-02-08 17:27:13,945 Memtable.java:498 - Completed flushing /tmp/dtest-vh5zdct0/test/node2/data0/system_schema/indexes-0feb57ac311f382fba6d9024d305702f/nb-1-big-Data.db (0.048KiB) for commitlog position CommitLogPosition(segmentId=1644341225740, position=42098)
INFO  [Messaging-EventLoop-3-5] 2022-02-08 17:27:14,023 InboundConnectionInitiator.java:464 - /127.0.0.1:7000(/127.0.0.1:55824)->/127.0.0.2:7000-SMALL_MESSAGES-13fea198 messaging connection established, version = 12, framing = LZ4, encryption = unencrypted
INFO  [Messaging-EventLoop-3-6] 2022-02-08 17:27:14,025 InboundConnectionInitiator.java:464 - /127.0.0.1:7000(/127.0.0.1:55826)->/127.0.0.2:7000-LARGE_MESSAGES-5b5b382d messaging connection established, version = 12, framing = LZ4, encryption = unencrypted
WARN  [Messaging-EventLoop-3-5] 2022-02-08 17:27:14,026 Message.java:656 - [msx] size = 12
WARN  [Messaging-EventLoop-3-5] 2022-02-08 17:27:14,027 Message.java:657 - [msx] DatabaseDescriptor.getInternodeMaxMessageSizeInBytes() = 4096
WARN  [Messaging-EventLoop-3-6] 2022-02-08 17:27:14,034 Message.java:656 - [msx] size = 12
WARN  [Messaging-EventLoop-3-6] 2022-02-08 17:27:14,035 Message.java:657 - [msx] DatabaseDescriptor.getInternodeMaxMessageSizeInBytes() = 4096
INFO  [Messaging-EventLoop-3-1] 2022-02-08 17:27:14,038 OutboundConnection.java:1156 - /127.0.0.2:7000(/127.0.0.1:41874)->/127.0.0.1:7000-SMALL_MESSAGES-7cfaed8a successfully connected, version = 12, framing = LZ4, encryption = unencrypted
INFO  [Messaging-EventLoop-3-2] 2022-02-08 17:27:14,039 OutboundConnection.java:1156 - /127.0.0.2:7000(/127.0.0.1:41876)->/127.0.0.1:7000-LARGE_MESSAGES-d531087c successfully connected, version = 12, framing = LZ4, encryption = unencrypted
INFO  [MemtableFlushWriter:1] 2022-02-08 17:27:14,161 LogTransaction.java:240 - Unfinished transaction log, deleting /tmp/dtest-vh5zdct0/test/node2/data0/system_schema/indexes-0feb57ac311f382fba6d9024d305702f/nb_txn_flush_5ad36280-8904-11ec-8aa4-4ba277a9bf71.log 
INFO  [MigrationStage:1] 2022-02-08 17:27:14,200 ColumnFamilyStore.java:878 - Enqueuing flush of tables: 92.661KiB (0%) on-heap, 0.000KiB (0%) off-heap
WARN  [Messaging-EventLoop-3-4] 2022-02-08 17:27:14,235 Message.java:656 - [msx] size = 184
WARN  [Messaging-EventLoop-3-4] 2022-02-08 17:27:14,236 Message.java:657 - [msx] DatabaseDescriptor.getInternodeMaxMessageSizeInBytes() = 4096
WARN  [GossipStage:1] 2022-02-08 17:27:14,267 StorageService.java:2751 - [msx] SystemKeyspace.updateTokens 4
INFO  [PerDiskMemtableFlushWriter_0:1] 2022-02-08 17:27:14,343 Memtable.java:469 - Writing Memtable-tables@1627327611(28.858KiB serialized bytes, 42 ops, 0%/0% of on/off-heap limit), flushed range = (null, null]
INFO  [PerDiskMemtableFlushWriter_0:1] 2022-02-08 17:27:14,349 Memtable.java:498 - Completed flushing /tmp/dtest-vh5zdct0/test/node2/data0/system_schema/tables-afddfb9dbc1e30688056eed6c302ba09/nb-1-big-Data.db (17.879KiB) for commitlog position CommitLogPosition(segmentId=1644341225740, position=42098)
WARN  [Messaging-EventLoop-3-4] 2022-02-08 17:27:14,453 Message.java:656 - [msx] size = 97
WARN  [Messaging-EventLoop-3-4] 2022-02-08 17:27:14,454 Message.java:657 - [msx] DatabaseDescriptor.getInternodeMaxMessageSizeInBytes() = 4096
WARN  [Messaging-EventLoop-3-4] 2022-02-08 17:27:14,457 Message.java:656 - [msx] size = 35
WARN  [Messaging-EventLoop-3-4] 2022-02-08 17:27:14,457 Message.java:657 - [msx] DatabaseDescriptor.getInternodeMaxMessageSizeInBytes() = 4096
INFO  [MemtableFlushWriter:1] 2022-02-08 17:27:14,705 LogTransaction.java:240 - Unfinished transaction log, deleting /tmp/dtest-vh5zdct0/test/node2/data0/system_schema/tables-afddfb9dbc1e30688056eed6c302ba09/nb_txn_flush_5b0bfeb0-8904-11ec-8aa4-4ba277a9bf71.log 
INFO  [MigrationStage:1] 2022-02-08 17:27:14,730 ColumnFamilyStore.java:878 - Enqueuing flush of views: 0.513KiB (0%) on-heap, 0.000KiB (0%) off-heap
INFO  [PerDiskMemtableFlushWriter_0:1] 2022-02-08 17:27:14,809 Memtable.java:469 - Writing Memtable-views@2053150488(0.016KiB serialized bytes, 2 ops, 0%/0% of on/off-heap limit), flushed range = (min(-9223372036854775808), max(9223372036854775807)]
INFO  [PerDiskMemtableFlushWriter_0:1] 2022-02-08 17:27:14,810 Memtable.java:498 - Completed flushing /tmp/dtest-vh5zdct0/test/node2/data0/system_schema/views-9786ac1cdd583201a7cdad556410c985/nb-1-big-Data.db (0.048KiB) for commitlog position CommitLogPosition(segmentId=1644341225740, position=43183)
INFO  [MemtableFlushWriter:1] 2022-02-08 17:27:14,996 LogTransaction.java:240 - Unfinished transaction log, deleting /tmp/dtest-vh5zdct0/test/node2/data0/system_schema/views-9786ac1cdd583201a7cdad556410c985/nb_txn_flush_5b5cb6c0-8904-11ec-8aa4-4ba277a9bf71.log 
INFO  [MigrationStage:1] 2022-02-08 17:27:15,010 ColumnFamilyStore.java:878 - Enqueuing flush of keyspaces: 3.248KiB (0%) on-heap, 0.000KiB (0%) off-heap
INFO  [PerDiskMemtableFlushWriter_0:1] 2022-02-08 17:27:15,064 Memtable.java:469 - Writing Memtable-keyspaces@1596524628(0.673KiB serialized bytes, 7 ops, 0%/0% of on/off-heap limit), flushed range = (min(-9223372036854775808), max(9223372036854775807)]
INFO  [PerDiskMemtableFlushWriter_0:1] 2022-02-08 17:27:15,069 Memtable.java:498 - Completed flushing /tmp/dtest-vh5zdct0/test/node2/data0/system_schema/keyspaces-abac5682dea631c5b535b3d6cffd0fb6/nb-1-big-Data.db (0.556KiB) for commitlog position CommitLogPosition(segmentId=1644341225740, position=43183)
WARN  [Messaging-EventLoop-3-4] 2022-02-08 17:27:15,237 Message.java:656 - [msx] size = 35
WARN  [Messaging-EventLoop-3-4] 2022-02-08 17:27:15,238 Message.java:657 - [msx] DatabaseDescriptor.getInternodeMaxMessageSizeInBytes() = 4096
INFO  [MemtableFlushWriter:1] 2022-02-08 17:27:15,255 LogTransaction.java:240 - Unfinished transaction log, deleting /tmp/dtest-vh5zdct0/test/node2/data0/system_schema/keyspaces-abac5682dea631c5b535b3d6cffd0fb6/nb_txn_flush_5b877040-8904-11ec-8aa4-4ba277a9bf71.log 
INFO  [MigrationStage:1] 2022-02-08 17:27:15,370 Keyspace.java:386 - Creating replication strategy system_auth params KeyspaceParams{durable_writes=true, replication=ReplicationParams{class=org.apache.cassandra.locator.SimpleStrategy, replication_factor=1}}
INFO  [MigrationStage:1] 2022-02-08 17:27:15,376 ColumnFamilyStore.java:385 - Initializing system_auth.network_permissions
INFO  [MigrationStage:1] 2022-02-08 17:27:15,393 ColumnFamilyStore.java:385 - Initializing system_auth.resource_role_permissons_index
INFO  [MigrationStage:1] 2022-02-08 17:27:15,407 ColumnFamilyStore.java:385 - Initializing system_auth.role_members
INFO  [MigrationStage:1] 2022-02-08 17:27:15,415 ColumnFamilyStore.java:385 - Initializing system_auth.role_permissions
INFO  [MigrationStage:1] 2022-02-08 17:27:15,423 ColumnFamilyStore.java:385 - Initializing system_auth.roles
INFO  [MigrationStage:1] 2022-02-08 17:27:15,435 Keyspace.java:386 - Creating replication strategy system_distributed params KeyspaceParams{durable_writes=true, replication=ReplicationParams{class=org.apache.cassandra.locator.SimpleStrategy, replication_factor=3}}
INFO  [MigrationStage:1] 2022-02-08 17:27:15,439 ColumnFamilyStore.java:385 - Initializing system_distributed.parent_repair_history
INFO  [MigrationStage:1] 2022-02-08 17:27:15,449 ColumnFamilyStore.java:385 - Initializing system_distributed.repair_history
WARN  [Messaging-EventLoop-3-4] 2022-02-08 17:27:15,454 Message.java:656 - [msx] size = 97
WARN  [Messaging-EventLoop-3-4] 2022-02-08 17:27:15,455 Message.java:657 - [msx] DatabaseDescriptor.getInternodeMaxMessageSizeInBytes() = 4096
WARN  [Messaging-EventLoop-3-4] 2022-02-08 17:27:15,458 Message.java:656 - [msx] size = 35
WARN  [Messaging-EventLoop-3-4] 2022-02-08 17:27:15,458 Message.java:657 - [msx] DatabaseDescriptor.getInternodeMaxMessageSizeInBytes() = 4096
INFO  [MigrationStage:1] 2022-02-08 17:27:15,463 ColumnFamilyStore.java:385 - Initializing system_distributed.view_build_status
INFO  [MigrationStage:1] 2022-02-08 17:27:15,470 Keyspace.java:386 - Creating replication strategy system_traces params KeyspaceParams{durable_writes=true, replication=ReplicationParams{class=org.apache.cassandra.locator.SimpleStrategy, replication_factor=2}}
INFO  [MigrationStage:1] 2022-02-08 17:27:15,474 ColumnFamilyStore.java:385 - Initializing system_traces.events
INFO  [MigrationStage:1] 2022-02-08 17:27:15,499 ColumnFamilyStore.java:385 - Initializing system_traces.sessions
INFO  [main] 2022-02-08 17:27:15,536 StorageService.java:1648 - JOINING: Finish joining ring
INFO  [main] 2022-02-08 17:27:15,540 ColumnFamilyStore.java:878 - Enqueuing flush of local: 0.604KiB (0%) on-heap, 0.000KiB (0%) off-heap
INFO  [PerDiskMemtableFlushWriter_0:1] 2022-02-08 17:27:15,594 Memtable.java:469 - Writing Memtable-local@708583470(0.084KiB serialized bytes, 3 ops, 0%/0% of on/off-heap limit), flushed range = (min(-9223372036854775808), max(9223372036854775807)]
INFO  [PerDiskMemtableFlushWriter_0:1] 2022-02-08 17:27:15,595 Memtable.java:498 - Completed flushing /tmp/dtest-vh5zdct0/test/node2/data0/system/local-7ad54392bcdd35a684174e047860b377/nb-4-big-Data.db (0.058KiB) for commitlog position CommitLogPosition(segmentId=1644341225740, position=43339)
INFO  [MemtableFlushWriter:1] 2022-02-08 17:27:15,775 LogTransaction.java:240 - Unfinished transaction log, deleting /tmp/dtest-vh5zdct0/test/node2/data0/system/local-7ad54392bcdd35a684174e047860b377/nb_txn_flush_5bd82850-8904-11ec-8aa4-4ba277a9bf71.log 
WARN  [main] 2022-02-08 17:27:15,798 StorageService.java:306 - [msx] SystemKeyspace.updateTokens 1
INFO  [main] 2022-02-08 17:27:15,804 ColumnFamilyStore.java:878 - Enqueuing flush of local: 0.564KiB (0%) on-heap, 0.000KiB (0%) off-heap
INFO  [PerDiskMemtableFlushWriter_0:1] 2022-02-08 17:27:15,866 Memtable.java:469 - Writing Memtable-local@850947526(0.075KiB serialized bytes, 1 ops, 0%/0% of on/off-heap limit), flushed range = (min(-9223372036854775808), max(9223372036854775807)]
INFO  [PerDiskMemtableFlushWriter_0:1] 2022-02-08 17:27:15,867 Memtable.java:498 - Completed flushing /tmp/dtest-vh5zdct0/test/node2/data0/system/local-7ad54392bcdd35a684174e047860b377/nb-5-big-Data.db (0.048KiB) for commitlog position CommitLogPosition(segmentId=1644341225740, position=43432)
INFO  [MemtableFlushWriter:1] 2022-02-08 17:27:16,035 LogTransaction.java:240 - Unfinished transaction log, deleting /tmp/dtest-vh5zdct0/test/node2/data0/system/local-7ad54392bcdd35a684174e047860b377/nb_txn_flush_5c0070d0-8904-11ec-8aa4-4ba277a9bf71.log 
WARN  [main] 2022-02-08 17:27:16,058 StorageService.java:2751 - [msx] SystemKeyspace.updateTokens 4
INFO  [main] 2022-02-08 17:27:16,059 StorageService.java:2802 - Node /127.0.0.2:7000 state jump to NORMAL
WARN  [main] 2022-02-08 17:27:16,059 StorageService.java:2751 - [msx] SystemKeyspace.updateTokens 4
INFO  [main] 2022-02-08 17:27:16,060 Gossiper.java:2214 - Waiting for gossip to settle...
WARN  [Messaging-EventLoop-3-4] 2022-02-08 17:27:16,240 Message.java:656 - [msx] size = 35
WARN  [Messaging-EventLoop-3-4] 2022-02-08 17:27:16,240 Message.java:657 - [msx] DatabaseDescriptor.getInternodeMaxMessageSizeInBytes() = 4096
WARN  [Messaging-EventLoop-3-4] 2022-02-08 17:27:16,456 Message.java:656 - [msx] size = 97
WARN  [Messaging-EventLoop-3-4] 2022-02-08 17:27:16,457 Message.java:657 - [msx] DatabaseDescriptor.getInternodeMaxMessageSizeInBytes() = 4096
WARN  [Messaging-EventLoop-3-4] 2022-02-08 17:27:16,460 Message.java:656 - [msx] size = 35
WARN  [Messaging-EventLoop-3-4] 2022-02-08 17:27:16,461 Message.java:657 - [msx] DatabaseDescriptor.getInternodeMaxMessageSizeInBytes() = 4096
WARN  [Messaging-EventLoop-3-4] 2022-02-08 17:27:17,243 Message.java:656 - [msx] size = 35
WARN  [Messaging-EventLoop-3-4] 2022-02-08 17:27:17,243 Message.java:657 - [msx] DatabaseDescriptor.getInternodeMaxMessageSizeInBytes() = 4096
WARN  [Messaging-EventLoop-3-4] 2022-02-08 17:27:17,458 Message.java:656 - [msx] size = 97
WARN  [Messaging-EventLoop-3-4] 2022-02-08 17:27:17,458 Message.java:657 - [msx] DatabaseDescriptor.getInternodeMaxMessageSizeInBytes() = 4096
WARN  [Messaging-EventLoop-3-4] 2022-02-08 17:27:17,461 Message.java:656 - [msx] size = 35
WARN  [Messaging-EventLoop-3-4] 2022-02-08 17:27:17,462 Message.java:657 - [msx] DatabaseDescriptor.getInternodeMaxMessageSizeInBytes() = 4096
WARN  [Messaging-EventLoop-3-4] 2022-02-08 17:27:18,245 Message.java:656 - [msx] size = 35
WARN  [Messaging-EventLoop-3-4] 2022-02-08 17:27:18,245 Message.java:657 - [msx] DatabaseDescriptor.getInternodeMaxMessageSizeInBytes() = 4096
WARN  [Messaging-EventLoop-3-4] 2022-02-08 17:27:18,460 Message.java:656 - [msx] size = 97
WARN  [Messaging-EventLoop-3-4] 2022-02-08 17:27:18,460 Message.java:657 - [msx] DatabaseDescriptor.getInternodeMaxMessageSizeInBytes() = 4096
WARN  [Messaging-EventLoop-3-4] 2022-02-08 17:27:18,463 Message.java:656 - [msx] size = 35
WARN  [Messaging-EventLoop-3-4] 2022-02-08 17:27:18,463 Message.java:657 - [msx] DatabaseDescriptor.getInternodeMaxMessageSizeInBytes() = 4096
WARN  [Messaging-EventLoop-3-4] 2022-02-08 17:27:19,246 Message.java:656 - [msx] size = 35
WARN  [Messaging-EventLoop-3-4] 2022-02-08 17:27:19,247 Message.java:657 - [msx] DatabaseDescriptor.getInternodeMaxMessageSizeInBytes() = 4096
WARN  [Messaging-EventLoop-3-4] 2022-02-08 17:27:19,461 Message.java:656 - [msx] size = 97
WARN  [Messaging-EventLoop-3-4] 2022-02-08 17:27:19,461 Message.java:657 - [msx] DatabaseDescriptor.getInternodeMaxMessageSizeInBytes() = 4096
WARN  [Messaging-EventLoop-3-4] 2022-02-08 17:27:19,465 Message.java:656 - [msx] size = 35
WARN  [Messaging-EventLoop-3-4] 2022-02-08 17:27:19,465 Message.java:657 - [msx] DatabaseDescriptor.getInternodeMaxMessageSizeInBytes() = 4096
WARN  [Messaging-EventLoop-3-4] 2022-02-08 17:27:20,246 Message.java:656 - [msx] size = 35
WARN  [Messaging-EventLoop-3-4] 2022-02-08 17:27:20,247 Message.java:657 - [msx] DatabaseDescriptor.getInternodeMaxMessageSizeInBytes() = 4096
WARN  [Messaging-EventLoop-3-4] 2022-02-08 17:27:20,462 Message.java:656 - [msx] size = 97
WARN  [Messaging-EventLoop-3-4] 2022-02-08 17:27:20,463 Message.java:657 - [msx] DatabaseDescriptor.getInternodeMaxMessageSizeInBytes() = 4096
WARN  [Messaging-EventLoop-3-4] 2022-02-08 17:27:20,466 Message.java:656 - [msx] size = 35
WARN  [Messaging-EventLoop-3-4] 2022-02-08 17:27:20,466 Message.java:657 - [msx] DatabaseDescriptor.getInternodeMaxMessageSizeInBytes() = 4096
WARN  [Messaging-EventLoop-3-4] 2022-02-08 17:27:21,248 Message.java:656 - [msx] size = 35
WARN  [Messaging-EventLoop-3-4] 2022-02-08 17:27:21,248 Message.java:657 - [msx] DatabaseDescriptor.getInternodeMaxMessageSizeInBytes() = 4096
WARN  [Messaging-EventLoop-3-4] 2022-02-08 17:27:21,464 Message.java:656 - [msx] size = 97
WARN  [Messaging-EventLoop-3-4] 2022-02-08 17:27:21,464 Message.java:657 - [msx] DatabaseDescriptor.getInternodeMaxMessageSizeInBytes() = 4096
WARN  [Messaging-EventLoop-3-4] 2022-02-08 17:27:21,467 Message.java:656 - [msx] size = 35
WARN  [Messaging-EventLoop-3-4] 2022-02-08 17:27:21,467 Message.java:657 - [msx] DatabaseDescriptor.getInternodeMaxMessageSizeInBytes() = 4096
WARN  [Messaging-EventLoop-3-4] 2022-02-08 17:27:22,249 Message.java:656 - [msx] size = 35
WARN  [Messaging-EventLoop-3-4] 2022-02-08 17:27:22,249 Message.java:657 - [msx] DatabaseDescriptor.getInternodeMaxMessageSizeInBytes() = 4096
WARN  [Messaging-EventLoop-3-4] 2022-02-08 17:27:22,465 Message.java:656 - [msx] size = 97
WARN  [Messaging-EventLoop-3-4] 2022-02-08 17:27:22,465 Message.java:657 - [msx] DatabaseDescriptor.getInternodeMaxMessageSizeInBytes() = 4096
WARN  [Messaging-EventLoop-3-4] 2022-02-08 17:27:22,468 Message.java:656 - [msx] size = 35
WARN  [Messaging-EventLoop-3-4] 2022-02-08 17:27:22,468 Message.java:657 - [msx] DatabaseDescriptor.getInternodeMaxMessageSizeInBytes() = 4096
WARN  [Messaging-EventLoop-3-4] 2022-02-08 17:27:23,250 Message.java:656 - [msx] size = 35
WARN  [Messaging-EventLoop-3-4] 2022-02-08 17:27:23,251 Message.java:657 - [msx] DatabaseDescriptor.getInternodeMaxMessageSizeInBytes() = 4096
WARN  [Messaging-EventLoop-3-4] 2022-02-08 17:27:23,466 Message.java:656 - [msx] size = 97
WARN  [Messaging-EventLoop-3-4] 2022-02-08 17:27:23,466 Message.java:657 - [msx] DatabaseDescriptor.getInternodeMaxMessageSizeInBytes() = 4096
WARN  [Messaging-EventLoop-3-4] 2022-02-08 17:27:23,470 Message.java:656 - [msx] size = 35
WARN  [Messaging-EventLoop-3-4] 2022-02-08 17:27:23,470 Message.java:657 - [msx] DatabaseDescriptor.getInternodeMaxMessageSizeInBytes() = 4096
WARN  [Messaging-EventLoop-3-5] 2022-02-08 17:27:24,057 Message.java:656 - [msx] size = 122
WARN  [Messaging-EventLoop-3-5] 2022-02-08 17:27:24,057 Message.java:657 - [msx] DatabaseDescriptor.getInternodeMaxMessageSizeInBytes() = 4096
INFO  [main] 2022-02-08 17:27:24,062 Gossiper.java:2245 - No gossip backlog; proceeding
INFO  [main] 2022-02-08 17:27:24,074 AuthCache.java:215 - (Re)initializing CredentialsCache (validity period/update interval/max entries) (2000/2000/1000)
