CompilerOracle: dontinline org/apache/cassandra/db/Columns$Serializer.deserializeLargeSubset (Lorg/apache/cassandra/io/util/DataInputPlus;Lorg/apache/cassandra/db/Columns;I)Lorg/apache/cassandra/db/Columns;
CompilerOracle: dontinline org/apache/cassandra/db/Columns$Serializer.serializeLargeSubset (Ljava/util/Collection;ILorg/apache/cassandra/db/Columns;ILorg/apache/cassandra/io/util/DataOutputPlus;)V
CompilerOracle: dontinline org/apache/cassandra/db/Columns$Serializer.serializeLargeSubsetSize (Ljava/util/Collection;ILorg/apache/cassandra/db/Columns;I)I
CompilerOracle: dontinline org/apache/cassandra/db/commitlog/AbstractCommitLogSegmentManager.advanceAllocatingFrom (Lorg/apache/cassandra/db/commitlog/CommitLogSegment;)V
CompilerOracle: dontinline org/apache/cassandra/db/transform/BaseIterator.tryGetMoreContents ()Z
CompilerOracle: dontinline org/apache/cassandra/db/transform/StoppingTransformation.stop ()V
CompilerOracle: dontinline org/apache/cassandra/db/transform/StoppingTransformation.stopInPartition ()V
CompilerOracle: dontinline org/apache/cassandra/io/util/BufferedDataOutputStreamPlus.doFlush (I)V
CompilerOracle: dontinline org/apache/cassandra/io/util/BufferedDataOutputStreamPlus.writeSlow (JI)V
CompilerOracle: dontinline org/apache/cassandra/io/util/RebufferingInputStream.readPrimitiveSlowly (I)J
CompilerOracle: exclude org/apache/cassandra/utils/JVMStabilityInspector.forceHeapSpaceOomMaybe (Ljava/lang/OutOfMemoryError;)V
CompilerOracle: inline org/apache/cassandra/db/rows/UnfilteredSerializer.serializeRowBody (Lorg/apache/cassandra/db/rows/Row;ILorg/apache/cassandra/db/rows/SerializationHelper;Lorg/apache/cassandra/io/util/DataOutputPlus;)V
CompilerOracle: inline org/apache/cassandra/io/util/Memory.checkBounds (JJ)V
CompilerOracle: inline org/apache/cassandra/io/util/SafeMemory.checkBounds (JJ)V
CompilerOracle: inline org/apache/cassandra/net/FrameDecoderWith8bHeader.decode (Ljava/util/Collection;Lorg/apache/cassandra/net/ShareableBytes;I)V
CompilerOracle: inline org/apache/cassandra/service/reads/repair/RowIteratorMergeListener.applyToPartition (ILjava/util/function/Consumer;)V
CompilerOracle: inline org/apache/cassandra/utils/AsymmetricOrdering.selectBoundary (Lorg/apache/cassandra/utils/AsymmetricOrdering/Op;II)I
CompilerOracle: inline org/apache/cassandra/utils/AsymmetricOrdering.strictnessOfLessThan (Lorg/apache/cassandra/utils/AsymmetricOrdering/Op;)I
CompilerOracle: inline org/apache/cassandra/utils/BloomFilter.indexes (Lorg/apache/cassandra/utils/IFilter/FilterKey;)[J
CompilerOracle: inline org/apache/cassandra/utils/BloomFilter.setIndexes (JJIJ[J)V
CompilerOracle: inline org/apache/cassandra/utils/ByteBufferUtil.compare (Ljava/nio/ByteBuffer;[B)I
CompilerOracle: inline org/apache/cassandra/utils/ByteBufferUtil.compare ([BLjava/nio/ByteBuffer;)I
CompilerOracle: inline org/apache/cassandra/utils/ByteBufferUtil.compareUnsigned (Ljava/nio/ByteBuffer;Ljava/nio/ByteBuffer;)I
CompilerOracle: inline org/apache/cassandra/utils/FastByteOperations$UnsafeOperations.compareTo (Ljava/lang/Object;JILjava/lang/Object;JI)I
CompilerOracle: inline org/apache/cassandra/utils/FastByteOperations$UnsafeOperations.compareTo (Ljava/lang/Object;JILjava/nio/ByteBuffer;)I
CompilerOracle: inline org/apache/cassandra/utils/FastByteOperations$UnsafeOperations.compareTo (Ljava/nio/ByteBuffer;Ljava/nio/ByteBuffer;)I
CompilerOracle: inline org/apache/cassandra/utils/memory/BufferPool$LocalPool.tryGetInternal (IZ)Ljava/nio/ByteBuffer;
CompilerOracle: inline org/apache/cassandra/utils/vint/VIntCoding.encodeUnsignedVInt (JI)[B
CompilerOracle: inline org/apache/cassandra/utils/vint/VIntCoding.encodeUnsignedVInt (JI[B)V
CompilerOracle: inline org/apache/cassandra/utils/vint/VIntCoding.writeUnsignedVInt (JLjava/io/DataOutput;)V
CompilerOracle: inline org/apache/cassandra/utils/vint/VIntCoding.writeUnsignedVInt (JLjava/nio/ByteBuffer;)V
CompilerOracle: inline org/apache/cassandra/utils/vint/VIntCoding.writeVInt (JLjava/io/DataOutput;)V
Listening for transport dt_socket at address: 2003
WARN  [main] 2022-02-07 22:08:46,693 DatabaseDescriptor.java:209 - [msx] Printing stack trace:
WARN  [main] 2022-02-07 22:08:46,695 DatabaseDescriptor.java:213 - 	at org.apache.cassandra.config.DatabaseDescriptor.daemonInitialization(DatabaseDescriptor.java:210)
WARN  [main] 2022-02-07 22:08:46,696 DatabaseDescriptor.java:213 - 	at org.apache.cassandra.config.DatabaseDescriptor.daemonInitialization(DatabaseDescriptor.java:203)
WARN  [main] 2022-02-07 22:08:46,696 DatabaseDescriptor.java:213 - 	at org.apache.cassandra.service.CassandraDaemon.applyConfig(CassandraDaemon.java:821)
WARN  [main] 2022-02-07 22:08:46,696 DatabaseDescriptor.java:213 - 	at org.apache.cassandra.service.CassandraDaemon.activate(CassandraDaemon.java:757)
WARN  [main] 2022-02-07 22:08:46,696 DatabaseDescriptor.java:213 - 	at org.apache.cassandra.service.CassandraDaemon.main(CassandraDaemon.java:892)
INFO  [main] 2022-02-07 22:08:46,701 YamlConfigurationLoader.java:97 - Configuration location: file:/tmp/dtest-4jd3e82j/test/node3/conf/cassandra.yaml
INFO  [main] 2022-02-07 22:08:47,191 Config.java:839 - Node configuration:[allocate_tokens_for_keyspace=null; allocate_tokens_for_local_replication_factor=3; audit_logging_options=AuditLogOptions{enabled=false, logger='BinAuditLogger', included_keyspaces='', excluded_keyspaces='system,system_schema,system_virtual_schema', included_categories='', excluded_categories='', included_users='', excluded_users='', audit_logs_dir='/tmp/dtest-4jd3e82j/test/node3/logs/audit/', archive_command='', roll_cycle='HOURLY', block=true, max_queue_weight=268435456, max_log_size=17179869184}; authenticator=AllowAllAuthenticator; authorizer=AllowAllAuthorizer; auto_bootstrap=false; auto_optimise_full_repair_streams=false; auto_optimise_inc_repair_streams=false; auto_optimise_preview_repair_streams=false; auto_snapshot=true; autocompaction_on_startup_enabled=true; automatic_sstable_upgrade=false; back_pressure_enabled=false; back_pressure_strategy=null; batch_size_fail_threshold_in_kb=50; batch_size_warn_threshold_in_kb=5; batchlog_replay_throttle_in_kb=1024; block_for_peers_in_remote_dcs=false; block_for_peers_timeout_in_secs=10; broadcast_address=null; broadcast_rpc_address=null; buffer_pool_use_heap_if_exhausted=false; cache_load_timeout_seconds=30; cas_contention_timeout_in_ms=1000; cdc_enabled=false; cdc_free_space_check_interval_ms=250; cdc_raw_directory=/tmp/dtest-4jd3e82j/test/node3/cdc_raw; cdc_total_space_in_mb=0; check_for_duplicate_rows_during_compaction=true; check_for_duplicate_rows_during_reads=true; client_encryption_options=<REDACTED>; cluster_name=test; column_index_cache_size_in_kb=2; column_index_size_in_kb=64; commit_failure_policy=stop; commitlog_compression=null; commitlog_directory=/tmp/dtest-4jd3e82j/test/node3/commitlogs; commitlog_max_compression_buffers_in_pool=3; commitlog_periodic_queue_size=-1; commitlog_segment_size_in_mb=32; commitlog_sync=periodic; commitlog_sync_batch_window_in_ms=NaN; commitlog_sync_group_window_in_ms=NaN; commitlog_sync_period_in_ms=10000; commitlog_total_space_in_mb=null; compaction_large_partition_warning_threshold_mb=100; compaction_throughput_mb_per_sec=64; componentId=6; componentType=CassandraDaemon; concurrent_compactors=null; concurrent_counter_writes=32; concurrent_materialized_view_builders=1; concurrent_materialized_view_writes=32; concurrent_reads=32; concurrent_replicates=null; concurrent_validations=0; concurrent_writes=32; consecutive_message_errors_threshold=1; corrupted_tombstone_strategy=exception; counter_cache_keys_to_save=2147483647; counter_cache_save_period=7200; counter_cache_size_in_mb=null; counter_write_request_timeout_in_ms=5000; credentials_cache_max_entries=1000; credentials_update_interval_in_ms=-1; credentials_validity_in_ms=2000; cross_node_timeout=true; data_file_directories=[Ljava.lang.String;@202b0582; diagnostic_events_enabled=false; disk_access_mode=auto; disk_failure_policy=stop; disk_optimization_estimate_percentile=0.95; disk_optimization_page_cross_chance=0.1; disk_optimization_strategy=ssd; dynamic_snitch=true; dynamic_snitch_badness_threshold=1.0; dynamic_snitch_reset_interval_in_ms=600000; dynamic_snitch_update_interval_in_ms=100; enable_drop_compact_storage=false; enable_materialized_views=false; enable_sasi_indexes=false; enable_scripted_user_defined_functions=false; enable_transient_replication=false; enable_user_defined_functions=false; enable_user_defined_functions_threads=true; endpoint_snitch=org.apache.cassandra.locator.PropertyFileSnitch; file_cache_enabled=false; file_cache_round_up=null; file_cache_size_in_mb=null; flush_compression=fast; full_query_logging_options=FullQueryLoggerOptions{log_dir='', archive_command='', roll_cycle='HOURLY', block=true, max_queue_weight=268435456, max_log_size=17179869184}; gc_log_threshold_in_ms=200; gc_warn_threshold_in_ms=1000; hinted_handoff_disabled_datacenters=[]; hinted_handoff_enabled=true; hinted_handoff_throttle_in_kb=1024; hints_compression=null; hints_directory=/tmp/dtest-4jd3e82j/test/node3/hints; hints_flush_period_in_ms=10000; ideal_consistency_level=null; incremental_backups=false; index_summary_capacity_in_mb=null; index_summary_resize_interval_in_minutes=60; initial_range_tombstone_list_allocation_size=1; initial_token=null; inter_dc_stream_throughput_outbound_megabits_per_sec=200; inter_dc_tcp_nodelay=false; internode_application_receive_queue_capacity_in_bytes=4194304; internode_application_receive_queue_reserve_endpoint_capacity_in_bytes=134217728; internode_application_receive_queue_reserve_global_capacity_in_bytes=536870912; internode_application_send_queue_capacity_in_bytes=4194304; internode_application_send_queue_reserve_endpoint_capacity_in_bytes=134217728; internode_application_send_queue_reserve_global_capacity_in_bytes=536870912; internode_authenticator=null; internode_compression=dc; internode_max_message_size_in_bytes=null; internode_socket_receive_buffer_size_in_bytes=0; internode_socket_send_buffer_size_in_bytes=0; internode_streaming_tcp_user_timeout_in_ms=300000; internode_tcp_connect_timeout_in_ms=2000; internode_tcp_user_timeout_in_ms=30000; key_cache_keys_to_save=2147483647; key_cache_migrate_during_compaction=true; key_cache_save_period=14400; key_cache_size_in_mb=null; keyspace_count_warn_threshold=40; listen_address=127.0.0.3; listen_interface=null; listen_interface_prefer_ipv6=false; listen_on_broadcast_address=false; local_system_data_file_directory=null; max_concurrent_automatic_sstable_upgrades=1; max_hint_window_in_ms=10800000; max_hints_delivery_threads=2; max_hints_file_size_in_mb=128; max_mutation_size_in_kb=null; max_streaming_retries=3; max_value_size_in_mb=256; memtable_allocation_type=heap_buffers; memtable_cleanup_threshold=null; memtable_flush_writers=0; memtable_heap_space_in_mb=null; memtable_offheap_space_in_mb=null; min_free_space_per_drive_in_mb=50; native_transport_allow_older_protocols=true; native_transport_flush_in_batches_legacy=false; native_transport_idle_timeout_in_ms=0; native_transport_max_concurrent_connections=-1; native_transport_max_concurrent_connections_per_ip=-1; native_transport_max_concurrent_requests_in_bytes=-1; native_transport_max_concurrent_requests_in_bytes_per_ip=-1; native_transport_max_frame_size_in_mb=256; native_transport_max_negotiable_protocol_version=null; native_transport_max_threads=128; native_transport_port=9042; native_transport_port_ssl=null; native_transport_receive_queue_capacity_in_bytes=1048576; network_authorizer=AllowAllNetworkAuthorizer; networking_cache_size_in_mb=null; num_tokens=1; partitioner=org.apache.cassandra.dht.Murmur3Partitioner; periodic_commitlog_sync_lag_block_in_ms=null; permissions_cache_max_entries=1000; permissions_update_interval_in_ms=-1; permissions_validity_in_ms=2000; phi_convict_threshold=5.0; prepared_statements_cache_size_mb=null; range_request_timeout_in_ms=15000; range_tombstone_list_growth_factor=1.5; read_request_timeout_in_ms=15000; reject_repair_compaction_threshold=2147483647; repair_command_pool_full_strategy=queue; repair_command_pool_size=0; repair_session_max_tree_depth=null; repair_session_space_in_mb=null; repaired_data_tracking_for_partition_reads_enabled=true; repaired_data_tracking_for_range_reads_enabled=true; report_unconfirmed_repaired_data_mismatches=true; request_timeout_in_ms=15000; role_manager=CassandraRoleManager; roles_cache_max_entries=1000; roles_update_interval_in_ms=-1; roles_validity_in_ms=2000; row_cache_class_name=org.apache.cassandra.cache.OHCProvider; row_cache_keys_to_save=2147483647; row_cache_save_period=0; row_cache_size_in_mb=0; rpc_address=127.0.0.3; rpc_interface=null; rpc_interface_prefer_ipv6=false; rpc_keepalive=true; saved_caches_directory=/tmp/dtest-4jd3e82j/test/node3/saved_caches; seed_provider=org.apache.cassandra.locator.SimpleSeedProvider{seeds=127.0.0.1:7001,127.0.0.3:7003}; server_encryption_options=<REDACTED>; slow_query_log_timeout_in_ms=500; snapshot_before_compaction=false; snapshot_links_per_second=0; snapshot_on_duplicate_row_detection=false; snapshot_on_repaired_data_mismatch=false; ssl_storage_port=7001; sstable_preemptive_open_interval_in_mb=50; start_native_transport=true; storage_port=7003; stream_entire_sstables=true; stream_throughput_outbound_megabits_per_sec=200; streaming_connections_per_host=1; streaming_keep_alive_period_in_secs=300; table_count_warn_threshold=150; tombstone_failure_threshold=100000; tombstone_warn_threshold=1000; tracetype_query_ttl=86400; tracetype_repair_ttl=604800; transparent_data_encryption_options=org.apache.cassandra.config.TransparentDataEncryptionOptions@235ecd9f; trickle_fsync=false; trickle_fsync_interval_in_kb=10240; truncate_request_timeout_in_ms=15000; unlogged_batch_across_partitions_warn_threshold=10; use_offheap_merkle_trees=true; user_defined_function_fail_timeout=1500; user_defined_function_warn_timeout=500; user_function_timeout_policy=die; validation_preview_purge_head_start_in_sec=3600; windows_timer_interval=1; write_request_timeout_in_ms=15000]
INFO  [main] 2022-02-07 22:08:47,196 DatabaseDescriptor.java:467 - DiskAccessMode 'auto' determined to be mmap, indexAccessMode is mmap
INFO  [main] 2022-02-07 22:08:47,199 DatabaseDescriptor.java:528 - Global memtable on-heap threshold is enabled at 123MB
INFO  [main] 2022-02-07 22:08:47,199 DatabaseDescriptor.java:532 - Global memtable off-heap threshold is enabled at 123MB
WARN  [main] 2022-02-07 22:08:47,371 CassandraDaemon.java:233 - [msx] setup(): componentType = CassandraDaemon, componentId = 6
INFO  [main] 2022-02-07 22:08:47,817 FileUtils.java:1057 - Moving /tmp/dtest-4jd3e82j/test/node3/data1/system/paxos-b7b7f0c2fd0a34108c053ef614bb7c2d to /tmp/dtest-4jd3e82j/test/node3/data0/system/paxos-b7b7f0c2fd0a34108c053ef614bb7c2d
INFO  [main] 2022-02-07 22:08:47,818 FileUtils.java:1057 - Moving /tmp/dtest-4jd3e82j/test/node3/data1/system/paxos-b7b7f0c2fd0a34108c053ef614bb7c2d/backups to /tmp/dtest-4jd3e82j/test/node3/data0/system/paxos-b7b7f0c2fd0a34108c053ef614bb7c2d/backups
INFO  [main] 2022-02-07 22:08:47,818 FileUtils.java:1096 - Deleting directory /tmp/dtest-4jd3e82j/test/node3/data1/system/paxos-b7b7f0c2fd0a34108c053ef614bb7c2d/backups
INFO  [main] 2022-02-07 22:08:47,819 FileUtils.java:1096 - Deleting directory /tmp/dtest-4jd3e82j/test/node3/data1/system/paxos-b7b7f0c2fd0a34108c053ef614bb7c2d
INFO  [main] 2022-02-07 22:08:47,819 FileUtils.java:1057 - Moving /tmp/dtest-4jd3e82j/test/node3/data1/system/batches-919a4bc57a333573b03e13fc3f68b465 to /tmp/dtest-4jd3e82j/test/node3/data0/system/batches-919a4bc57a333573b03e13fc3f68b465
INFO  [main] 2022-02-07 22:08:47,820 FileUtils.java:1057 - Moving /tmp/dtest-4jd3e82j/test/node3/data1/system/batches-919a4bc57a333573b03e13fc3f68b465/backups to /tmp/dtest-4jd3e82j/test/node3/data0/system/batches-919a4bc57a333573b03e13fc3f68b465/backups
INFO  [main] 2022-02-07 22:08:47,820 FileUtils.java:1096 - Deleting directory /tmp/dtest-4jd3e82j/test/node3/data1/system/batches-919a4bc57a333573b03e13fc3f68b465/backups
INFO  [main] 2022-02-07 22:08:47,820 FileUtils.java:1096 - Deleting directory /tmp/dtest-4jd3e82j/test/node3/data1/system/batches-919a4bc57a333573b03e13fc3f68b465
INFO  [main] 2022-02-07 22:08:47,821 FileUtils.java:1057 - Moving /tmp/dtest-4jd3e82j/test/node3/data1/system/prepared_statements-18a9c2576a0c3841ba718cd529849fef to /tmp/dtest-4jd3e82j/test/node3/data0/system/prepared_statements-18a9c2576a0c3841ba718cd529849fef
INFO  [main] 2022-02-07 22:08:47,821 FileUtils.java:1057 - Moving /tmp/dtest-4jd3e82j/test/node3/data1/system/prepared_statements-18a9c2576a0c3841ba718cd529849fef/backups to /tmp/dtest-4jd3e82j/test/node3/data0/system/prepared_statements-18a9c2576a0c3841ba718cd529849fef/backups
INFO  [main] 2022-02-07 22:08:47,822 FileUtils.java:1096 - Deleting directory /tmp/dtest-4jd3e82j/test/node3/data1/system/prepared_statements-18a9c2576a0c3841ba718cd529849fef/backups
INFO  [main] 2022-02-07 22:08:47,822 FileUtils.java:1096 - Deleting directory /tmp/dtest-4jd3e82j/test/node3/data1/system/prepared_statements-18a9c2576a0c3841ba718cd529849fef
INFO  [main] 2022-02-07 22:08:47,822 FileUtils.java:1057 - Moving /tmp/dtest-4jd3e82j/test/node3/data1/system/repairs-a3d277d1cfaf36f5a2a738d5eea9ad6a to /tmp/dtest-4jd3e82j/test/node3/data0/system/repairs-a3d277d1cfaf36f5a2a738d5eea9ad6a
INFO  [main] 2022-02-07 22:08:47,822 FileUtils.java:1057 - Moving /tmp/dtest-4jd3e82j/test/node3/data1/system/repairs-a3d277d1cfaf36f5a2a738d5eea9ad6a/backups to /tmp/dtest-4jd3e82j/test/node3/data0/system/repairs-a3d277d1cfaf36f5a2a738d5eea9ad6a/backups
INFO  [main] 2022-02-07 22:08:47,823 FileUtils.java:1096 - Deleting directory /tmp/dtest-4jd3e82j/test/node3/data1/system/repairs-a3d277d1cfaf36f5a2a738d5eea9ad6a/backups
INFO  [main] 2022-02-07 22:08:47,823 FileUtils.java:1096 - Deleting directory /tmp/dtest-4jd3e82j/test/node3/data1/system/repairs-a3d277d1cfaf36f5a2a738d5eea9ad6a
INFO  [main] 2022-02-07 22:08:47,823 FileUtils.java:1057 - Moving /tmp/dtest-4jd3e82j/test/node3/data1/system/compaction_history-b4dbb7b4dc493fb5b3bfce6e434832ca to /tmp/dtest-4jd3e82j/test/node3/data0/system/compaction_history-b4dbb7b4dc493fb5b3bfce6e434832ca
INFO  [main] 2022-02-07 22:08:47,824 FileUtils.java:1057 - Moving /tmp/dtest-4jd3e82j/test/node3/data1/system/compaction_history-b4dbb7b4dc493fb5b3bfce6e434832ca/backups to /tmp/dtest-4jd3e82j/test/node3/data0/system/compaction_history-b4dbb7b4dc493fb5b3bfce6e434832ca/backups
INFO  [main] 2022-02-07 22:08:47,824 FileUtils.java:1096 - Deleting directory /tmp/dtest-4jd3e82j/test/node3/data1/system/compaction_history-b4dbb7b4dc493fb5b3bfce6e434832ca/backups
INFO  [main] 2022-02-07 22:08:47,824 FileUtils.java:1096 - Deleting directory /tmp/dtest-4jd3e82j/test/node3/data1/system/compaction_history-b4dbb7b4dc493fb5b3bfce6e434832ca
INFO  [main] 2022-02-07 22:08:47,825 FileUtils.java:1057 - Moving /tmp/dtest-4jd3e82j/test/node3/data2/system/paxos-b7b7f0c2fd0a34108c053ef614bb7c2d to /tmp/dtest-4jd3e82j/test/node3/data0/system/paxos-b7b7f0c2fd0a34108c053ef614bb7c2d
INFO  [main] 2022-02-07 22:08:47,826 FileUtils.java:1057 - Moving /tmp/dtest-4jd3e82j/test/node3/data2/system/paxos-b7b7f0c2fd0a34108c053ef614bb7c2d/backups to /tmp/dtest-4jd3e82j/test/node3/data0/system/paxos-b7b7f0c2fd0a34108c053ef614bb7c2d/backups
INFO  [main] 2022-02-07 22:08:47,826 FileUtils.java:1096 - Deleting directory /tmp/dtest-4jd3e82j/test/node3/data2/system/paxos-b7b7f0c2fd0a34108c053ef614bb7c2d/backups
INFO  [main] 2022-02-07 22:08:47,826 FileUtils.java:1096 - Deleting directory /tmp/dtest-4jd3e82j/test/node3/data2/system/paxos-b7b7f0c2fd0a34108c053ef614bb7c2d
INFO  [main] 2022-02-07 22:08:47,827 FileUtils.java:1057 - Moving /tmp/dtest-4jd3e82j/test/node3/data2/system/batches-919a4bc57a333573b03e13fc3f68b465 to /tmp/dtest-4jd3e82j/test/node3/data0/system/batches-919a4bc57a333573b03e13fc3f68b465
INFO  [main] 2022-02-07 22:08:47,827 FileUtils.java:1057 - Moving /tmp/dtest-4jd3e82j/test/node3/data2/system/batches-919a4bc57a333573b03e13fc3f68b465/backups to /tmp/dtest-4jd3e82j/test/node3/data0/system/batches-919a4bc57a333573b03e13fc3f68b465/backups
INFO  [main] 2022-02-07 22:08:47,828 FileUtils.java:1096 - Deleting directory /tmp/dtest-4jd3e82j/test/node3/data2/system/batches-919a4bc57a333573b03e13fc3f68b465/backups
INFO  [main] 2022-02-07 22:08:47,828 FileUtils.java:1096 - Deleting directory /tmp/dtest-4jd3e82j/test/node3/data2/system/batches-919a4bc57a333573b03e13fc3f68b465
INFO  [main] 2022-02-07 22:08:47,828 FileUtils.java:1057 - Moving /tmp/dtest-4jd3e82j/test/node3/data2/system/prepared_statements-18a9c2576a0c3841ba718cd529849fef to /tmp/dtest-4jd3e82j/test/node3/data0/system/prepared_statements-18a9c2576a0c3841ba718cd529849fef
INFO  [main] 2022-02-07 22:08:47,829 FileUtils.java:1057 - Moving /tmp/dtest-4jd3e82j/test/node3/data2/system/prepared_statements-18a9c2576a0c3841ba718cd529849fef/backups to /tmp/dtest-4jd3e82j/test/node3/data0/system/prepared_statements-18a9c2576a0c3841ba718cd529849fef/backups
INFO  [main] 2022-02-07 22:08:47,829 FileUtils.java:1096 - Deleting directory /tmp/dtest-4jd3e82j/test/node3/data2/system/prepared_statements-18a9c2576a0c3841ba718cd529849fef/backups
INFO  [main] 2022-02-07 22:08:47,829 FileUtils.java:1096 - Deleting directory /tmp/dtest-4jd3e82j/test/node3/data2/system/prepared_statements-18a9c2576a0c3841ba718cd529849fef
INFO  [main] 2022-02-07 22:08:47,829 FileUtils.java:1057 - Moving /tmp/dtest-4jd3e82j/test/node3/data2/system/repairs-a3d277d1cfaf36f5a2a738d5eea9ad6a to /tmp/dtest-4jd3e82j/test/node3/data0/system/repairs-a3d277d1cfaf36f5a2a738d5eea9ad6a
INFO  [main] 2022-02-07 22:08:47,830 FileUtils.java:1057 - Moving /tmp/dtest-4jd3e82j/test/node3/data2/system/repairs-a3d277d1cfaf36f5a2a738d5eea9ad6a/backups to /tmp/dtest-4jd3e82j/test/node3/data0/system/repairs-a3d277d1cfaf36f5a2a738d5eea9ad6a/backups
INFO  [main] 2022-02-07 22:08:47,830 FileUtils.java:1096 - Deleting directory /tmp/dtest-4jd3e82j/test/node3/data2/system/repairs-a3d277d1cfaf36f5a2a738d5eea9ad6a/backups
INFO  [main] 2022-02-07 22:08:47,830 FileUtils.java:1096 - Deleting directory /tmp/dtest-4jd3e82j/test/node3/data2/system/repairs-a3d277d1cfaf36f5a2a738d5eea9ad6a
INFO  [main] 2022-02-07 22:08:47,831 FileUtils.java:1057 - Moving /tmp/dtest-4jd3e82j/test/node3/data2/system/compaction_history-b4dbb7b4dc493fb5b3bfce6e434832ca to /tmp/dtest-4jd3e82j/test/node3/data0/system/compaction_history-b4dbb7b4dc493fb5b3bfce6e434832ca
INFO  [main] 2022-02-07 22:08:47,831 FileUtils.java:1057 - Moving /tmp/dtest-4jd3e82j/test/node3/data2/system/compaction_history-b4dbb7b4dc493fb5b3bfce6e434832ca/backups to /tmp/dtest-4jd3e82j/test/node3/data0/system/compaction_history-b4dbb7b4dc493fb5b3bfce6e434832ca/backups
INFO  [main] 2022-02-07 22:08:47,831 FileUtils.java:1096 - Deleting directory /tmp/dtest-4jd3e82j/test/node3/data2/system/compaction_history-b4dbb7b4dc493fb5b3bfce6e434832ca/backups
INFO  [main] 2022-02-07 22:08:47,831 FileUtils.java:1096 - Deleting directory /tmp/dtest-4jd3e82j/test/node3/data2/system/compaction_history-b4dbb7b4dc493fb5b3bfce6e434832ca
INFO  [main] 2022-02-07 22:08:47,859 JMXServerUtils.java:271 - Configured JMX server at: service:jmx:rmi://127.0.0.1/jndi/rmi://127.0.0.1:7103/jmxrmi
INFO  [main] 2022-02-07 22:08:47,865 CassandraDaemon.java:628 - Hostname: fcf827a90b29:7003:7001
INFO  [main] 2022-02-07 22:08:47,865 CassandraDaemon.java:635 - JVM vendor/version: OpenJDK 64-Bit Server VM/1.8.0_312
INFO  [main] 2022-02-07 22:08:47,866 CassandraDaemon.java:636 - Heap size: 495.000MiB/495.000MiB
INFO  [main] 2022-02-07 22:08:47,866 CassandraDaemon.java:641 - Code Cache Non-heap memory: init = 2555904(2496K) used = 9043264(8831K) committed = 9109504(8896K) max = 251658240(245760K)
INFO  [main] 2022-02-07 22:08:47,867 CassandraDaemon.java:641 - Metaspace Non-heap memory: init = 0(0K) used = 27778184(27127K) committed = 28401664(27736K) max = -1(-1K)
INFO  [main] 2022-02-07 22:08:47,867 CassandraDaemon.java:641 - Compressed Class Space Non-heap memory: init = 0(0K) used = 3174336(3099K) committed = 3403776(3324K) max = 1073741824(1048576K)
INFO  [main] 2022-02-07 22:08:47,867 CassandraDaemon.java:641 - Par Eden Space Heap memory: init = 41943040(40960K) used = 41943040(40960K) committed = 41943040(40960K) max = 41943040(40960K)
INFO  [main] 2022-02-07 22:08:47,867 CassandraDaemon.java:641 - Par Survivor Space Heap memory: init = 5242880(5120K) used = 5242880(5120K) committed = 5242880(5120K) max = 5242880(5120K)
INFO  [main] 2022-02-07 22:08:47,867 CassandraDaemon.java:641 - CMS Old Gen Heap memory: init = 471859200(460800K) used = 7567008(7389K) committed = 471859200(460800K) max = 471859200(460800K)
INFO  [main] 2022-02-07 22:08:47,867 CassandraDaemon.java:643 - Classpath: /tmp/dtest-4jd3e82j/test/node3/conf:/root/cassandra/build/apache-cassandra-4.0.2-SNAPSHOT.jar:/root/cassandra/lib/HdrHistogram-2.1.9.jar:/root/cassandra/lib/ST4-4.0.8.jar:/root/cassandra/lib/airline-0.8.jar:/root/cassandra/lib/antlr-runtime-3.5.2.jar:/root/cassandra/lib/asm-7.1.jar:/root/cassandra/lib/caffeine-2.5.6.jar:/root/cassandra/lib/cassandra-driver-core-3.11.0-shaded.jar:/root/cassandra/lib/chronicle-bytes-2.20.111.jar:/root/cassandra/lib/chronicle-core-2.20.126.jar:/root/cassandra/lib/chronicle-queue-5.20.123.jar:/root/cassandra/lib/chronicle-threads-2.20.111.jar:/root/cassandra/lib/chronicle-wire-2.20.117.jar:/root/cassandra/lib/commons-cli-1.1.jar:/root/cassandra/lib/commons-codec-1.9.jar:/root/cassandra/lib/commons-lang3-3.11.jar:/root/cassandra/lib/commons-math3-3.2.jar:/root/cassandra/lib/concurrent-trees-2.4.0.jar:/root/cassandra/lib/ecj-4.6.1.jar:/root/cassandra/lib/guava-27.0-jre.jar:/root/cassandra/lib/high-scale-lib-1.0.6.jar:/root/cassandra/lib/hppc-0.8.1.jar:/root/cassandra/lib/j2objc-annotations-1.3.jar:/root/cassandra/lib/jackson-annotations-2.12.5.jar:/root/cassandra/lib/jackson-core-2.12.5.jar:/root/cassandra/lib/jackson-databind-2.12.5.jar:/root/cassandra/lib/jamm-0.3.2.jar:/root/cassandra/lib/java-cup-runtime-11b-20160615.jar:/root/cassandra/lib/javax.inject-1.jar:/root/cassandra/lib/jbcrypt-0.4.jar:/root/cassandra/lib/jcl-over-slf4j-1.7.25.jar:/root/cassandra/lib/jcommander-1.30.jar:/root/cassandra/lib/jctools-core-3.1.0.jar:/root/cassandra/lib/jflex-1.8.2.jar:/root/cassandra/lib/jna-5.6.0.jar:/root/cassandra/lib/json-simple-1.1.jar:/root/cassandra/lib/jvm-attach-api-1.5.jar:/root/cassandra/lib/log4j-over-slf4j-1.7.25.jar:/root/cassandra/lib/logback-classic-1.2.3.jar:/root/cassandra/lib/logback-core-1.2.3.jar:/root/cassandra/lib/lz4-java-1.8.0.jar:/root/cassandra/lib/metrics-core-3.1.5.jar:/root/cassandra/lib/metrics-jvm-3.1.5.jar:/root/cassandra/lib/metrics-logback-3.1.5.jar:/root/cassandra/lib/mxdump-0.14.jar:/root/cassandra/lib/netty-all-4.1.58.Final.jar:/root/cassandra/lib/netty-tcnative-boringssl-static-2.0.36.Final.jar:/root/cassandra/lib/ohc-core-0.5.1.jar:/root/cassandra/lib/ohc-core-j8-0.5.1.jar:/root/cassandra/lib/psjava-0.1.19.jar:/root/cassandra/lib/reporter-config-base-3.0.3.jar:/root/cassandra/lib/reporter-config3-3.0.3.jar:/root/cassandra/lib/sigar-1.6.4.jar:/root/cassandra/lib/sjk-cli-0.14.jar:/root/cassandra/lib/sjk-core-0.14.jar:/root/cassandra/lib/sjk-json-0.14.jar:/root/cassandra/lib/sjk-stacktrace-0.14.jar:/root/cassandra/lib/slf4j-api-1.7.25.jar:/root/cassandra/lib/snakeyaml-1.26.jar:/root/cassandra/lib/snappy-java-1.1.2.6.jar:/root/cassandra/lib/snowball-stemmer-1.3.0.581.1.jar:/root/cassandra/lib/stream-2.5.2.jar:/root/cassandra/lib/zstd-jni-1.5.0-4.jar:/root/cassandra/lib/jsr223/*/*.jar::/root/cassandra/lib/jamm-0.3.2.jar
INFO  [main] 2022-02-07 22:08:47,868 CassandraDaemon.java:645 - JVM Arguments: [-ea, -da:net.openhft..., -XX:+UseThreadPriorities, -XX:+HeapDumpOnOutOfMemoryError, -Xss256k, -XX:+AlwaysPreTouch, -XX:-UseBiasedLocking, -XX:+UseTLAB, -XX:+ResizeTLAB, -XX:+UseNUMA, -XX:+PerfDisableSharedMem, -Djava.net.preferIPv4Stack=true, -agentlib:jdwp=transport=dt_socket,server=y,suspend=n,address=2003, -XX:ThreadPriorityPolicy=42, -XX:+UseParNewGC, -XX:+UseConcMarkSweepGC, -XX:+CMSParallelRemarkEnabled, -XX:SurvivorRatio=8, -XX:MaxTenuringThreshold=1, -XX:CMSInitiatingOccupancyFraction=75, -XX:+UseCMSInitiatingOccupancyOnly, -XX:CMSWaitDuration=10000, -XX:+CMSParallelInitialMarkEnabled, -XX:+CMSEdenChunksRecordAlways, -XX:+CMSClassUnloadingEnabled, -XX:+PrintGCDetails, -XX:+PrintGCDateStamps, -XX:+PrintHeapAtGC, -XX:+PrintTenuringDistribution, -XX:+PrintGCApplicationStoppedTime, -XX:+PrintPromotionFailure, -XX:+UseGCLogFileRotation, -XX:NumberOfGCLogFiles=10, -XX:GCLogFileSize=10M, -Xloggc:/tmp/dtest-4jd3e82j/test/node3/logs/gc.log, -Xms500M, -Xmx500M, -Xmn50M, -XX:+UseCondCardMark, -XX:CompileCommandFile=/tmp/dtest-4jd3e82j/test/node3/conf/hotspot_compiler, -javaagent:/root/cassandra/lib/jamm-0.3.2.jar, -Dcassandra.jmx.local.port=7103, -Dcom.sun.management.jmxremote.authenticate=false, -Dcom.sun.management.jmxremote.password.file=/etc/cassandra/jmxremote.password, -Djava.library.path=/root/cassandra/lib/sigar-bin, -Dcassandra.migration_task_wait_in_seconds=8, -Dcassandra.libjemalloc=/usr/lib/x86_64-linux-gnu/libjemalloc.so.1, -XX:OnOutOfMemoryError=kill -9 %p, -Dlogback.configurationFile=logback.xml, -Dcassandra.logdir=/root/cassandra/logs, -Dcassandra.storagedir=/root/cassandra/data, -Dcassandra-pidfile=/tmp/dtest-4jd3e82j/test/node3/cassandra.pid, -Dcassandra.join_ring=True, -Dcassandra.logdir=/tmp/dtest-4jd3e82j/test/node3/logs, -Dcassandra.boot_without_jna=true]
WARN  [main] 2022-02-07 22:08:47,930 NativeLibrary.java:201 - Unable to lock JVM memory (ENOMEM). This can result in part of the JVM being swapped out, especially with mmapped I/O enabled. Increase RLIMIT_MEMLOCK.
INFO  [main] 2022-02-07 22:08:47,989 MonotonicClock.java:202 - Scheduling approximate time conversion task with an interval of 10000 milliseconds
INFO  [main] 2022-02-07 22:08:47,991 MonotonicClock.java:338 - Scheduling approximate time-check task with a precision of 2 milliseconds
INFO  [main] 2022-02-07 22:08:47,992 StartupChecks.java:147 - jemalloc seems to be preloaded from /usr/lib/x86_64-linux-gnu/libjemalloc.so.1
WARN  [main] 2022-02-07 22:08:47,992 StartupChecks.java:187 - JMX is not enabled to receive remote connections. Please see cassandra-env.sh for more info.
INFO  [main] 2022-02-07 22:08:47,994 SigarLibrary.java:44 - Initializing SIGAR library
WARN  [main] 2022-02-07 22:08:48,012 SigarLibrary.java:174 - Cassandra server running in degraded mode. Is swap disabled? : false,  Address space adequate? : true,  nofile limit adequate? : true, nproc limit adequate? : true 
WARN  [main] 2022-02-07 22:08:48,013 StartupChecks.java:329 - Maximum number of memory map areas per process (vm.max_map_count) 65530 is too low, recommended value: 1048575, you can change it with sysctl.
INFO  [main] 2022-02-07 22:08:48,253 Keyspace.java:386 - Creating replication strategy system params KeyspaceParams{durable_writes=true, replication=ReplicationParams{class=org.apache.cassandra.locator.LocalStrategy}}
INFO  [main] 2022-02-07 22:08:48,298 ColumnFamilyStore.java:385 - Initializing system.IndexInfo
INFO  [main] 2022-02-07 22:08:49,232 ColumnFamilyStore.java:385 - Initializing system.batches
INFO  [main] 2022-02-07 22:08:49,242 ColumnFamilyStore.java:385 - Initializing system.paxos
INFO  [main] 2022-02-07 22:08:49,255 ColumnFamilyStore.java:385 - Initializing system.local
INFO  [SSTableBatchOpen:1] 2022-02-07 22:08:49,311 BufferPools.java:49 - Global buffer pool limit is 123.000MiB for chunk-cache and 30.000MiB for networking
INFO  [SSTableBatchOpen:1] 2022-02-07 22:08:49,334 SSTableReaderBuilder.java:351 - Opening /tmp/dtest-4jd3e82j/test/node3/data0/system/local-7ad54392bcdd35a684174e047860b377/nb-6-big (0.315KiB)
INFO  [main] 2022-02-07 22:08:49,363 CacheService.java:103 - Initializing key cache with capacity of 24 MBs.
INFO  [main] 2022-02-07 22:08:49,591 CacheService.java:125 - Initializing row cache with capacity of 0 MBs
INFO  [main] 2022-02-07 22:08:49,594 CacheService.java:154 - Initializing counter cache with capacity of 12 MBs
INFO  [main] 2022-02-07 22:08:49,595 CacheService.java:165 - Scheduling counter cache save to every 7200 seconds (going to save all keys).
INFO  [main] 2022-02-07 22:08:49,650 ColumnFamilyStore.java:385 - Initializing system.peers_v2
INFO  [SSTableBatchOpen:1] 2022-02-07 22:08:49,655 SSTableReaderBuilder.java:351 - Opening /tmp/dtest-4jd3e82j/test/node3/data0/system/peers_v2-c4325fbb8e5e3bafbd070f9250ed818e/nb-1-big (0.297KiB)
INFO  [main] 2022-02-07 22:08:49,683 ColumnFamilyStore.java:385 - Initializing system.peers
INFO  [SSTableBatchOpen:1] 2022-02-07 22:08:49,687 SSTableReaderBuilder.java:351 - Opening /tmp/dtest-4jd3e82j/test/node3/data0/system/peers-37f71aca7dc2383ba70672528af04d4f/nb-1-big (0.271KiB)
INFO  [main] 2022-02-07 22:08:49,698 ColumnFamilyStore.java:385 - Initializing system.peer_events_v2
INFO  [main] 2022-02-07 22:08:49,704 ColumnFamilyStore.java:385 - Initializing system.peer_events
INFO  [main] 2022-02-07 22:08:49,711 ColumnFamilyStore.java:385 - Initializing system.compaction_history
INFO  [SSTableBatchOpen:1] 2022-02-07 22:08:49,716 SSTableReaderBuilder.java:351 - Opening /tmp/dtest-4jd3e82j/test/node3/data0/system/compaction_history-b4dbb7b4dc493fb5b3bfce6e434832ca/nb-1-big (0.097KiB)
INFO  [main] 2022-02-07 22:08:49,726 ColumnFamilyStore.java:385 - Initializing system.sstable_activity
INFO  [SSTableBatchOpen:1] 2022-02-07 22:08:49,730 SSTableReaderBuilder.java:351 - Opening /tmp/dtest-4jd3e82j/test/node3/data0/system/sstable_activity-5a1ff267ace03f128563cfae6103c65e/nb-1-big (0.090KiB)
INFO  [main] 2022-02-07 22:08:49,738 ColumnFamilyStore.java:385 - Initializing system.size_estimates
INFO  [main] 2022-02-07 22:08:49,745 ColumnFamilyStore.java:385 - Initializing system.table_estimates
INFO  [main] 2022-02-07 22:08:49,751 ColumnFamilyStore.java:385 - Initializing system.available_ranges_v2
INFO  [main] 2022-02-07 22:08:49,757 ColumnFamilyStore.java:385 - Initializing system.available_ranges
INFO  [main] 2022-02-07 22:08:49,763 ColumnFamilyStore.java:385 - Initializing system.transferred_ranges_v2
INFO  [main] 2022-02-07 22:08:49,769 ColumnFamilyStore.java:385 - Initializing system.transferred_ranges
INFO  [main] 2022-02-07 22:08:49,775 ColumnFamilyStore.java:385 - Initializing system.view_builds_in_progress
INFO  [main] 2022-02-07 22:08:49,781 ColumnFamilyStore.java:385 - Initializing system.built_views
INFO  [main] 2022-02-07 22:08:49,787 ColumnFamilyStore.java:385 - Initializing system.prepared_statements
INFO  [main] 2022-02-07 22:08:49,794 ColumnFamilyStore.java:385 - Initializing system.repairs
INFO  [main] 2022-02-07 22:08:49,810 QueryProcessor.java:120 - Initialized prepared statement caches with 10 MB
INFO  [main] 2022-02-07 22:08:50,030 Keyspace.java:386 - Creating replication strategy system_schema params KeyspaceParams{durable_writes=true, replication=ReplicationParams{class=org.apache.cassandra.locator.LocalStrategy}}
INFO  [main] 2022-02-07 22:08:50,033 ColumnFamilyStore.java:385 - Initializing system_schema.keyspaces
INFO  [SSTableBatchOpen:1] 2022-02-07 22:08:50,039 SSTableReaderBuilder.java:351 - Opening /tmp/dtest-4jd3e82j/test/node3/data0/system_schema/keyspaces-abac5682dea631c5b535b3d6cffd0fb6/nb-1-big (0.242KiB)
INFO  [main] 2022-02-07 22:08:50,047 ColumnFamilyStore.java:385 - Initializing system_schema.tables
INFO  [SSTableBatchOpen:1] 2022-02-07 22:08:50,053 SSTableReaderBuilder.java:351 - Opening /tmp/dtest-4jd3e82j/test/node3/data0/system_schema/tables-afddfb9dbc1e30688056eed6c302ba09/nb-1-big (3.243KiB)
INFO  [main] 2022-02-07 22:08:50,062 ColumnFamilyStore.java:385 - Initializing system_schema.columns
INFO  [SSTableBatchOpen:1] 2022-02-07 22:08:50,066 SSTableReaderBuilder.java:351 - Opening /tmp/dtest-4jd3e82j/test/node3/data0/system_schema/columns-24101c25a2ae3af787c1b40ee1aca33f/nb-1-big (6.773KiB)
INFO  [main] 2022-02-07 22:08:50,077 ColumnFamilyStore.java:385 - Initializing system_schema.triggers
INFO  [SSTableBatchOpen:1] 2022-02-07 22:08:50,081 SSTableReaderBuilder.java:351 - Opening /tmp/dtest-4jd3e82j/test/node3/data0/system_schema/triggers-4df70b666b05325195a132b54005fd48/nb-1-big (0.050KiB)
INFO  [main] 2022-02-07 22:08:50,089 ColumnFamilyStore.java:385 - Initializing system_schema.dropped_columns
INFO  [SSTableBatchOpen:1] 2022-02-07 22:08:50,092 SSTableReaderBuilder.java:351 - Opening /tmp/dtest-4jd3e82j/test/node3/data0/system_schema/dropped_columns-5e7583b5f3f43af19a39b7e1d6f5f11f/nb-1-big (0.096KiB)
INFO  [main] 2022-02-07 22:08:50,100 ColumnFamilyStore.java:385 - Initializing system_schema.views
INFO  [SSTableBatchOpen:1] 2022-02-07 22:08:50,102 SSTableReaderBuilder.java:351 - Opening /tmp/dtest-4jd3e82j/test/node3/data0/system_schema/views-9786ac1cdd583201a7cdad556410c985/nb-1-big (0.050KiB)
INFO  [main] 2022-02-07 22:08:50,110 ColumnFamilyStore.java:385 - Initializing system_schema.types
INFO  [SSTableBatchOpen:1] 2022-02-07 22:08:50,113 SSTableReaderBuilder.java:351 - Opening /tmp/dtest-4jd3e82j/test/node3/data0/system_schema/types-5a8b1ca866023f77a0459273d308917a/nb-1-big (0.050KiB)
INFO  [main] 2022-02-07 22:08:50,120 ColumnFamilyStore.java:385 - Initializing system_schema.functions
INFO  [SSTableBatchOpen:1] 2022-02-07 22:08:50,123 SSTableReaderBuilder.java:351 - Opening /tmp/dtest-4jd3e82j/test/node3/data0/system_schema/functions-96489b7980be3e14a70166a0b9159450/nb-1-big (0.050KiB)
INFO  [main] 2022-02-07 22:08:50,130 ColumnFamilyStore.java:385 - Initializing system_schema.aggregates
INFO  [SSTableBatchOpen:1] 2022-02-07 22:08:50,133 SSTableReaderBuilder.java:351 - Opening /tmp/dtest-4jd3e82j/test/node3/data0/system_schema/aggregates-924c55872e3a345bb10c12f37c1ba895/nb-1-big (0.050KiB)
INFO  [main] 2022-02-07 22:08:50,141 ColumnFamilyStore.java:385 - Initializing system_schema.indexes
INFO  [SSTableBatchOpen:1] 2022-02-07 22:08:50,143 SSTableReaderBuilder.java:351 - Opening /tmp/dtest-4jd3e82j/test/node3/data0/system_schema/indexes-0feb57ac311f382fba6d9024d305702f/nb-1-big (0.050KiB)
INFO  [main] 2022-02-07 22:08:50,207 SystemKeyspaceMigrator40.java:129 - system.peer_events_v2 table was empty, migrating legacy system.peer_events to system.peer_events_v2
INFO  [main] 2022-02-07 22:08:50,219 SystemKeyspaceMigrator40.java:152 - Migrated 0 rows from legacy system.peer_events to system.peer_events_v2
INFO  [main] 2022-02-07 22:08:50,219 SystemKeyspaceMigrator40.java:162 - system.transferred_ranges_v2 table was empty, migrating legacy system.transferred_ranges to system.transferred_ranges_v2
INFO  [main] 2022-02-07 22:08:50,221 SystemKeyspaceMigrator40.java:190 - Migrated 0 rows from legacy system.transferred_ranges to system.transferred_ranges_v2
INFO  [main] 2022-02-07 22:08:50,221 SystemKeyspaceMigrator40.java:200 - system.available_ranges_v2 table was empty, migrating legacy system.available_ranges to system.available_ranges_v2
INFO  [main] 2022-02-07 22:08:50,222 SystemKeyspaceMigrator40.java:226 - Migrated 0 rows from legacy system.available_ranges to system.available_ranges_v2
INFO  [main] 2022-02-07 22:08:50,222 StorageService.java:844 - Populating token metadata from system tables
WARN  [main] 2022-02-07 22:08:50,222 StorageService.java:845 - [msx] Populating token metadata from system tables
INFO  [main] 2022-02-07 22:08:50,257 StorageService.java:838 - Token metadata: Normal Tokens:
/127.0.0.3:7003:[1613037143385530944]
/127.0.0.4:7004:[-1487110678760860066]

INFO  [main] 2022-02-07 22:08:50,488 Keyspace.java:386 - Creating replication strategy system_auth params KeyspaceParams{durable_writes=true, replication=ReplicationParams{class=org.apache.cassandra.locator.SimpleStrategy, replication_factor=1}}
INFO  [main] 2022-02-07 22:08:50,491 ColumnFamilyStore.java:385 - Initializing system_auth.network_permissions
INFO  [main] 2022-02-07 22:08:50,504 ColumnFamilyStore.java:385 - Initializing system_auth.resource_role_permissons_index
INFO  [main] 2022-02-07 22:08:50,512 ColumnFamilyStore.java:385 - Initializing system_auth.role_members
INFO  [main] 2022-02-07 22:08:50,519 ColumnFamilyStore.java:385 - Initializing system_auth.role_permissions
INFO  [main] 2022-02-07 22:08:50,525 ColumnFamilyStore.java:385 - Initializing system_auth.roles
INFO  [main] 2022-02-07 22:08:50,531 Keyspace.java:386 - Creating replication strategy system_distributed params KeyspaceParams{durable_writes=true, replication=ReplicationParams{class=org.apache.cassandra.locator.SimpleStrategy, replication_factor=3}}
INFO  [main] 2022-02-07 22:08:50,533 ColumnFamilyStore.java:385 - Initializing system_distributed.parent_repair_history
INFO  [main] 2022-02-07 22:08:50,541 ColumnFamilyStore.java:385 - Initializing system_distributed.repair_history
INFO  [main] 2022-02-07 22:08:50,547 ColumnFamilyStore.java:385 - Initializing system_distributed.view_build_status
INFO  [main] 2022-02-07 22:08:50,552 Keyspace.java:386 - Creating replication strategy system_traces params KeyspaceParams{durable_writes=true, replication=ReplicationParams{class=org.apache.cassandra.locator.SimpleStrategy, replication_factor=2}}
INFO  [main] 2022-02-07 22:08:50,554 ColumnFamilyStore.java:385 - Initializing system_traces.events
INFO  [main] 2022-02-07 22:08:50,560 ColumnFamilyStore.java:385 - Initializing system_traces.sessions
INFO  [pool-3-thread-1] 2022-02-07 22:08:50,576 AutoSavingCache.java:177 - Completed loading (10 ms; 10 keys) KeyCache cache
INFO  [main] 2022-02-07 22:08:50,592 CommitLog.java:173 - Replaying /tmp/dtest-4jd3e82j/test/node3/commitlogs/CommitLog-7-1644271627815.log
INFO  [main] 2022-02-07 22:08:50,618 CommitLogReader.java:256 - Finished reading /tmp/dtest-4jd3e82j/test/node3/commitlogs/CommitLog-7-1644271627815.log
INFO  [main] 2022-02-07 22:08:50,621 CommitLog.java:175 - Log replay complete, 0 replayed mutations
INFO  [main] 2022-02-07 22:08:50,621 StorageService.java:844 - Populating token metadata from system tables
WARN  [main] 2022-02-07 22:08:50,621 StorageService.java:845 - [msx] Populating token metadata from system tables
INFO  [main] 2022-02-07 22:08:50,626 StorageService.java:838 - Token metadata: Normal Tokens:
/127.0.0.3:7003:[1613037143385530944]
/127.0.0.4:7004:[-1487110678760860066]

INFO  [main] 2022-02-07 22:08:50,738 ColumnFamilyStore.java:2252 - Truncating system.size_estimates
INFO  [main] 2022-02-07 22:08:50,771 ColumnFamilyStore.java:2289 - Truncating system.size_estimates with truncatedAt=1644271730749
INFO  [main] 2022-02-07 22:08:50,781 ColumnFamilyStore.java:878 - Enqueuing flush of local: 2.169KiB (0%) on-heap, 0.000KiB (0%) off-heap
INFO  [PerDiskMemtableFlushWriter_0:1] 2022-02-07 22:08:50,870 Memtable.java:469 - Writing Memtable-local@148950096(0.419KiB serialized bytes, 3 ops, 0%/0% of on/off-heap limit), flushed range = (min(-9223372036854775808), max(9223372036854775807)]
INFO  [PerDiskMemtableFlushWriter_0:1] 2022-02-07 22:08:50,875 Memtable.java:498 - Completed flushing /tmp/dtest-4jd3e82j/test/node3/data0/system/local-7ad54392bcdd35a684174e047860b377/nb-7-big-Data.db (0.214KiB) for commitlog position CommitLogPosition(segmentId=1644271727980, position=31189)
INFO  [MemtableFlushWriter:1] 2022-02-07 22:08:51,144 LogTransaction.java:240 - Unfinished transaction log, deleting /tmp/dtest-4jd3e82j/test/node3/data0/system/local-7ad54392bcdd35a684174e047860b377/nb_txn_flush_87c80d10-8862-11ec-ab00-f55ef966f7cd.log 
INFO  [main] 2022-02-07 22:08:51,190 ColumnFamilyStore.java:2316 - Truncate of system.size_estimates is complete
INFO  [main] 2022-02-07 22:08:51,190 ColumnFamilyStore.java:2252 - Truncating system.table_estimates
INFO  [main] 2022-02-07 22:08:51,192 ColumnFamilyStore.java:2289 - Truncating system.table_estimates with truncatedAt=1644271731192
INFO  [main] 2022-02-07 22:08:51,194 ColumnFamilyStore.java:878 - Enqueuing flush of local: 0.575KiB (0%) on-heap, 0.000KiB (0%) off-heap
INFO  [PerDiskMemtableFlushWriter_0:1] 2022-02-07 22:08:51,312 Memtable.java:469 - Writing Memtable-local@1495434361(0.091KiB serialized bytes, 1 ops, 0%/0% of on/off-heap limit), flushed range = (min(-9223372036854775808), max(9223372036854775807)]
INFO  [PerDiskMemtableFlushWriter_0:1] 2022-02-07 22:08:51,320 Memtable.java:498 - Completed flushing /tmp/dtest-4jd3e82j/test/node3/data0/system/local-7ad54392bcdd35a684174e047860b377/nb-8-big-Data.db (0.063KiB) for commitlog position CommitLogPosition(segmentId=1644271727980, position=31300)
INFO  [MemtableFlushWriter:1] 2022-02-07 22:08:51,644 LogTransaction.java:240 - Unfinished transaction log, deleting /tmp/dtest-4jd3e82j/test/node3/data0/system/local-7ad54392bcdd35a684174e047860b377/nb_txn_flush_880675a0-8862-11ec-ab00-f55ef966f7cd.log 
INFO  [main] 2022-02-07 22:08:51,658 ColumnFamilyStore.java:2316 - Truncate of system.table_estimates is complete
INFO  [main] 2022-02-07 22:08:51,666 QueryProcessor.java:164 - Preloaded 0 prepared statements
WARN  [main] 2022-02-07 22:08:51,666 StorageService.java:730 - [msx] initServer(): componentType = CassandraDaemon, componentId = 6
INFO  [main] 2022-02-07 22:08:51,667 StorageService.java:736 - Cassandra version: 4.0.2-SNAPSHOT
INFO  [main] 2022-02-07 22:08:51,667 StorageService.java:737 - CQL version: 3.4.5
INFO  [main] 2022-02-07 22:08:51,668 StorageService.java:738 - Native protocol supported versions: 3/v3, 4/v4, 5/v5, 6/v6-beta (default: 5/v5)
INFO  [main] 2022-02-07 22:08:51,703 IndexSummaryManager.java:84 - Initializing index summary manager with a memory pool size of 24 MB and a resize interval of 60 minutes
WARN  [main] 2022-02-07 22:08:51,705 StorageService.java:755 - [msx] Loading persisted ring state
INFO  [main] 2022-02-07 22:08:51,705 StorageService.java:756 - Loading persisted ring state
INFO  [main] 2022-02-07 22:08:51,705 StorageService.java:844 - Populating token metadata from system tables
WARN  [main] 2022-02-07 22:08:51,705 StorageService.java:845 - [msx] Populating token metadata from system tables
INFO  [GossipStage:1] 2022-02-07 22:08:51,725 Gossiper.java:1969 - Adding /127.0.0.4:7004 as there was no previous epState; new state is EndpointState: HeartBeatState = HeartBeat: generation = 0, version = -1, AppStateMap = {}
INFO  [main] 2022-02-07 22:08:51,899 InboundConnectionInitiator.java:127 - Listening on address: (/127.0.0.3:7003), nic: null, encryption: unencrypted
INFO  [Messaging-EventLoop-3-3] 2022-02-07 22:08:52,203 OutboundConnection.java:1150 - /127.0.0.3:7003(/127.0.0.1:51870)->/127.0.0.1:7001-URGENT_MESSAGES-9474e8c6 successfully connected, version = 12, framing = LZ4, encryption = unencrypted
INFO  [Messaging-EventLoop-3-4] 2022-02-07 22:08:52,305 InboundConnectionInitiator.java:464 - /127.0.0.1:7001(/127.0.0.1:40794)->/127.0.0.3:7003-URGENT_MESSAGES-a9e1cb87 messaging connection established, version = 12, framing = CRC, encryption = unencrypted
INFO  [ScheduledTasks:1] 2022-02-07 22:08:52,329 TokenMetadata.java:525 - Updating topology for all endpoints that have changed
INFO  [main] 2022-02-07 22:08:53,103 StorageService.java:968 - Starting up server gossip
INFO  [main] 2022-02-07 22:08:53,108 ColumnFamilyStore.java:878 - Enqueuing flush of local: 0.458KiB (0%) on-heap, 0.000KiB (0%) off-heap
INFO  [PerDiskMemtableFlushWriter_0:1] 2022-02-07 22:08:53,161 Memtable.java:469 - Writing Memtable-local@388166235(0.048KiB serialized bytes, 1 ops, 0%/0% of on/off-heap limit), flushed range = (min(-9223372036854775808), max(9223372036854775807)]
INFO  [PerDiskMemtableFlushWriter_0:1] 2022-02-07 22:08:53,162 Memtable.java:498 - Completed flushing /tmp/dtest-4jd3e82j/test/node3/data0/system/local-7ad54392bcdd35a684174e047860b377/nb-9-big-Data.db (0.028KiB) for commitlog position CommitLogPosition(segmentId=1644271727980, position=31381)
INFO  [MemtableFlushWriter:1] 2022-02-07 22:08:53,341 LogTransaction.java:240 - Unfinished transaction log, deleting /tmp/dtest-4jd3e82j/test/node3/data0/system/local-7ad54392bcdd35a684174e047860b377/nb_txn_flush_892ad160-8862-11ec-ab00-f55ef966f7cd.log 
INFO  [main] 2022-02-07 22:08:53,373 TokenMetadata.java:505 - Updating topology for /127.0.0.3:7003
INFO  [main] 2022-02-07 22:08:53,374 TokenMetadata.java:505 - Updating topology for /127.0.0.3:7003
WARN  [main] 2022-02-07 22:08:53,402 StorageService.java:802 - [msx] componentType = CassandraDaemon, componentId = 6
WARN  [main] 2022-02-07 22:08:53,402 StorageService.java:803 - [msx] joinRing = true
WARN  [main] 2022-02-07 22:08:53,419 StorageService.java:1072 - [msx] shouldBootstrap is false
WARN  [main] 2022-02-07 22:08:53,421 StorageService.java:1081 - [msx] bootstrapTokens is not Empty
WARN  [main] 2022-02-07 22:08:53,421 StorageService.java:1082 - [msx] bootstrapTokens.size = 1, DatabaseDescriptor.getNumTokens = 1
INFO  [main] 2022-02-07 22:08:53,421 StorageService.java:1086 - Using saved tokens [1613037143385530944]
INFO  [main] 2022-02-07 22:08:53,434 StorageService.java:1648 - JOINING: Finish joining ring
WARN  [main] 2022-02-07 22:08:53,439 StorageService.java:306 - [msx] SystemKeyspace.updateTokens 1
INFO  [main] 2022-02-07 22:08:53,443 StorageService.java:2802 - Node /127.0.0.3:7003 state jump to NORMAL
WARN  [main] 2022-02-07 22:08:53,444 StorageService.java:2751 - [msx] SystemKeyspace.updateTokens 4
INFO  [main] 2022-02-07 22:08:53,447 StorageService.java:2802 - Node /127.0.0.3:7003 state jump to NORMAL
WARN  [main] 2022-02-07 22:08:53,448 StorageService.java:2751 - [msx] SystemKeyspace.updateTokens 4
INFO  [main] 2022-02-07 22:08:53,448 Gossiper.java:2214 - Waiting for gossip to settle...
INFO  [Messaging-EventLoop-3-7] 2022-02-07 22:08:54,395 NoSpamLogger.java:92 - /127.0.0.3:7003->/127.0.0.4:7004-URGENT_MESSAGES-[no-channel] failed to connect
io.netty.channel.AbstractChannel$AnnotatedConnectException: finishConnect(..) failed: Connection refused: /127.0.0.4:7004
Caused by: java.net.ConnectException: finishConnect(..) failed: Connection refused
	at io.netty.channel.unix.Errors.throwConnectException(Errors.java:124)
	at io.netty.channel.unix.Socket.finishConnect(Socket.java:251)
	at io.netty.channel.epoll.AbstractEpollChannel$AbstractEpollUnsafe.doFinishConnect(AbstractEpollChannel.java:673)
	at io.netty.channel.epoll.AbstractEpollChannel$AbstractEpollUnsafe.finishConnect(AbstractEpollChannel.java:650)
	at io.netty.channel.epoll.AbstractEpollChannel$AbstractEpollUnsafe.epollOutReady(AbstractEpollChannel.java:530)
	at io.netty.channel.epoll.EpollEventLoop.processReady(EpollEventLoop.java:470)
	at io.netty.channel.epoll.EpollEventLoop.run(EpollEventLoop.java:378)
	at io.netty.util.concurrent.SingleThreadEventExecutor$4.run(SingleThreadEventExecutor.java:989)
	at io.netty.util.internal.ThreadExecutorMap$2.run(ThreadExecutorMap.java:74)
	at io.netty.util.concurrent.FastThreadLocalRunnable.run(FastThreadLocalRunnable.java:30)
	at java.lang.Thread.run(Thread.java:748)
INFO  [GossipStage:1] 2022-02-07 22:08:54,812 Gossiper.java:1364 - Node /127.0.0.1:7001 is now part of the cluster
WARN  [GossipStage:1] 2022-02-07 22:08:54,833 StorageService.java:2751 - [msx] SystemKeyspace.updateTokens 4
INFO  [GossipStage:1] 2022-02-07 22:08:54,834 TokenMetadata.java:505 - Updating topology for /127.0.0.1:7001
INFO  [GossipStage:1] 2022-02-07 22:08:54,836 TokenMetadata.java:505 - Updating topology for /127.0.0.1:7001
INFO  [GossipStage:1] 2022-02-07 22:08:54,842 Gossiper.java:1312 - InetAddress /127.0.0.1:7001 is now UP
WARN  [GossipTasks:1] 2022-02-07 22:08:55,389 FailureDetector.java:319 - Not marking nodes down due to local pause of 5778969680ns > 5000000000ns
INFO  [Messaging-EventLoop-3-8] 2022-02-07 22:09:00,916 InboundConnectionInitiator.java:464 - /127.0.0.1:7001(/127.0.0.1:40808)->/127.0.0.3:7003-SMALL_MESSAGES-bf7c3fb2 messaging connection established, version = 12, framing = CRC, encryption = unencrypted
INFO  [Messaging-EventLoop-3-1] 2022-02-07 22:09:00,949 OutboundConnection.java:1150 - /127.0.0.3:7003(/127.0.0.1:51888)->/127.0.0.1:7001-SMALL_MESSAGES-f40dbf5a successfully connected, version = 12, framing = LZ4, encryption = unencrypted
INFO  [main] 2022-02-07 22:09:01,449 Gossiper.java:2245 - No gossip backlog; proceeding
